1696: 01:19:31.853 - ---
1696: 01:19:31.853 - Service: "Photon Socket Server" starting
1696: 01:19:31.854 - Config File: C:\Santiago\Repo\QuizServer\ExitGames-Photon-Server-SDK_v3-0-15-2544-RC7\deploy\bin_Win32\PhotonServer.config
1696: 01:19:31.855 - Will produce at most: 10 crash dumps
1696: 01:19:31.856 - Server Starting...
1696: 01:19:31.856 -    Tick count: 20576906 (wraps in: 49.4721 days)
1696: 01:19:31.856 - Tick count 64: 20576906
1696: 01:19:31.856 - Photon Version: 3.0.9.841
1696: 01:19:31.857 - Config File: C:\Santiago\Repo\QuizServer\ExitGames-Photon-Server-SDK_v3-0-15-2544-RC7\deploy\bin_Win32\PhotonServer.config
1696: 01:19:31.860 - Not using performance counters as they are not currently installed. Run the service with /InstallCounters to install them.
1696: 01:19:31.948 - About to load runtime: PhotonHostRuntime.PhotonDomainManager from PhotonHostRuntime, Culture=neutral, PublicKeyToken=02C301B61B060C4D
1696: 01:19:31.950 - About to load CLR - versions available:
1696: 01:19:31.950 - v2.0.50727
1696: 01:19:31.950 - v4.0.30319
1696: 01:19:31.950 - No preference in configuration file, will load latest.
1696: 01:19:31.950 - About to load version: "v4.0.30319"
1696: 01:19:31.953 - Loaded version: "v4.0.30319"
1696: 01:19:32.826 - Photon host runtime loaded
1696: 01:19:32.885 - License is valid.
1696: 01:19:32.885 - Licensed for 100 concurrent connections.
1696: 01:19:32.885 - Max Reliable Data In Transit (awaiting ACKs) per peer : 16384 bytes
1696: 01:19:32.885 - Per peer bandwidth limit
1696: 01:19:32.885 - Transmit Rate Limit: 128 KB/Sec
1696: 01:19:32.885 - Limit period: 250ms
1696: 01:19:32.885 - Limit per period: 32768 bytes
1696: 01:19:32.885 - Max queued data for transmission per peer: 65536 bytes
1696: 01:19:32.885 - Minimum retransmit timeout: 200
1696: 01:19:32.885 - Minimum ENet timeout: 5000ms
1696: 01:19:32.885 - Maximum ENet timeout: 30000ms
1696: 01:19:32.892 - ENetHost: Using Timer Wheel
1696: 01:19:32.892 - About to load application: QuizLite from QuizLite
1696: 01:19:32.892 - Auto restart is enabled for application
1696: 01:19:32.892 - Application will restart 10000ms after the last change detected
1696: 01:19:32.892 - Application will restart if files matching the following are changed: "dll;config"
1696: 01:19:32.892 - Application will NOT restart if files matching the following are changed: "log4net.config"
1696: 01:19:34.233 - Application: "QuizLite" started in app domain: 2
1696: 01:19:34.233 - About to load application: LiteWebSockets from Lite
1696: 01:19:34.727 - Application: "LiteWebSockets" started in app domain: 3
1696: 01:19:34.727 - About to load application: CounterPublisher from CounterPublisher
1696: 01:19:34.727 - Auto restart is enabled for application
1696: 01:19:34.727 - Application will restart 10000ms after the last change detected
1696: 01:19:34.727 - Application will restart if files matching the following are changed: "dll;config"
1696: 01:19:34.727 - Application will NOT restart if files matching the following are changed: "log4net.config"
1696: 01:19:35.414 - Application: "CounterPublisher" started in app domain: 4
1696: 01:19:35.414 - About to load application: Policy from Policy.Application
1696: 01:19:35.827 - Application: "Policy" started in app domain: 5
1696: 01:19:35.827 - Adding TCP listener on :0.0.0.0: 4530 with a listen backlog of: 150
1696: 01:19:35.827 - Nagle disabled
1696: 01:19:35.827 - TCP inactivity timeout: 5000ms
1696: 01:19:35.839 - UDP address specified as:0.0.0.0 adding listener to each available IPv4 address
1696: 01:19:35.840 - Adding UDP listener on :192.168.1.2: 5055 with a listen backlog of: 500
1696: 01:19:35.840 - Adding UDP listener on :127.0.0.1: 5055 with a listen backlog of: 500
1696: 01:19:35.840 - Adding TCP Policy listener on :0.0.0.0: 843 with a listen backlog of: 150 and routing to application: "Policy"
1696: 01:19:35.840 - TCP inactivity timeout: 5000ms
1696: 01:19:35.840 - Adding TCP Policy listener on :0.0.0.0: 943 with a listen backlog of: 150 and routing to application: "Policy"
1696: 01:19:35.840 - TCP inactivity timeout: 5000ms
1696: 01:19:35.840 - Adding WebSocket TCP listener on :0.0.0.0: 9090 with a listen backlog of: 150
1696: 01:19:35.840 - Nagle disabled
1696: 01:19:35.840 - TCP inactivity timeout: 100000ms
1696: 01:19:35.840 - Forcing all applications ids to: "LiteWebSockets"
1696: 01:19:45.303 - Service is running...
4816: 02:22:50.275 - CTCPSocketServer::ReadCompleted - Exception - CTCPSocketServer::CreateXMLPeer() - This endpoint is not configured to accept policy requests
2168: 11:11:32.246 - ---
2168: 11:11:32.246 - Service: "Photon Socket Server" starting
2168: 11:11:32.246 - Config File: C:\Santiago\Repo\QuizServer\ExitGames-Photon-Server-SDK_v3-0-15-2544-RC7\deploy\bin_Win32\PhotonServer.config
2168: 11:11:32.250 - Will produce at most: 10 crash dumps
2168: 11:11:32.250 - Server Starting...
2168: 11:11:32.250 -    Tick count: 1249302 (wraps in: 49.6958 days)
2168: 11:11:32.250 - Tick count 64: 1249302
2168: 11:11:32.250 - Photon Version: 3.0.9.841
2168: 11:11:32.250 - Config File: C:\Santiago\Repo\QuizServer\ExitGames-Photon-Server-SDK_v3-0-15-2544-RC7\deploy\bin_Win32\PhotonServer.config
2168: 11:11:32.252 - Not using performance counters as they are not currently installed. Run the service with /InstallCounters to install them.
2168: 11:11:32.276 - About to load runtime: PhotonHostRuntime.PhotonDomainManager from PhotonHostRuntime, Culture=neutral, PublicKeyToken=02C301B61B060C4D
2168: 11:11:32.277 - About to load CLR - versions available:
2168: 11:11:32.277 - v2.0.50727
2168: 11:11:32.277 - v4.0.30319
2168: 11:11:32.277 - No preference in configuration file, will load latest.
2168: 11:11:32.277 - About to load version: "v4.0.30319"
2168: 11:11:32.282 - Loaded version: "v4.0.30319"
2168: 11:11:33.034 - Photon host runtime loaded
2168: 11:11:33.045 - License is valid.
2168: 11:11:33.045 - Licensed for 100 concurrent connections.
2168: 11:11:33.045 - Max Reliable Data In Transit (awaiting ACKs) per peer : 16384 bytes
2168: 11:11:33.045 - Per peer bandwidth limit
2168: 11:11:33.045 - Transmit Rate Limit: 128 KB/Sec
2168: 11:11:33.045 - Limit period: 250ms
2168: 11:11:33.045 - Limit per period: 32768 bytes
2168: 11:11:33.045 - Max queued data for transmission per peer: 65536 bytes
2168: 11:11:33.045 - Minimum retransmit timeout: 200
2168: 11:11:33.045 - Minimum ENet timeout: 5000ms
2168: 11:11:33.045 - Maximum ENet timeout: 30000ms
2168: 11:11:33.046 - ENetHost: Using Timer Wheel
2168: 11:11:33.046 - About to load application: QuizLite from QuizLite
2168: 11:11:33.046 - Auto restart is enabled for application
2168: 11:11:33.046 - Application will restart 10000ms after the last change detected
2168: 11:11:33.046 - Application will restart if files matching the following are changed: "dll;config"
2168: 11:11:33.046 - Application will NOT restart if files matching the following are changed: "log4net.config"
2168: 11:11:33.755 - Application: "QuizLite" started in app domain: 2
2168: 11:11:33.755 - About to load application: LiteWebSockets from Lite
2168: 11:11:34.193 - Application: "LiteWebSockets" started in app domain: 3
2168: 11:11:34.193 - About to load application: CounterPublisher from CounterPublisher
2168: 11:11:34.193 - Auto restart is enabled for application
2168: 11:11:34.193 - Application will restart 10000ms after the last change detected
2168: 11:11:34.193 - Application will restart if files matching the following are changed: "dll;config"
2168: 11:11:34.193 - Application will NOT restart if files matching the following are changed: "log4net.config"
2168: 11:11:34.647 - Application: "CounterPublisher" started in app domain: 4
2168: 11:11:34.647 - About to load application: Policy from Policy.Application
2168: 11:11:35.113 - Application: "Policy" started in app domain: 5
2168: 11:11:35.113 - Adding TCP listener on :0.0.0.0: 4530 with a listen backlog of: 150
2168: 11:11:35.113 - Nagle disabled
2168: 11:11:35.113 - TCP inactivity timeout: 5000ms
2168: 11:11:35.113 - UDP address specified as:0.0.0.0 adding listener to each available IPv4 address
2168: 11:11:35.114 - Adding UDP listener on :192.168.1.105: 5055 with a listen backlog of: 500
2168: 11:11:35.114 - Adding UDP listener on :127.0.0.1: 5055 with a listen backlog of: 500
2168: 11:11:35.114 - Adding TCP Policy listener on :0.0.0.0: 843 with a listen backlog of: 150 and routing to application: "Policy"
2168: 11:11:35.114 - TCP inactivity timeout: 5000ms
2168: 11:11:35.114 - Adding TCP Policy listener on :0.0.0.0: 943 with a listen backlog of: 150 and routing to application: "Policy"
2168: 11:11:35.114 - TCP inactivity timeout: 5000ms
2168: 11:11:35.115 - Adding WebSocket TCP listener on :0.0.0.0: 9090 with a listen backlog of: 150
2168: 11:11:35.115 - Nagle disabled
2168: 11:11:35.115 - TCP inactivity timeout: 100000ms
2168: 11:11:35.115 - Forcing all applications ids to: "LiteWebSockets"
2168: 11:11:43.726 - Service is running...
5964: 13:40:40.334 - Restarting application: "QuizLite" due to file changes
5964: 13:40:40.334 - Application: "QuizLite" restart request
5964: 13:40:40.962 - Application: "QuizLite" started in app domain: 6
5964: 13:40:41.086 - Application: "QuizLite" stopped in app domain: 2
5964: 13:40:41.086 - Application: "QuizLite" restart complete.
6576: 13:40:41.102 - CManagedHost::OnDomainUnload() - 2
5964: 16:30:06.271 - Restarting application: "QuizLite" due to file changes
5964: 16:30:06.287 - Application: "QuizLite" restart request
5964: 16:30:07.752 - Application: "QuizLite" started in app domain: 7
5964: 16:30:08.039 - Application: "QuizLite" stopped in app domain: 6
5964: 16:30:08.039 - Application: "QuizLite" restart complete.
6576: 16:30:08.072 - CManagedHost::OnDomainUnload() - 6
5964: 16:30:42.431 - Restarting application: "QuizLite" due to file changes
5964: 16:30:42.431 - Application: "QuizLite" restart request
5964: 16:30:44.624 - Application: "QuizLite" started in app domain: 8
5964: 16:30:44.918 - Application: "QuizLite" stopped in app domain: 7
5964: 16:30:44.918 - Application: "QuizLite" restart complete.
6576: 16:32:18.780 - CManagedHost::OnDomainUnload() - 7
5964: 16:41:50.469 - Restarting application: "QuizLite" due to file changes
5964: 16:41:50.469 - Application: "QuizLite" restart request
5964: 16:41:51.203 - Application: "QuizLite" started in app domain: 9
5964: 16:41:51.341 - Application: "QuizLite" stopped in app domain: 8
5964: 16:41:51.341 - Application: "QuizLite" restart complete.
5964: 16:42:20.419 - Restarting application: "QuizLite" due to file changes
5964: 16:42:20.419 - Application: "QuizLite" restart request
5964: 16:42:20.886 - Application: "QuizLite" started in app domain: 10
5964: 16:42:21.006 - Application: "QuizLite" stopped in app domain: 9
5964: 16:42:21.006 - Application: "QuizLite" restart complete.
6576: 16:42:21.010 - CManagedHost::OnDomainUnload() - 9
6576: 17:08:03.961 - CManagedHost::OnDomainUnload() - 8
5964: 17:37:45.769 - Restarting application: "QuizLite" due to file changes
5964: 17:37:45.769 - Application: "QuizLite" restart request
5964: 17:37:46.304 - Application: "QuizLite" started in app domain: 11
5964: 17:37:46.472 - Application: "QuizLite" stopped in app domain: 10
5964: 17:37:46.472 - Application: "QuizLite" restart complete.
6576: 17:37:46.476 - CManagedHost::OnDomainUnload() - 10
5964: 17:50:08.351 - Restarting application: "QuizLite" due to file changes
5964: 17:50:08.351 - Application: "QuizLite" restart request
5964: 17:50:08.840 - Application: "QuizLite" started in app domain: 12
5964: 17:50:08.939 - Application: "QuizLite" stopped in app domain: 11
5964: 17:50:08.939 - Application: "QuizLite" restart complete.
5964: 19:00:48.740 - Restarting application: "QuizLite" due to file changes
5964: 19:00:48.740 - Application: "QuizLite" restart request
5964: 19:00:49.603 - Failed to restart application: CManagedHost::StartApplication() - Failed to start application in AppDomain: 13 - No se puede cargar el archivo o ensamblado 'QuizLite' ni una de sus dependencias. El sistema no puede encontrar el archivo especificado.
6576: 19:00:49.608 - CManagedHost::OnDomainUnload() - 13
5964: 19:01:09.563 - Restarting application: "QuizLite" due to file changes
5964: 19:01:09.563 - Application: "QuizLite" restart request
5964: 19:01:10.091 - Application: "QuizLite" started in app domain: 14
5964: 19:01:10.315 - Application: "QuizLite" stopped in app domain: 12
5964: 19:01:10.315 - Application: "QuizLite" restart complete.
6576: 19:01:10.319 - CManagedHost::OnDomainUnload() - 12
6576: 19:11:52.375 - CManagedHost::OnDomainUnload() - 11
