4956: 19:35:55.706 - ---
4956: 19:35:55.706 - Service: "Photon Socket Server" starting
4956: 19:35:55.707 - Config File: C:\Santiago\Repo\QuizServer\ExitGames-Photon-Server-SDK_v3-0-15-2544-RC7\deploy\bin_Win32\PhotonServer.config
4956: 19:35:55.708 - Will produce at most: 10 crash dumps
4956: 19:35:55.708 - Server Starting...
4956: 19:35:55.708 -    Tick count: 38019768 (wraps in: 49.2702 days)
4956: 19:35:55.708 - Tick count 64: 38019768
4956: 19:35:55.709 - Photon Version: 3.0.9.841
4956: 19:35:55.709 - Config File: C:\Santiago\Repo\QuizServer\ExitGames-Photon-Server-SDK_v3-0-15-2544-RC7\deploy\bin_Win32\PhotonServer.config
4956: 19:35:55.710 - Not using performance counters as they are not currently installed. Run the service with /InstallCounters to install them.
4956: 19:35:55.723 - About to load runtime: PhotonHostRuntime.PhotonDomainManager from PhotonHostRuntime, Culture=neutral, PublicKeyToken=02C301B61B060C4D
4956: 19:35:55.723 - About to load CLR - versions available:
4956: 19:35:55.723 - v2.0.50727
4956: 19:35:55.723 - v4.0.30319
4956: 19:35:55.723 - No preference in configuration file, will load latest.
4956: 19:35:55.723 - About to load version: "v4.0.30319"
4956: 19:35:55.725 - Loaded version: "v4.0.30319"
4956: 19:35:56.322 - Photon host runtime loaded
4956: 19:35:56.331 - License is valid.
4956: 19:35:56.331 - Licensed for 100 concurrent connections.
4956: 19:35:56.331 - Max Reliable Data In Transit (awaiting ACKs) per peer : 16384 bytes
4956: 19:35:56.331 - Per peer bandwidth limit
4956: 19:35:56.331 - Transmit Rate Limit: 128 KB/Sec
4956: 19:35:56.331 - Limit period: 250ms
4956: 19:35:56.331 - Limit per period: 32768 bytes
4956: 19:35:56.331 - Max queued data for transmission per peer: 65536 bytes
4956: 19:35:56.331 - Minimum retransmit timeout: 200
4956: 19:35:56.331 - Minimum ENet timeout: 5000ms
4956: 19:35:56.331 - Maximum ENet timeout: 30000ms
4956: 19:35:56.331 - ENetHost: Using Timer Wheel
4956: 19:35:56.332 - About to load application: QuizLite from QuizLite
4956: 19:35:56.332 - Auto restart is enabled for application
4956: 19:35:56.332 - Application will restart 10000ms after the last change detected
4956: 19:35:56.332 - Application will restart if files matching the following are changed: "dll;config"
4956: 19:35:56.332 - Application will NOT restart if files matching the following are changed: "log4net.config"
4956: 19:35:57.477 - Application: "QuizLite" started in app domain: 2
4956: 19:35:57.477 - About to load application: LiteWebSockets from Lite
4956: 19:35:58.172 - Application: "LiteWebSockets" started in app domain: 3
4956: 19:35:58.172 - About to load application: CounterPublisher from CounterPublisher
4956: 19:35:58.172 - Auto restart is enabled for application
4956: 19:35:58.172 - Application will restart 10000ms after the last change detected
4956: 19:35:58.172 - Application will restart if files matching the following are changed: "dll;config"
4956: 19:35:58.172 - Application will NOT restart if files matching the following are changed: "log4net.config"
4956: 19:35:59.013 - Application: "CounterPublisher" started in app domain: 4
4956: 19:35:59.013 - About to load application: Policy from Policy.Application
4956: 19:35:59.446 - Application: "Policy" started in app domain: 5
4956: 19:35:59.461 - Adding TCP listener on :0.0.0.0: 4530 with a listen backlog of: 150
4956: 19:35:59.461 - Nagle disabled
4956: 19:35:59.461 - TCP inactivity timeout: 5000ms
4956: 19:35:59.488 - UDP address specified as:0.0.0.0 adding listener to each available IPv4 address
4956: 19:35:59.489 - Adding UDP listener on :192.168.1.2: 5055 with a listen backlog of: 500
4956: 19:35:59.496 - Adding UDP listener on :127.0.0.1: 5055 with a listen backlog of: 500
4956: 19:35:59.496 - Adding TCP Policy listener on :0.0.0.0: 843 with a listen backlog of: 150 and routing to application: "Policy"
4956: 19:35:59.496 - TCP inactivity timeout: 5000ms
4956: 19:35:59.496 - Adding TCP Policy listener on :0.0.0.0: 943 with a listen backlog of: 150 and routing to application: "Policy"
4956: 19:35:59.496 - TCP inactivity timeout: 5000ms
4956: 19:35:59.497 - Adding WebSocket TCP listener on :0.0.0.0: 9090 with a listen backlog of: 150
4956: 19:35:59.497 - Nagle disabled
4956: 19:35:59.497 - TCP inactivity timeout: 100000ms
4956: 19:35:59.497 - Forcing all applications ids to: "LiteWebSockets"
4956: 19:36:08.139 - Service is running...
8552: 19:48:11.689 - Restarting application: "QuizLite" due to file changes
8552: 19:48:11.689 - Application: "QuizLite" restart request
8552: 19:48:12.612 - Application: "QuizLite" started in app domain: 6
8552: 19:48:12.805 - Application: "QuizLite" stopped in app domain: 2
8552: 19:48:12.806 - Application: "QuizLite" restart complete.
8784: 19:50:17.100 - CManagedHost::OnDomainUnload() - 2
8552: 20:18:49.572 - Restarting application: "QuizLite" due to file changes
8552: 20:18:49.572 - Application: "QuizLite" restart request
8552: 20:18:50.731 - Failed to restart application: CManagedHost::StartApplication() - Failed to start application in AppDomain: 7 - No se puede cargar el archivo o ensamblado 'QuizLite' ni una de sus dependencias. El sistema no puede encontrar el archivo especificado.
8784: 20:18:50.735 - CManagedHost::OnDomainUnload() - 7
8652: 20:21:29.611 - ---
8652: 20:21:29.611 - Service: "Photon Socket Server" starting
8652: 20:21:29.611 - Config File: C:\Santiago\Repo\QuizServer\ExitGames-Photon-Server-SDK_v3-0-15-2544-RC7\deploy\bin_Win32\PhotonServer.config
8652: 20:21:29.613 - Will produce at most: 10 crash dumps
8652: 20:21:29.613 - Server Starting...
8652: 20:21:29.613 -    Tick count: 40753669 (wraps in: 49.2386 days)
8652: 20:21:29.613 - Tick count 64: 40753669
8652: 20:21:29.613 - Photon Version: 3.0.9.841
8652: 20:21:29.613 - Config File: C:\Santiago\Repo\QuizServer\ExitGames-Photon-Server-SDK_v3-0-15-2544-RC7\deploy\bin_Win32\PhotonServer.config
8652: 20:21:29.615 - Not using performance counters as they are not currently installed. Run the service with /InstallCounters to install them.
8652: 20:21:29.628 - About to load runtime: PhotonHostRuntime.PhotonDomainManager from PhotonHostRuntime, Culture=neutral, PublicKeyToken=02C301B61B060C4D
8652: 20:21:29.628 - About to load CLR - versions available:
8652: 20:21:29.628 - v2.0.50727
8652: 20:21:29.628 - v4.0.30319
8652: 20:21:29.628 - No preference in configuration file, will load latest.
8652: 20:21:29.628 - About to load version: "v4.0.30319"
8652: 20:21:29.631 - Loaded version: "v4.0.30319"
8652: 20:21:30.239 - Photon host runtime loaded
8652: 20:21:30.250 - License is valid.
8652: 20:21:30.250 - Licensed for 100 concurrent connections.
8652: 20:21:30.250 - Max Reliable Data In Transit (awaiting ACKs) per peer : 16384 bytes
8652: 20:21:30.250 - Per peer bandwidth limit
8652: 20:21:30.250 - Transmit Rate Limit: 128 KB/Sec
8652: 20:21:30.250 - Limit period: 250ms
8652: 20:21:30.250 - Limit per period: 32768 bytes
8652: 20:21:30.250 - Max queued data for transmission per peer: 65536 bytes
8652: 20:21:30.250 - Minimum retransmit timeout: 200
8652: 20:21:30.250 - Minimum ENet timeout: 5000ms
8652: 20:21:30.250 - Maximum ENet timeout: 30000ms
8652: 20:21:30.250 - ENetHost: Using Timer Wheel
8652: 20:21:30.250 - About to load application: QuizLite from QuizLite
8652: 20:21:30.250 - Auto restart is enabled for application
8652: 20:21:30.250 - Application will restart 10000ms after the last change detected
8652: 20:21:30.250 - Application will restart if files matching the following are changed: "dll;config"
8652: 20:21:30.250 - Application will NOT restart if files matching the following are changed: "log4net.config"
8652: 20:21:31.098 - Application: "QuizLite" started in app domain: 2
8652: 20:21:31.098 - About to load application: LiteWebSockets from Lite
8652: 20:21:31.504 - Application: "LiteWebSockets" started in app domain: 3
8652: 20:21:31.505 - About to load application: CounterPublisher from CounterPublisher
8652: 20:21:31.505 - Auto restart is enabled for application
8652: 20:21:31.505 - Application will restart 10000ms after the last change detected
8652: 20:21:31.505 - Application will restart if files matching the following are changed: "dll;config"
8652: 20:21:31.505 - Application will NOT restart if files matching the following are changed: "log4net.config"
8652: 20:21:31.917 - Application: "CounterPublisher" started in app domain: 4
8652: 20:21:31.917 - About to load application: Policy from Policy.Application
8652: 20:21:32.313 - Application: "Policy" started in app domain: 5
8652: 20:21:32.313 - Adding TCP listener on :0.0.0.0: 4530 with a listen backlog of: 150
8652: 20:21:32.313 - Nagle disabled
8652: 20:21:32.313 - TCP inactivity timeout: 5000ms
8652: 20:21:32.313 - UDP address specified as:0.0.0.0 adding listener to each available IPv4 address
8652: 20:21:32.314 - Adding UDP listener on :192.168.1.2: 5055 with a listen backlog of: 500
8652: 20:21:32.314 - Adding UDP listener on :127.0.0.1: 5055 with a listen backlog of: 500
8652: 20:21:32.314 - Adding TCP Policy listener on :0.0.0.0: 843 with a listen backlog of: 150 and routing to application: "Policy"
8652: 20:21:32.314 - TCP inactivity timeout: 5000ms
8652: 20:21:32.314 - Adding TCP Policy listener on :0.0.0.0: 943 with a listen backlog of: 150 and routing to application: "Policy"
8652: 20:21:32.314 - TCP inactivity timeout: 5000ms
8652: 20:21:32.314 - Adding WebSocket TCP listener on :0.0.0.0: 9090 with a listen backlog of: 150
8652: 20:21:32.314 - Nagle disabled
8652: 20:21:32.314 - TCP inactivity timeout: 100000ms
8652: 20:21:32.314 - Forcing all applications ids to: "LiteWebSockets"
8652: 20:21:38.133 - Service is running...
8352: 20:21:52.770 - Restarting application: "QuizLite" due to file changes
8352: 20:21:52.770 - Application: "QuizLite" restart request
8352: 20:21:53.230 - Application: "QuizLite" started in app domain: 6
8352: 20:21:53.347 - Application: "QuizLite" stopped in app domain: 2
8352: 20:21:53.347 - Application: "QuizLite" restart complete.
8532: 20:21:53.351 - CManagedHost::OnDomainUnload() - 2
8352: 20:23:49.737 - Restarting application: "QuizLite" due to file changes
8352: 20:23:49.737 - Application: "QuizLite" restart request
8352: 20:23:50.308 - Application: "QuizLite" started in app domain: 7
8352: 20:23:50.485 - Application: "QuizLite" stopped in app domain: 6
8352: 20:23:50.485 - Application: "QuizLite" restart complete.
8352: 20:31:45.875 - Restarting application: "QuizLite" due to file changes
8352: 20:31:45.875 - Application: "QuizLite" restart request
8352: 20:31:46.410 - Application: "QuizLite" started in app domain: 8
8352: 20:31:46.525 - Application: "QuizLite" stopped in app domain: 7
8352: 20:31:46.525 - Application: "QuizLite" restart complete.
8532: 20:31:46.530 - CManagedHost::OnDomainUnload() - 7
8352: 20:32:39.508 - Restarting application: "QuizLite" due to file changes
8352: 20:32:39.508 - Application: "QuizLite" restart request
8352: 20:32:39.934 - Application: "QuizLite" started in app domain: 9
8352: 20:32:40.051 - Application: "QuizLite" stopped in app domain: 8
8352: 20:32:40.051 - Application: "QuizLite" restart complete.
8532: 20:32:40.055 - CManagedHost::OnDomainUnload() - 8
8352: 20:32:51.921 - Restarting application: "QuizLite" due to file changes
8352: 20:32:51.921 - Application: "QuizLite" restart request
8352: 20:32:52.344 - Application: "QuizLite" started in app domain: 10
8352: 20:32:52.550 - Application: "QuizLite" stopped in app domain: 9
8352: 20:32:52.550 - Application: "QuizLite" restart complete.
8532: 20:32:52.554 - CManagedHost::OnDomainUnload() - 9
8532: 20:33:12.402 - CManagedHost::OnDomainUnload() - 6
8352: 20:42:40.384 - Restarting application: "QuizLite" due to file changes
8352: 20:42:40.384 - Application: "QuizLite" restart request
8352: 20:42:41.127 - Application: "QuizLite" started in app domain: 11
8352: 20:42:41.302 - Application: "QuizLite" stopped in app domain: 10
8352: 20:42:41.302 - Application: "QuizLite" restart complete.
8352: 20:44:41.401 - Restarting application: "QuizLite" due to file changes
8352: 20:44:41.401 - Application: "QuizLite" restart request
8352: 20:44:41.824 - Application: "QuizLite" started in app domain: 12
8352: 20:44:41.939 - Application: "QuizLite" stopped in app domain: 11
8352: 20:44:41.939 - Application: "QuizLite" restart complete.
