7608: 13:04:03.048 - ---
7608: 13:04:03.048 - Service: "Photon Socket Server" starting
7608: 13:04:03.049 - Config File: C:\Santiago\Repo\QuizServer\ExitGames-Photon-Server-SDK_v3-0-15-2544-RC7\deploy\bin_Win32\PhotonServer.config
7608: 13:04:03.054 - Will produce at most: 10 crash dumps
7608: 13:04:03.055 - Server Starting...
7608: 13:04:03.056 -    Tick count: 6039110 (wraps in: 49.6404 days)
7608: 13:04:03.056 - Tick count 64: 6039110
7608: 13:04:03.056 - Photon Version: 3.0.9.841
7608: 13:04:03.057 - Config File: C:\Santiago\Repo\QuizServer\ExitGames-Photon-Server-SDK_v3-0-15-2544-RC7\deploy\bin_Win32\PhotonServer.config
7608: 13:04:03.064 - Not using performance counters as they are not currently installed. Run the service with /InstallCounters to install them.
7608: 13:04:03.344 - About to load runtime: PhotonHostRuntime.PhotonDomainManager from PhotonHostRuntime, Culture=neutral, PublicKeyToken=02C301B61B060C4D
7608: 13:04:03.365 - About to load CLR - versions available:
7608: 13:04:03.365 - v2.0.50727
7608: 13:04:03.365 - v4.0.30319
7608: 13:04:03.365 - No preference in configuration file, will load latest.
7608: 13:04:03.365 - About to load version: "v4.0.30319"
7608: 13:04:03.371 - Loaded version: "v4.0.30319"
7608: 13:04:05.316 - Photon host runtime loaded
7608: 13:04:05.330 - License is valid.
7608: 13:04:05.330 - Licensed for 100 concurrent connections.
7608: 13:04:05.330 - Max Reliable Data In Transit (awaiting ACKs) per peer : 16384 bytes
7608: 13:04:05.330 - Per peer bandwidth limit
7608: 13:04:05.330 - Transmit Rate Limit: 128 KB/Sec
7608: 13:04:05.330 - Limit period: 250ms
7608: 13:04:05.330 - Limit per period: 32768 bytes
7608: 13:04:05.330 - Max queued data for transmission per peer: 65536 bytes
7608: 13:04:05.330 - Minimum retransmit timeout: 200
7608: 13:04:05.330 - Minimum ENet timeout: 5000ms
7608: 13:04:05.330 - Maximum ENet timeout: 30000ms
7608: 13:04:05.344 - ENetHost: Using Timer Wheel
7608: 13:04:05.345 - About to load application: QuizLite from QuizLite
7608: 13:04:05.345 - Auto restart is enabled for application
7608: 13:04:05.345 - Application will restart 10000ms after the last change detected
7608: 13:04:05.345 - Application will restart if files matching the following are changed: "dll;config"
7608: 13:04:05.345 - Application will NOT restart if files matching the following are changed: "log4net.config"
7608: 13:04:07.218 - Application: "QuizLite" started in app domain: 2
7608: 13:04:07.218 - About to load application: LiteWebSockets from Lite
7608: 13:04:08.045 - Application: "LiteWebSockets" started in app domain: 3
7608: 13:04:08.045 - About to load application: CounterPublisher from CounterPublisher
7608: 13:04:08.045 - Auto restart is enabled for application
7608: 13:04:08.045 - Application will restart 10000ms after the last change detected
7608: 13:04:08.045 - Application will restart if files matching the following are changed: "dll;config"
7608: 13:04:08.045 - Application will NOT restart if files matching the following are changed: "log4net.config"
7608: 13:04:08.918 - Application: "CounterPublisher" started in app domain: 4
7608: 13:04:08.919 - About to load application: Policy from Policy.Application
7608: 13:04:09.430 - Application: "Policy" started in app domain: 5
7608: 13:04:09.430 - Adding TCP listener on :0.0.0.0: 4530 with a listen backlog of: 150
7608: 13:04:09.430 - Nagle disabled
7608: 13:04:09.430 - TCP inactivity timeout: 5000ms
7608: 13:04:09.459 - UDP address specified as:0.0.0.0 adding listener to each available IPv4 address
7608: 13:04:09.475 - Adding UDP listener on :192.168.1.13: 5055 with a listen backlog of: 500
7608: 13:04:09.475 - Adding UDP listener on :127.0.0.1: 5055 with a listen backlog of: 500
7608: 13:04:09.475 - Adding TCP Policy listener on :0.0.0.0: 843 with a listen backlog of: 150 and routing to application: "Policy"
7608: 13:04:09.475 - TCP inactivity timeout: 5000ms
7608: 13:04:09.490 - Adding TCP Policy listener on :0.0.0.0: 943 with a listen backlog of: 150 and routing to application: "Policy"
7608: 13:04:09.490 - TCP inactivity timeout: 5000ms
7608: 13:04:09.490 - Adding WebSocket TCP listener on :0.0.0.0: 9090 with a listen backlog of: 150
7608: 13:04:09.511 - Nagle disabled
7608: 13:04:09.511 - TCP inactivity timeout: 100000ms
7608: 13:04:09.511 - Forcing all applications ids to: "LiteWebSockets"
7608: 13:04:21.024 - Service is running...
8144: 13:04:42.705 - Restarting application: "QuizLite" due to file changes
8144: 13:04:42.705 - Application: "QuizLite" restart request
8144: 13:04:43.767 - Application: "QuizLite" started in app domain: 6
8144: 13:04:43.887 - Application: "QuizLite" stopped in app domain: 2
8144: 13:04:43.887 - Application: "QuizLite" restart complete.
8156: 13:04:43.904 - CManagedHost::OnDomainUnload() - 2
8144: 13:18:43.129 - Restarting application: "QuizLite" due to file changes
8144: 13:18:43.129 - Application: "QuizLite" restart request
8144: 13:18:44.147 - Failed to restart application: CManagedHost::StartApplication() - Failed to start application in AppDomain: 7 - No se puede cargar el archivo o ensamblado 'QuizLite' ni una de sus dependencias. El sistema no puede encontrar el archivo especificado.
8156: 13:18:44.160 - CManagedHost::OnDomainUnload() - 7
8144: 13:19:06.294 - Restarting application: "QuizLite" due to file changes
8144: 13:19:06.294 - Application: "QuizLite" restart request
8144: 13:19:06.830 - Application: "QuizLite" started in app domain: 8
8144: 13:19:07.070 - Application: "QuizLite" stopped in app domain: 6
8144: 13:19:07.070 - Application: "QuizLite" restart complete.
8144: 13:20:36.118 - Restarting application: "QuizLite" due to file changes
8144: 13:20:36.118 - Application: "QuizLite" restart request
8144: 13:20:36.923 - Application: "QuizLite" started in app domain: 9
8144: 13:20:37.034 - Application: "QuizLite" stopped in app domain: 8
8144: 13:20:37.034 - Application: "QuizLite" restart complete.
8156: 13:20:37.038 - CManagedHost::OnDomainUnload() - 8
8156: 13:22:09.626 - CManagedHost::OnDomainUnload() - 6
8144: 13:25:24.550 - Restarting application: "QuizLite" due to file changes
8144: 13:25:24.550 - Application: "QuizLite" restart request
8144: 13:25:25.547 - Application: "QuizLite" started in app domain: 10
8144: 13:25:25.657 - Application: "QuizLite" stopped in app domain: 9
8144: 13:25:25.657 - Application: "QuizLite" restart complete.
8156: 13:27:04.055 - CManagedHost::OnDomainUnload() - 9
8144: 13:28:52.062 - Restarting application: "QuizLite" due to file changes
8144: 13:28:52.062 - Application: "QuizLite" restart request
8144: 13:28:52.649 - Failed to restart application: CManagedHost::StartApplication() - Failed to start application in AppDomain: 11 - No se puede cargar el archivo o ensamblado 'QuizLite' ni una de sus dependencias. El sistema no puede encontrar el archivo especificado.
8156: 13:28:52.653 - CManagedHost::OnDomainUnload() - 11
8144: 13:35:22.369 - Restarting application: "QuizLite" due to file changes
8144: 13:35:22.369 - Application: "QuizLite" restart request
8144: 13:35:22.908 - Application: "QuizLite" started in app domain: 12
8144: 13:35:23.019 - Application: "QuizLite" stopped in app domain: 10
8144: 13:35:23.019 - Application: "QuizLite" restart complete.
8144: 13:42:17.861 - Restarting application: "QuizLite" due to file changes
8144: 13:42:17.861 - Application: "QuizLite" restart request
8144: 13:42:18.310 - Failed to restart application: CManagedHost::StartApplication() - Failed to start application in AppDomain: 13 - No se puede cargar el archivo o ensamblado 'QuizLite' ni una de sus dependencias. El sistema no puede encontrar el archivo especificado.
8156: 13:42:18.314 - CManagedHost::OnDomainUnload() - 13
8144: 13:42:44.350 - Restarting application: "QuizLite" due to file changes
8144: 13:42:44.350 - Application: "QuizLite" restart request
8144: 13:42:44.739 - Failed to restart application: CManagedHost::StartApplication() - Failed to start application in AppDomain: 14 - Object "QuizLite.QuizLiteApplication" not found in assembly "QuizLite"
8156: 13:42:44.742 - CManagedHost::OnDomainUnload() - 14
8144: 13:47:13.730 - Restarting application: "QuizLite" due to file changes
8144: 13:47:13.730 - Application: "QuizLite" restart request
8144: 13:47:14.206 - Failed to restart application: CManagedHost::StartApplication() - Failed to start application in AppDomain: 15 - Object "QuizLite.QuizLiteApplication" not found in assembly "QuizLite"
8156: 13:47:14.210 - CManagedHost::OnDomainUnload() - 15
8144: 13:55:53.878 - Restarting application: "QuizLite" due to file changes
8144: 13:55:53.878 - Application: "QuizLite" restart request
8144: 13:55:54.343 - Failed to restart application: CManagedHost::StartApplication() - Failed to start application in AppDomain: 16 - Object "QuizLite.QuizLiteApplication" not found in assembly "QuizLite"
8156: 13:55:54.347 - CManagedHost::OnDomainUnload() - 16
8144: 13:56:17.799 - Restarting application: "QuizLite" due to file changes
8144: 13:56:17.799 - Application: "QuizLite" restart request
8144: 13:56:18.191 - Failed to restart application: CManagedHost::StartApplication() - Failed to start application in AppDomain: 17 - Object "QuizLite.QuizLiteApplication" not found in assembly "QuizLite"
8156: 13:56:18.195 - CManagedHost::OnDomainUnload() - 17
8156: 13:56:32.276 - CManagedHost::OnDomainUnload() - 10
8144: 13:59:10.809 - Restarting application: "QuizLite" due to file changes
8144: 13:59:10.809 - Application: "QuizLite" restart request
8144: 13:59:11.473 - Failed to restart application: CManagedHost::StartApplication() - Failed to start application in AppDomain: 18 - Object "QuizLite.QuizLiteApplication" not found in assembly "QuizLite"
8156: 13:59:11.477 - CManagedHost::OnDomainUnload() - 18
8144: 14:00:50.484 - Restarting application: "QuizLite" due to file changes
8144: 14:00:50.484 - Application: "QuizLite" restart request
8144: 14:00:50.869 - Failed to restart application: CManagedHost::StartApplication() - Failed to start application in AppDomain: 19 - No se puede cargar el archivo o ensamblado 'QuizLite' ni una de sus dependencias. El sistema no puede encontrar el archivo especificado.
8156: 14:00:50.873 - CManagedHost::OnDomainUnload() - 19
8144: 14:01:55.204 - Restarting application: "QuizLite" due to file changes
8144: 14:01:55.204 - Application: "QuizLite" restart request
8144: 14:01:55.597 - Failed to restart application: CManagedHost::StartApplication() - Failed to start application in AppDomain: 20 - Object "QuizLite.QuizLiteApplication" not found in assembly "QuizLite"
8156: 14:01:55.600 - CManagedHost::OnDomainUnload() - 20
8144: 14:23:11.250 - Restarting application: "QuizLite" due to file changes
8144: 14:23:11.250 - Application: "QuizLite" restart request
8144: 14:23:11.873 - Failed to restart application: CManagedHost::StartApplication() - Failed to start application in AppDomain: 21 - Object "QuizLite.QuizLiteApplication" not found in assembly "QuizLite"
8156: 14:23:11.877 - CManagedHost::OnDomainUnload() - 21
8144: 14:30:29.946 - Restarting application: "QuizLite" due to file changes
8144: 14:30:29.946 - Application: "QuizLite" restart request
8144: 14:30:30.577 - Failed to restart application: CManagedHost::StartApplication() - Failed to start application in AppDomain: 22 - Object "QuizLite.QuizLiteApplication" not found in assembly "QuizLite"
8156: 14:30:30.581 - CManagedHost::OnDomainUnload() - 22
8144: 14:34:20.936 - Restarting application: "QuizLite" due to file changes
8144: 14:34:20.936 - Application: "QuizLite" restart request
8144: 14:34:21.386 - Failed to restart application: CManagedHost::StartApplication() - Failed to start application in AppDomain: 23 - Object "QuizLite.QuizLiteApplication" not found in assembly "QuizLite"
8156: 14:34:21.390 - CManagedHost::OnDomainUnload() - 23
8144: 15:30:05.933 - Restarting application: "QuizLite" due to file changes
8144: 15:30:05.933 - Application: "QuizLite" restart request
8144: 15:30:06.644 - Failed to restart application: CManagedHost::StartApplication() - Failed to start application in AppDomain: 24 - Object "QuizLite.QuizLiteApplication" not found in assembly "QuizLite"
8156: 15:30:06.648 - CManagedHost::OnDomainUnload() - 24
8144: 15:37:05.240 - Restarting application: "QuizLite" due to file changes
8144: 15:37:05.240 - Application: "QuizLite" restart request
8144: 15:37:05.737 - Failed to restart application: CManagedHost::StartApplication() - Failed to start application in AppDomain: 25 - No se puede cargar el archivo o ensamblado 'QuizLite' ni una de sus dependencias. El sistema no puede encontrar el archivo especificado.
8156: 15:37:05.741 - CManagedHost::OnDomainUnload() - 25
8144: 15:42:40.064 - Restarting application: "QuizLite" due to file changes
8144: 15:42:40.064 - Application: "QuizLite" restart request
8144: 15:42:40.532 - Failed to restart application: CManagedHost::StartApplication() - Failed to start application in AppDomain: 26 - Object "QuizLite.QuizLiteApplication" not found in assembly "QuizLite"
8156: 15:42:40.536 - CManagedHost::OnDomainUnload() - 26
8144: 15:45:53.131 - Restarting application: "QuizLite" due to file changes
8144: 15:45:53.131 - Application: "QuizLite" restart request
8144: 15:45:53.579 - Failed to restart application: CManagedHost::StartApplication() - Failed to start application in AppDomain: 27 - Object "QuizLite.QuizLiteApplication" not found in assembly "QuizLite"
8156: 15:45:53.582 - CManagedHost::OnDomainUnload() - 27
8144: 15:46:42.052 - Restarting application: "QuizLite" due to file changes
8144: 15:46:42.052 - Application: "QuizLite" restart request
8144: 15:46:42.895 - Failed to restart application: CManagedHost::StartApplication() - Failed to start application in AppDomain: 28 - Object "QuizLite.QuizLiteApplication" not found in assembly "QuizLite"
8156: 15:46:42.899 - CManagedHost::OnDomainUnload() - 28
8144: 15:50:06.911 - Restarting application: "QuizLite" due to file changes
8144: 15:50:06.911 - Application: "QuizLite" restart request
8144: 15:50:07.371 - Failed to restart application: CManagedHost::StartApplication() - Failed to start application in AppDomain: 29 - Object "QuizLite.QuizLiteApplication" not found in assembly "QuizLite"
8156: 15:50:07.375 - CManagedHost::OnDomainUnload() - 29
8144: 15:52:48.528 - Restarting application: "QuizLite" due to file changes
8144: 15:52:48.528 - Application: "QuizLite" restart request
8144: 15:52:48.975 - Failed to restart application: CManagedHost::StartApplication() - Failed to start application in AppDomain: 30 - No se puede cargar el archivo o ensamblado 'QuizLite' ni una de sus dependencias. El sistema no puede encontrar el archivo especificado.
8156: 15:52:48.979 - CManagedHost::OnDomainUnload() - 30
8144: 16:00:08.997 - Restarting application: "QuizLite" due to file changes
8144: 16:00:08.997 - Application: "QuizLite" restart request
8144: 16:00:09.450 - Failed to restart application: CManagedHost::StartApplication() - Failed to start application in AppDomain: 31 - Object "QuizLite.QuizLiteApplication" not found in assembly "QuizLite"
8156: 16:00:09.454 - CManagedHost::OnDomainUnload() - 31
8144: 16:00:26.640 - Restarting application: "QuizLite" due to file changes
8144: 16:00:26.640 - Application: "QuizLite" restart request
8144: 16:00:27.028 - Failed to restart application: CManagedHost::StartApplication() - Failed to start application in AppDomain: 32 - No se puede cargar el archivo o ensamblado 'QuizLite' ni una de sus dependencias. El sistema no puede encontrar el archivo especificado.
8156: 16:00:27.032 - CManagedHost::OnDomainUnload() - 32
8144: 16:01:51.574 - Restarting application: "QuizLite" due to file changes
8144: 16:01:51.574 - Application: "QuizLite" restart request
8144: 16:01:51.968 - Failed to restart application: CManagedHost::StartApplication() - Failed to start application in AppDomain: 33 - Object "QuizLite.QuizLiteApplication" not found in assembly "QuizLite"
8156: 16:01:51.972 - CManagedHost::OnDomainUnload() - 33
8144: 16:04:22.834 - Restarting application: "QuizLite" due to file changes
8144: 16:04:22.834 - Application: "QuizLite" restart request
8144: 16:04:23.299 - Failed to restart application: CManagedHost::StartApplication() - Failed to start application in AppDomain: 34 - Object "QuizLite.QuizLiteApplication" not found in assembly "QuizLite"
8156: 16:04:23.303 - CManagedHost::OnDomainUnload() - 34
8144: 16:05:44.723 - Restarting application: "QuizLite" due to file changes
8144: 16:05:44.723 - Application: "QuizLite" restart request
8144: 16:05:45.119 - Failed to restart application: CManagedHost::StartApplication() - Failed to start application in AppDomain: 35 - Object "QuizLite.QuizLiteApplication" not found in assembly "QuizLite"
8156: 16:05:45.123 - CManagedHost::OnDomainUnload() - 35
8144: 16:07:30.493 - Restarting application: "QuizLite" due to file changes
8144: 16:07:30.493 - Application: "QuizLite" restart request
8144: 16:07:30.891 - Failed to restart application: CManagedHost::StartApplication() - Failed to start application in AppDomain: 36 - Object "QuizLite.QuizLiteApplication" not found in assembly "QuizLite"
8156: 16:07:30.895 - CManagedHost::OnDomainUnload() - 36
8144: 16:08:35.095 - Restarting application: "QuizLite" due to file changes
8144: 16:08:35.095 - Application: "QuizLite" restart request
8144: 16:08:35.492 - Failed to restart application: CManagedHost::StartApplication() - Failed to start application in AppDomain: 37 - Object "QuizLite.QuizLiteApplication" not found in assembly "QuizLite"
8156: 16:08:35.496 - CManagedHost::OnDomainUnload() - 37
8144: 16:18:05.638 - Restarting application: "QuizLite" due to file changes
8144: 16:18:05.638 - Application: "QuizLite" restart request
8144: 16:18:06.094 - Failed to restart application: CManagedHost::StartApplication() - Failed to start application in AppDomain: 38 - Object "QuizLite.QuizLiteApplication" not found in assembly "QuizLite"
8156: 16:18:06.098 - CManagedHost::OnDomainUnload() - 38
8144: 16:18:24.323 - Restarting application: "QuizLite" due to file changes
8144: 16:18:24.323 - Application: "QuizLite" restart request
8144: 16:18:24.838 - Failed to restart application: CManagedHost::StartApplication() - Failed to start application in AppDomain: 39 - Object "QuizLite.QuizLiteApplication" not found in assembly "QuizLite"
8156: 16:18:24.843 - CManagedHost::OnDomainUnload() - 39
8144: 19:55:31.861 - Restarting application: "QuizLite" due to file changes
8144: 19:55:31.861 - Application: "QuizLite" restart request
8144: 19:55:32.839 - Failed to restart application: CManagedHost::StartApplication() - Failed to start application in AppDomain: 40 - Object "QuizLite.QuizLiteApplication" not found in assembly "QuizLite"
8156: 19:55:32.844 - CManagedHost::OnDomainUnload() - 40
8144: 19:59:54.675 - Restarting application: "QuizLite" due to file changes
8144: 19:59:54.675 - Application: "QuizLite" restart request
8144: 19:59:55.201 - Failed to restart application: CManagedHost::StartApplication() - Failed to start application in AppDomain: 41 - Object "QuizLite.QuizLiteApplication" not found in assembly "QuizLite"
8156: 19:59:55.206 - CManagedHost::OnDomainUnload() - 41
8144: 20:00:16.058 - Restarting application: "QuizLite" due to file changes
8144: 20:00:16.058 - Application: "QuizLite" restart request
8144: 20:00:16.489 - Failed to restart application: CManagedHost::StartApplication() - Failed to start application in AppDomain: 42 - Object "QuizLite.QuizLiteApplication" not found in assembly "QuizLite"
8156: 20:00:16.493 - CManagedHost::OnDomainUnload() - 42
8144: 20:02:09.670 - Restarting application: "QuizLite" due to file changes
8144: 20:02:09.670 - Application: "QuizLite" restart request
8144: 20:02:10.325 - Failed to restart application: CManagedHost::StartApplication() - Failed to start application in AppDomain: 43 - Object "QuizLite.QuizLiteApplication" not found in assembly "QuizLite"
8156: 20:02:10.330 - CManagedHost::OnDomainUnload() - 43
8144: 20:03:56.500 - Restarting application: "QuizLite" due to file changes
8144: 20:03:56.500 - Application: "QuizLite" restart request
8144: 20:03:57.052 - Failed to restart application: CManagedHost::StartApplication() - Failed to start application in AppDomain: 44 - Object "QuizLite.QuizLiteApplication" not found in assembly "QuizLite"
8156: 20:03:57.056 - CManagedHost::OnDomainUnload() - 44
8144: 20:10:18.078 - Restarting application: "QuizLite" due to file changes
8144: 20:10:18.078 - Application: "QuizLite" restart request
8144: 20:10:18.589 - Failed to restart application: CManagedHost::StartApplication() - Failed to start application in AppDomain: 45 - Object "QuizLite.QuizLiteApplication" not found in assembly "QuizLite"
8156: 20:10:18.593 - CManagedHost::OnDomainUnload() - 45
8144: 20:10:31.450 - Restarting application: "QuizLite" due to file changes
8144: 20:10:31.450 - Application: "QuizLite" restart request
8144: 20:10:31.881 - Failed to restart application: CManagedHost::StartApplication() - Failed to start application in AppDomain: 46 - Object "QuizLite.QuizLiteApplication" not found in assembly "QuizLite"
8156: 20:10:31.884 - CManagedHost::OnDomainUnload() - 46
8144: 20:15:50.238 - Restarting application: "QuizLite" due to file changes
8144: 20:15:50.238 - Application: "QuizLite" restart request
8144: 20:15:50.755 - Failed to restart application: CManagedHost::StartApplication() - Failed to start application in AppDomain: 47 - Object "QuizLite.QuizLiteApplication" not found in assembly "QuizLite"
8156: 20:15:50.759 - CManagedHost::OnDomainUnload() - 47
8144: 20:16:34.065 - Restarting application: "QuizLite" due to file changes
8144: 20:16:34.065 - Application: "QuizLite" restart request
8144: 20:16:34.651 - Failed to restart application: CManagedHost::StartApplication() - Failed to start application in AppDomain: 48 - Object "QuizLite.QuizLiteApplication" not found in assembly "QuizLite"
8156: 20:16:34.655 - CManagedHost::OnDomainUnload() - 48
8144: 20:19:23.389 - Restarting application: "QuizLite" due to file changes
8144: 20:19:23.389 - Application: "QuizLite" restart request
8144: 20:19:23.886 - Failed to restart application: CManagedHost::StartApplication() - Failed to start application in AppDomain: 49 - Object "QuizLite.QuizLiteApplication" not found in assembly "QuizLite"
8156: 20:19:23.890 - CManagedHost::OnDomainUnload() - 49
8144: 20:24:52.548 - Restarting application: "QuizLite" due to file changes
8144: 20:24:52.548 - Application: "QuizLite" restart request
8144: 20:24:53.159 - Failed to restart application: CManagedHost::StartApplication() - Failed to start application in AppDomain: 50 - Object "QuizLite.QuizLiteApplication" not found in assembly "QuizLite"
8156: 20:24:53.163 - CManagedHost::OnDomainUnload() - 50
8144: 20:27:48.723 - Restarting application: "QuizLite" due to file changes
8144: 20:27:48.723 - Application: "QuizLite" restart request
8144: 20:27:49.385 - Failed to restart application: CManagedHost::StartApplication() - Failed to start application in AppDomain: 51 - Object "QuizLite.QuizLiteApplication" not found in assembly "QuizLite"
8156: 20:27:49.391 - CManagedHost::OnDomainUnload() - 51
7608: 20:28:09.884 - Service is stopped...
7608: 20:28:09.903 - Server shutting down...
7608: 20:28:09.903 - Notifying CLR applications of shutdown...
7608: 20:28:09.966 - Shutting down TCP Outbound Connection Manager...
7608: 20:28:09.966 - Shutting down ENet host...
7608: 20:28:09.967 - Disconnecting all peers...
7608: 20:28:09.967 - Shutting down socket servers...
7608: 20:28:09.967 - Shutting down ENet thread pool...
7608: 20:28:09.967 - Shutting down TCP inactivity timers...
7608: 20:28:09.967 - WaitingForShutdownToComplete: TCP:0.0.0.0:4530
7608: 20:28:09.967 - OnShutdownCompleted: TCP:0.0.0.0:4530
7608: 20:28:09.967 - WaitingForShutdownToComplete: TCPPolicy:0.0.0.0:843
7608: 20:28:09.967 - OnShutdownCompleted: TCPPolicy:0.0.0.0:843
7608: 20:28:09.967 - WaitingForShutdownToComplete: TCPPolicy:0.0.0.0:943
7608: 20:28:09.967 - OnShutdownCompleted: TCPPolicy:0.0.0.0:943
7608: 20:28:09.967 - WaitingForShutdownToComplete: UDP:127.0.0.1:5055
7608: 20:28:09.967 - OnShutdownCompleted: UDP:127.0.0.1:5055
7608: 20:28:09.967 - WaitingForShutdownToComplete: UDP:192.168.1.13:5055
7608: 20:28:09.967 - OnShutdownCompleted: UDP:192.168.1.13:5055
7608: 20:28:09.967 - WaitingForShutdownToComplete: WebSocket:0.0.0.0:9090
7608: 20:28:09.967 - OnShutdownCompleted: WebSocket:0.0.0.0:9090
7608: 20:28:09.967 - Shutting down CLR applications...
7608: 20:28:09.971 - Shutting down business logic thread pool...
7608: 20:28:09.972 - Shutting down I/O thread pool...
7608: 20:28:09.972 - Flushing ENET buffer allocator...
7608: 20:28:09.973 - Flushing TCP buffer allocator...
7608: 20:28:09.973 - Flushing stream socket allocator...
7608: 20:28:09.973 - Flushing datagram socket allocator...
7608: 20:28:09.974 - Destroying ENet thread pool
7608: 20:28:09.974 - Destroying TCP inactivity timer
7608: 20:28:09.974 - Destroying Business logic thread pool
7608: 20:28:09.974 - Destroying servers
8156: 20:28:09.979 - CManagedHost::OnDomainUnload() - 4
7608: 20:28:10.004 - Destroying TCP Outbound Connection Manager
7608: 20:28:10.005 - Destroying resolver
7608: 20:28:10.005 - Destroying TCP Proxy Connection Manager
7608: 20:28:10.005 - Destroying ENet host
7608: 20:28:10.005 - Destroying CLR dispatcher
7608: 20:28:10.006 - Destroying CLR applications
7608: 20:28:10.006 - ~CCLRApplicationCollection()
7608: 20:28:10.006 - ~CCLRApplicationCollection() - RemoveAllApplications complete
7608: 20:28:10.006 - ~CCLRApplicationCollection() - done
7608: 20:28:10.125 - Destroying I/O thread pool
7608: 20:28:10.125 - Destroying ENet buffer allocator
7608: 20:28:10.125 - Destroying TCP buffer allocator
7608: 20:28:10.125 - Destroying TCP socket allocator
7608: 20:28:10.125 - Destroying ENet socket allocator
7608: 20:28:10.125 - Destroying performance counters
7608: 20:28:10.126 - Shutdown complete...
6780: 20:28:16.078 - ---
6780: 20:28:16.078 - Service: "Photon Socket Server" starting
6780: 20:28:16.078 - Config File: C:\Santiago\Repo\QuizServer\ExitGames-Photon-Server-SDK_v3-0-15-2544-RC7\deploy\bin_Win32\PhotonServer.config
6780: 20:28:16.079 - Will produce at most: 10 crash dumps
6780: 20:28:16.080 - Server Starting...
6780: 20:28:16.080 -    Tick count: 32692131 (wraps in: 49.3319 days)
6780: 20:28:16.080 - Tick count 64: 32692131
6780: 20:28:16.080 - Photon Version: 3.0.9.841
6780: 20:28:16.080 - Config File: C:\Santiago\Repo\QuizServer\ExitGames-Photon-Server-SDK_v3-0-15-2544-RC7\deploy\bin_Win32\PhotonServer.config
6780: 20:28:16.081 - Not using performance counters as they are not currently installed. Run the service with /InstallCounters to install them.
6780: 20:28:16.096 - About to load runtime: PhotonHostRuntime.PhotonDomainManager from PhotonHostRuntime, Culture=neutral, PublicKeyToken=02C301B61B060C4D
6780: 20:28:16.096 - About to load CLR - versions available:
6780: 20:28:16.096 - v2.0.50727
6780: 20:28:16.096 - v4.0.30319
6780: 20:28:16.097 - No preference in configuration file, will load latest.
6780: 20:28:16.097 - About to load version: "v4.0.30319"
6780: 20:28:16.099 - Loaded version: "v4.0.30319"
6780: 20:28:16.633 - Photon host runtime loaded
6780: 20:28:16.642 - License is valid.
6780: 20:28:16.642 - Licensed for 100 concurrent connections.
6780: 20:28:16.642 - Max Reliable Data In Transit (awaiting ACKs) per peer : 16384 bytes
6780: 20:28:16.642 - Per peer bandwidth limit
6780: 20:28:16.642 - Transmit Rate Limit: 128 KB/Sec
6780: 20:28:16.642 - Limit period: 250ms
6780: 20:28:16.642 - Limit per period: 32768 bytes
6780: 20:28:16.642 - Max queued data for transmission per peer: 65536 bytes
6780: 20:28:16.642 - Minimum retransmit timeout: 200
6780: 20:28:16.642 - Minimum ENet timeout: 5000ms
6780: 20:28:16.643 - Maximum ENet timeout: 30000ms
6780: 20:28:16.643 - ENetHost: Using Timer Wheel
6780: 20:28:16.643 - About to load application: QuizLite from QuizLite
6780: 20:28:16.643 - Auto restart is enabled for application
6780: 20:28:16.643 - Application will restart 10000ms after the last change detected
6780: 20:28:16.643 - Application will restart if files matching the following are changed: "dll;config"
6780: 20:28:16.643 - Application will NOT restart if files matching the following are changed: "log4net.config"
6780: 20:28:17.372 - ERROR: Failed to start application: "QuizLite" in app domain: 2
7840: 20:28:17.376 - CManagedHost::OnDomainUnload() - 2
6780: 20:28:17.415 - CService::OnException() - Exception: CManagedHost::StartApplication() - Failed to start application in AppDomain: 2 - Object "QuizLite.QuizLiteApplication" not found in assembly "QuizLite"
6780: 20:28:17.415 - Server shutting down...
6780: 20:28:17.415 - Notifying CLR applications of shutdown...
6780: 20:28:17.415 - Shutting down TCP Outbound Connection Manager...
6780: 20:28:17.415 - Shutting down ENet host...
6780: 20:28:17.415 - Disconnecting all peers...
6780: 20:28:17.415 - Shutting down socket servers...
6780: 20:28:17.415 - Shutting down ENet thread pool...
6780: 20:28:17.415 - Shutting down TCP inactivity timers...
6780: 20:28:17.415 - Shutting down CLR applications...
6780: 20:28:17.415 - Shutting down business logic thread pool...
6780: 20:28:17.415 - Shutting down I/O thread pool...
6780: 20:28:17.416 - Flushing ENET buffer allocator...
6780: 20:28:17.416 - Flushing TCP buffer allocator...
6780: 20:28:17.416 - Flushing stream socket allocator...
6780: 20:28:17.416 - Flushing datagram socket allocator...
6780: 20:28:17.416 - Destroying ENet thread pool
6780: 20:28:17.416 - Destroying TCP inactivity timer
6780: 20:28:17.416 - Destroying Business logic thread pool
6780: 20:28:17.416 - Destroying servers
6780: 20:28:17.416 - Destroying TCP Outbound Connection Manager
6780: 20:28:17.416 - Destroying resolver
6780: 20:28:17.416 - Destroying TCP Proxy Connection Manager
6780: 20:28:17.416 - Destroying ENet host
6780: 20:28:17.416 - Destroying CLR dispatcher
6780: 20:28:17.416 - Destroying CLR applications
6780: 20:28:17.416 - ~CCLRApplicationCollection()
6780: 20:28:17.416 - ~CCLRApplicationCollection() - RemoveAllApplications complete
6780: 20:28:17.416 - ~CCLRApplicationCollection() - done
6780: 20:28:17.428 - Destroying I/O thread pool
6780: 20:28:17.428 - Destroying ENet buffer allocator
6780: 20:28:17.428 - Destroying TCP buffer allocator
6780: 20:28:17.428 - Destroying TCP socket allocator
6780: 20:28:17.428 - Destroying ENet socket allocator
6780: 20:28:17.428 - Destroying performance counters
6780: 20:28:17.429 - Shutdown complete...
2696: 20:28:29.924 - ---
2696: 20:28:29.924 - Service: "Photon Socket Server" starting
2696: 20:28:29.924 - Config File: C:\Santiago\Repo\QuizServer\ExitGames-Photon-Server-SDK_v3-0-15-2544-RC7\deploy\bin_Win32\PhotonServer.config
2696: 20:28:29.925 - Will produce at most: 10 crash dumps
2696: 20:28:29.925 - Server Starting...
2696: 20:28:29.926 -    Tick count: 32705984 (wraps in: 49.3317 days)
2696: 20:28:29.926 - Tick count 64: 32705984
2696: 20:28:29.926 - Photon Version: 3.0.9.841
2696: 20:28:29.926 - Config File: C:\Santiago\Repo\QuizServer\ExitGames-Photon-Server-SDK_v3-0-15-2544-RC7\deploy\bin_Win32\PhotonServer.config
2696: 20:28:29.927 - Not using performance counters as they are not currently installed. Run the service with /InstallCounters to install them.
2696: 20:28:29.942 - About to load runtime: PhotonHostRuntime.PhotonDomainManager from PhotonHostRuntime, Culture=neutral, PublicKeyToken=02C301B61B060C4D
2696: 20:28:29.943 - About to load CLR - versions available:
2696: 20:28:29.943 - v2.0.50727
2696: 20:28:29.943 - v4.0.30319
2696: 20:28:29.943 - No preference in configuration file, will load latest.
2696: 20:28:29.943 - About to load version: "v4.0.30319"
2696: 20:28:29.945 - Loaded version: "v4.0.30319"
2696: 20:28:30.484 - Photon host runtime loaded
2696: 20:28:30.496 - License is valid.
2696: 20:28:30.496 - Licensed for 100 concurrent connections.
2696: 20:28:30.496 - Max Reliable Data In Transit (awaiting ACKs) per peer : 16384 bytes
2696: 20:28:30.496 - Per peer bandwidth limit
2696: 20:28:30.496 - Transmit Rate Limit: 128 KB/Sec
2696: 20:28:30.496 - Limit period: 250ms
2696: 20:28:30.496 - Limit per period: 32768 bytes
2696: 20:28:30.496 - Max queued data for transmission per peer: 65536 bytes
2696: 20:28:30.496 - Minimum retransmit timeout: 200
2696: 20:28:30.496 - Minimum ENet timeout: 5000ms
2696: 20:28:30.496 - Maximum ENet timeout: 30000ms
2696: 20:28:30.496 - ENetHost: Using Timer Wheel
2696: 20:28:30.497 - About to load application: QuizLite from QuizLite
2696: 20:28:30.497 - Auto restart is enabled for application
2696: 20:28:30.497 - Application will restart 10000ms after the last change detected
2696: 20:28:30.497 - Application will restart if files matching the following are changed: "dll;config"
2696: 20:28:30.497 - Application will NOT restart if files matching the following are changed: "log4net.config"
2696: 20:28:31.109 - ERROR: Failed to start application: "QuizLite" in app domain: 2
2696: 20:28:31.109 - CService::OnException() - Exception: CManagedHost::StartApplication() - Failed to start application in AppDomain: 2 - Object "QuizLite.QuizLiteApplication" not found in assembly "QuizLite"
2696: 20:28:31.109 - Server shutting down...
2696: 20:28:31.109 - Notifying CLR applications of shutdown...
2696: 20:28:31.109 - Shutting down TCP Outbound Connection Manager...
2696: 20:28:31.109 - Shutting down ENet host...
2696: 20:28:31.110 - Disconnecting all peers...
2696: 20:28:31.110 - Shutting down socket servers...
2696: 20:28:31.110 - Shutting down ENet thread pool...
2696: 20:28:31.110 - Shutting down TCP inactivity timers...
2696: 20:28:31.110 - Shutting down CLR applications...
2696: 20:28:31.110 - Shutting down business logic thread pool...
2696: 20:28:31.110 - Shutting down I/O thread pool...
2696: 20:28:31.110 - Flushing ENET buffer allocator...
2696: 20:28:31.110 - Flushing TCP buffer allocator...
2696: 20:28:31.110 - Flushing stream socket allocator...
2696: 20:28:31.110 - Flushing datagram socket allocator...
2696: 20:28:31.110 - Destroying ENet thread pool
2696: 20:28:31.110 - Destroying TCP inactivity timer
2696: 20:28:31.110 - Destroying Business logic thread pool
2696: 20:28:31.110 - Destroying servers
2696: 20:28:31.110 - Destroying TCP Outbound Connection Manager
2696: 20:28:31.110 - Destroying resolver
2696: 20:28:31.110 - Destroying TCP Proxy Connection Manager
2696: 20:28:31.110 - Destroying ENet host
2696: 20:28:31.110 - Destroying CLR dispatcher
2696: 20:28:31.110 - Destroying CLR applications
2696: 20:28:31.110 - ~CCLRApplicationCollection()
2696: 20:28:31.110 - ~CCLRApplicationCollection() - RemoveAllApplications complete
2696: 20:28:31.110 - ~CCLRApplicationCollection() - done
2696: 20:28:31.120 - Destroying I/O thread pool
2696: 20:28:31.120 - Destroying ENet buffer allocator
2696: 20:28:31.120 - Destroying TCP buffer allocator
2696: 20:28:31.120 - Destroying TCP socket allocator
2696: 20:28:31.120 - Destroying ENet socket allocator
2696: 20:28:31.120 - Destroying performance counters
2696: 20:28:31.121 - Shutdown complete...
4536: 20:28:51.682 - ---
4536: 20:28:51.682 - Service: "Photon Socket Server" starting
4536: 20:28:51.682 - Config File: C:\Santiago\Repo\QuizServer\ExitGames-Photon-Server-SDK_v3-0-15-2544-RC7\deploy\bin_Win32\PhotonServer.config
4536: 20:28:51.684 - Will produce at most: 10 crash dumps
4536: 20:28:51.684 - Server Starting...
4536: 20:28:51.684 -    Tick count: 32727730 (wraps in: 49.3315 days)
4536: 20:28:51.684 - Tick count 64: 32727730
4536: 20:28:51.684 - Photon Version: 3.0.9.841
4536: 20:28:51.684 - Config File: C:\Santiago\Repo\QuizServer\ExitGames-Photon-Server-SDK_v3-0-15-2544-RC7\deploy\bin_Win32\PhotonServer.config
4536: 20:28:51.686 - Not using performance counters as they are not currently installed. Run the service with /InstallCounters to install them.
4536: 20:28:51.701 - About to load runtime: PhotonHostRuntime.PhotonDomainManager from PhotonHostRuntime, Culture=neutral, PublicKeyToken=02C301B61B060C4D
4536: 20:28:51.701 - About to load CLR - versions available:
4536: 20:28:51.701 - v2.0.50727
4536: 20:28:51.701 - v4.0.30319
4536: 20:28:51.701 - No preference in configuration file, will load latest.
4536: 20:28:51.701 - About to load version: "v4.0.30319"
4536: 20:28:51.704 - Loaded version: "v4.0.30319"
4536: 20:28:52.260 - Photon host runtime loaded
4536: 20:28:52.270 - License is valid.
4536: 20:28:52.270 - Licensed for 100 concurrent connections.
4536: 20:28:52.270 - Max Reliable Data In Transit (awaiting ACKs) per peer : 16384 bytes
4536: 20:28:52.270 - Per peer bandwidth limit
4536: 20:28:52.270 - Transmit Rate Limit: 128 KB/Sec
4536: 20:28:52.270 - Limit period: 250ms
4536: 20:28:52.270 - Limit per period: 32768 bytes
4536: 20:28:52.270 - Max queued data for transmission per peer: 65536 bytes
4536: 20:28:52.270 - Minimum retransmit timeout: 200
4536: 20:28:52.270 - Minimum ENet timeout: 5000ms
4536: 20:28:52.270 - Maximum ENet timeout: 30000ms
4536: 20:28:52.270 - ENetHost: Using Timer Wheel
4536: 20:28:52.271 - About to load application: QuizLite from QuizLite
4536: 20:28:52.271 - Auto restart is enabled for application
4536: 20:28:52.271 - Application will restart 10000ms after the last change detected
4536: 20:28:52.271 - Application will restart if files matching the following are changed: "dll;config"
4536: 20:28:52.271 - Application will NOT restart if files matching the following are changed: "log4net.config"
4536: 20:28:52.972 - ERROR: Failed to start application: "QuizLite" in app domain: 2
4536: 20:28:52.972 - CService::OnException() - Exception: CManagedHost::StartApplication() - Failed to start application in AppDomain: 2 - Object "QuizLite.QuizLiteApplication" not found in assembly "QuizLite"
4536: 20:28:52.972 - Server shutting down...
4536: 20:28:52.972 - Notifying CLR applications of shutdown...
4536: 20:28:52.972 - Shutting down TCP Outbound Connection Manager...
4536: 20:28:52.972 - Shutting down ENet host...
4536: 20:28:52.972 - Disconnecting all peers...
4536: 20:28:52.973 - Shutting down socket servers...
4536: 20:28:52.973 - Shutting down ENet thread pool...
4536: 20:28:52.973 - Shutting down TCP inactivity timers...
4536: 20:28:52.973 - Shutting down CLR applications...
4536: 20:28:52.973 - Shutting down business logic thread pool...
4536: 20:28:52.973 - Shutting down I/O thread pool...
4536: 20:28:52.973 - Flushing ENET buffer allocator...
4536: 20:28:52.973 - Flushing TCP buffer allocator...
4536: 20:28:52.973 - Flushing stream socket allocator...
4536: 20:28:52.973 - Flushing datagram socket allocator...
4536: 20:28:52.973 - Destroying ENet thread pool
4536: 20:28:52.973 - Destroying TCP inactivity timer
4536: 20:28:52.973 - Destroying Business logic thread pool
4536: 20:28:52.973 - Destroying servers
4536: 20:28:52.973 - Destroying TCP Outbound Connection Manager
4536: 20:28:52.973 - Destroying resolver
4536: 20:28:52.973 - Destroying TCP Proxy Connection Manager
4536: 20:28:52.973 - Destroying ENet host
4536: 20:28:52.973 - Destroying CLR dispatcher
4536: 20:28:52.973 - Destroying CLR applications
4536: 20:28:52.973 - ~CCLRApplicationCollection()
4536: 20:28:52.973 - ~CCLRApplicationCollection() - RemoveAllApplications complete
4536: 20:28:52.973 - ~CCLRApplicationCollection() - done
4536: 20:28:52.983 - Destroying I/O thread pool
4536: 20:28:52.983 - Destroying ENet buffer allocator
4536: 20:28:52.983 - Destroying TCP buffer allocator
4536: 20:28:52.983 - Destroying TCP socket allocator
4536: 20:28:52.983 - Destroying ENet socket allocator
4536: 20:28:52.983 - Destroying performance counters
4536: 20:28:52.983 - Shutdown complete...
6216: 20:29:07.928 - ---
6216: 20:29:07.928 - Service: "Photon Socket Server" starting
6216: 20:29:07.928 - Config File: C:\Santiago\Repo\QuizServer\ExitGames-Photon-Server-SDK_v3-0-15-2544-RC7\deploy\bin_Win32\PhotonServer.config
6216: 20:29:07.929 - Will produce at most: 10 crash dumps
6216: 20:29:07.929 - Server Starting...
6216: 20:29:07.930 -    Tick count: 32743985 (wraps in: 49.3313 days)
6216: 20:29:07.930 - Tick count 64: 32743985
6216: 20:29:07.930 - Photon Version: 3.0.9.841
6216: 20:29:07.930 - Config File: C:\Santiago\Repo\QuizServer\ExitGames-Photon-Server-SDK_v3-0-15-2544-RC7\deploy\bin_Win32\PhotonServer.config
6216: 20:29:07.931 - Not using performance counters as they are not currently installed. Run the service with /InstallCounters to install them.
6216: 20:29:07.945 - About to load runtime: PhotonHostRuntime.PhotonDomainManager from PhotonHostRuntime, Culture=neutral, PublicKeyToken=02C301B61B060C4D
6216: 20:29:07.945 - About to load CLR - versions available:
6216: 20:29:07.945 - v2.0.50727
6216: 20:29:07.945 - v4.0.30319
6216: 20:29:07.945 - No preference in configuration file, will load latest.
6216: 20:29:07.945 - About to load version: "v4.0.30319"
6216: 20:29:07.947 - Loaded version: "v4.0.30319"
6216: 20:29:08.494 - Photon host runtime loaded
6216: 20:29:08.504 - License is valid.
6216: 20:29:08.504 - Licensed for 100 concurrent connections.
6216: 20:29:08.504 - Max Reliable Data In Transit (awaiting ACKs) per peer : 16384 bytes
6216: 20:29:08.504 - Per peer bandwidth limit
6216: 20:29:08.504 - Transmit Rate Limit: 128 KB/Sec
6216: 20:29:08.504 - Limit period: 250ms
6216: 20:29:08.504 - Limit per period: 32768 bytes
6216: 20:29:08.504 - Max queued data for transmission per peer: 65536 bytes
6216: 20:29:08.504 - Minimum retransmit timeout: 200
6216: 20:29:08.504 - Minimum ENet timeout: 5000ms
6216: 20:29:08.504 - Maximum ENet timeout: 30000ms
6216: 20:29:08.504 - ENetHost: Using Timer Wheel
6216: 20:29:08.505 - About to load application: QuizLite from QuizLite
6216: 20:29:08.505 - Auto restart is enabled for application
6216: 20:29:08.505 - Application will restart 10000ms after the last change detected
6216: 20:29:08.505 - Application will restart if files matching the following are changed: "dll;config"
6216: 20:29:08.505 - Application will NOT restart if files matching the following are changed: "log4net.config"
6216: 20:29:09.255 - ERROR: Failed to start application: "QuizLite" in app domain: 2
6216: 20:29:09.255 - CService::OnException() - Exception: CManagedHost::StartApplication() - Failed to start application in AppDomain: 2 - Object "QuizLite.QuizLiteApplication" not found in assembly "QuizLite"
6216: 20:29:09.255 - Server shutting down...
6216: 20:29:09.255 - Notifying CLR applications of shutdown...
6216: 20:29:09.255 - Shutting down TCP Outbound Connection Manager...
6216: 20:29:09.255 - Shutting down ENet host...
6216: 20:29:09.256 - Disconnecting all peers...
6216: 20:29:09.256 - Shutting down socket servers...
6216: 20:29:09.256 - Shutting down ENet thread pool...
6216: 20:29:09.256 - Shutting down TCP inactivity timers...
6216: 20:29:09.256 - Shutting down CLR applications...
6216: 20:29:09.256 - Shutting down business logic thread pool...
6216: 20:29:09.256 - Shutting down I/O thread pool...
6216: 20:29:09.256 - Flushing ENET buffer allocator...
6216: 20:29:09.256 - Flushing TCP buffer allocator...
6216: 20:29:09.256 - Flushing stream socket allocator...
6216: 20:29:09.256 - Flushing datagram socket allocator...
6216: 20:29:09.256 - Destroying ENet thread pool
6216: 20:29:09.256 - Destroying TCP inactivity timer
6216: 20:29:09.256 - Destroying Business logic thread pool
6216: 20:29:09.256 - Destroying servers
6216: 20:29:09.256 - Destroying TCP Outbound Connection Manager
6216: 20:29:09.256 - Destroying resolver
6216: 20:29:09.256 - Destroying TCP Proxy Connection Manager
6216: 20:29:09.256 - Destroying ENet host
6216: 20:29:09.256 - Destroying CLR dispatcher
6216: 20:29:09.256 - Destroying CLR applications
6216: 20:29:09.256 - ~CCLRApplicationCollection()
6216: 20:29:09.256 - ~CCLRApplicationCollection() - RemoveAllApplications complete
6216: 20:29:09.256 - ~CCLRApplicationCollection() - done
6216: 20:29:09.267 - Destroying I/O thread pool
6216: 20:29:09.267 - Destroying ENet buffer allocator
6216: 20:29:09.267 - Destroying TCP buffer allocator
6216: 20:29:09.267 - Destroying TCP socket allocator
6216: 20:29:09.267 - Destroying ENet socket allocator
6216: 20:29:09.267 - Destroying performance counters
6216: 20:29:09.267 - Shutdown complete...
7228: 20:29:42.516 - ---
7228: 20:29:42.516 - Service: "Photon Socket Server" starting
7228: 20:29:42.516 - Config File: C:\Santiago\Repo\QuizServer\ExitGames-Photon-Server-SDK_v3-0-15-2544-RC7\deploy\bin_Win32\PhotonServer.config
7228: 20:29:42.518 - Will produce at most: 10 crash dumps
7228: 20:29:42.518 - Server Starting...
7228: 20:29:42.518 -    Tick count: 32778571 (wraps in: 49.3309 days)
7228: 20:29:42.518 - Tick count 64: 32778571
7228: 20:29:42.518 - Photon Version: 3.0.9.841
7228: 20:29:42.518 - Config File: C:\Santiago\Repo\QuizServer\ExitGames-Photon-Server-SDK_v3-0-15-2544-RC7\deploy\bin_Win32\PhotonServer.config
7228: 20:29:42.520 - Not using performance counters as they are not currently installed. Run the service with /InstallCounters to install them.
7228: 20:29:42.534 - About to load runtime: PhotonHostRuntime.PhotonDomainManager from PhotonHostRuntime, Culture=neutral, PublicKeyToken=02C301B61B060C4D
7228: 20:29:42.535 - About to load CLR - versions available:
7228: 20:29:42.535 - v2.0.50727
7228: 20:29:42.535 - v4.0.30319
7228: 20:29:42.535 - No preference in configuration file, will load latest.
7228: 20:29:42.535 - About to load version: "v4.0.30319"
7228: 20:29:42.537 - Loaded version: "v4.0.30319"
7228: 20:29:43.111 - Photon host runtime loaded
7228: 20:29:43.126 - License is valid.
7228: 20:29:43.126 - Licensed for 100 concurrent connections.
7228: 20:29:43.126 - Max Reliable Data In Transit (awaiting ACKs) per peer : 16384 bytes
7228: 20:29:43.126 - Per peer bandwidth limit
7228: 20:29:43.126 - Transmit Rate Limit: 128 KB/Sec
7228: 20:29:43.126 - Limit period: 250ms
7228: 20:29:43.126 - Limit per period: 32768 bytes
7228: 20:29:43.126 - Max queued data for transmission per peer: 65536 bytes
7228: 20:29:43.126 - Minimum retransmit timeout: 200
7228: 20:29:43.126 - Minimum ENet timeout: 5000ms
7228: 20:29:43.126 - Maximum ENet timeout: 30000ms
7228: 20:29:43.126 - ENetHost: Using Timer Wheel
7228: 20:29:43.127 - About to load application: QuizLite from QuizLite
7228: 20:29:43.127 - Auto restart is enabled for application
7228: 20:29:43.127 - Application will restart 10000ms after the last change detected
7228: 20:29:43.127 - Application will restart if files matching the following are changed: "dll;config"
7228: 20:29:43.127 - Application will NOT restart if files matching the following are changed: "log4net.config"
7228: 20:29:43.816 - ERROR: Failed to start application: "QuizLite" in app domain: 2
7228: 20:29:43.816 - CService::OnException() - Exception: CManagedHost::StartApplication() - Failed to start application in AppDomain: 2 - Object "QuizLite.QuizLiteApplication" not found in assembly "QuizLite"
7228: 20:29:43.816 - Server shutting down...
7228: 20:29:43.816 - Notifying CLR applications of shutdown...
7228: 20:29:43.816 - Shutting down TCP Outbound Connection Manager...
7228: 20:29:43.816 - Shutting down ENet host...
7228: 20:29:43.816 - Disconnecting all peers...
7228: 20:29:43.816 - Shutting down socket servers...
7228: 20:29:43.816 - Shutting down ENet thread pool...
7228: 20:29:43.816 - Shutting down TCP inactivity timers...
7228: 20:29:43.816 - Shutting down CLR applications...
7228: 20:29:43.816 - Shutting down business logic thread pool...
7228: 20:29:43.817 - Shutting down I/O thread pool...
7228: 20:29:43.817 - Flushing ENET buffer allocator...
7228: 20:29:43.817 - Flushing TCP buffer allocator...
7228: 20:29:43.817 - Flushing stream socket allocator...
7228: 20:29:43.817 - Flushing datagram socket allocator...
7228: 20:29:43.817 - Destroying ENet thread pool
7228: 20:29:43.817 - Destroying TCP inactivity timer
7228: 20:29:43.817 - Destroying Business logic thread pool
7228: 20:29:43.817 - Destroying servers
7228: 20:29:43.817 - Destroying TCP Outbound Connection Manager
7228: 20:29:43.817 - Destroying resolver
7228: 20:29:43.817 - Destroying TCP Proxy Connection Manager
7228: 20:29:43.817 - Destroying ENet host
7228: 20:29:43.817 - Destroying CLR dispatcher
7228: 20:29:43.817 - Destroying CLR applications
7228: 20:29:43.817 - ~CCLRApplicationCollection()
7228: 20:29:43.817 - ~CCLRApplicationCollection() - RemoveAllApplications complete
7228: 20:29:43.817 - ~CCLRApplicationCollection() - done
7228: 20:29:43.827 - Destroying I/O thread pool
7228: 20:29:43.828 - Destroying ENet buffer allocator
7228: 20:29:43.828 - Destroying TCP buffer allocator
7228: 20:29:43.828 - Destroying TCP socket allocator
7228: 20:29:43.828 - Destroying ENet socket allocator
7228: 20:29:43.828 - Destroying performance counters
7228: 20:29:43.828 - Shutdown complete...
8444: 20:36:58.489 - ---
8444: 20:36:58.489 - Service: "Photon Socket Server" starting
8444: 20:36:58.489 - Config File: C:\Santiago\Repo\QuizServer\ExitGames-Photon-Server-SDK_v3-0-15-2544-RC7\deploy\bin_Win32\PhotonServer.config
8444: 20:36:58.491 - Will produce at most: 10 crash dumps
8444: 20:36:58.491 - Server Starting...
8444: 20:36:58.491 -    Tick count: 33214547 (wraps in: 49.3258 days)
8444: 20:36:58.491 - Tick count 64: 33214547
8444: 20:36:58.491 - Photon Version: 3.0.9.841
8444: 20:36:58.491 - Config File: C:\Santiago\Repo\QuizServer\ExitGames-Photon-Server-SDK_v3-0-15-2544-RC7\deploy\bin_Win32\PhotonServer.config
8444: 20:36:58.493 - Not using performance counters as they are not currently installed. Run the service with /InstallCounters to install them.
8444: 20:36:58.505 - About to load runtime: PhotonHostRuntime.PhotonDomainManager from PhotonHostRuntime, Culture=neutral, PublicKeyToken=02C301B61B060C4D
8444: 20:36:58.506 - About to load CLR - versions available:
8444: 20:36:58.506 - v2.0.50727
8444: 20:36:58.506 - v4.0.30319
8444: 20:36:58.506 - No preference in configuration file, will load latest.
8444: 20:36:58.506 - About to load version: "v4.0.30319"
8444: 20:36:58.508 - Loaded version: "v4.0.30319"
8444: 20:36:59.047 - Photon host runtime loaded
8444: 20:36:59.057 - License is valid.
8444: 20:36:59.057 - Licensed for 100 concurrent connections.
8444: 20:36:59.057 - Max Reliable Data In Transit (awaiting ACKs) per peer : 16384 bytes
8444: 20:36:59.057 - Per peer bandwidth limit
8444: 20:36:59.057 - Transmit Rate Limit: 128 KB/Sec
8444: 20:36:59.057 - Limit period: 250ms
8444: 20:36:59.057 - Limit per period: 32768 bytes
8444: 20:36:59.057 - Max queued data for transmission per peer: 65536 bytes
8444: 20:36:59.057 - Minimum retransmit timeout: 200
8444: 20:36:59.057 - Minimum ENet timeout: 5000ms
8444: 20:36:59.057 - Maximum ENet timeout: 30000ms
8444: 20:36:59.058 - ENetHost: Using Timer Wheel
8444: 20:36:59.058 - About to load application: QuizLite from QuizLite
8444: 20:36:59.058 - Auto restart is enabled for application
8444: 20:36:59.058 - Application will restart 10000ms after the last change detected
8444: 20:36:59.058 - Application will restart if files matching the following are changed: "dll;config"
8444: 20:36:59.058 - Application will NOT restart if files matching the following are changed: "log4net.config"
8444: 20:36:59.797 - ERROR: Failed to start application: "QuizLite" in app domain: 2
8444: 20:36:59.797 - CService::OnException() - Exception: CManagedHost::StartApplication() - Failed to start application in AppDomain: 2 - Object "QuizLite.QuizLiteApplication" not found in assembly "QuizLite"
8444: 20:36:59.797 - Server shutting down...
8444: 20:36:59.797 - Notifying CLR applications of shutdown...
8444: 20:36:59.797 - Shutting down TCP Outbound Connection Manager...
8444: 20:36:59.797 - Shutting down ENet host...
8444: 20:36:59.797 - Disconnecting all peers...
8444: 20:36:59.797 - Shutting down socket servers...
8444: 20:36:59.797 - Shutting down ENet thread pool...
8444: 20:36:59.797 - Shutting down TCP inactivity timers...
8444: 20:36:59.797 - Shutting down CLR applications...
8444: 20:36:59.797 - Shutting down business logic thread pool...
8444: 20:36:59.797 - Shutting down I/O thread pool...
8444: 20:36:59.797 - Flushing ENET buffer allocator...
8444: 20:36:59.797 - Flushing TCP buffer allocator...
8444: 20:36:59.797 - Flushing stream socket allocator...
8444: 20:36:59.797 - Flushing datagram socket allocator...
8444: 20:36:59.797 - Destroying ENet thread pool
8444: 20:36:59.797 - Destroying TCP inactivity timer
8444: 20:36:59.797 - Destroying Business logic thread pool
8444: 20:36:59.797 - Destroying servers
8444: 20:36:59.797 - Destroying TCP Outbound Connection Manager
8444: 20:36:59.797 - Destroying resolver
8444: 20:36:59.797 - Destroying TCP Proxy Connection Manager
8444: 20:36:59.797 - Destroying ENet host
8444: 20:36:59.797 - Destroying CLR dispatcher
8444: 20:36:59.797 - Destroying CLR applications
8444: 20:36:59.797 - ~CCLRApplicationCollection()
8444: 20:36:59.797 - ~CCLRApplicationCollection() - RemoveAllApplications complete
8444: 20:36:59.797 - ~CCLRApplicationCollection() - done
8444: 20:36:59.808 - Destroying I/O thread pool
8444: 20:36:59.808 - Destroying ENet buffer allocator
8444: 20:36:59.808 - Destroying TCP buffer allocator
8444: 20:36:59.808 - Destroying TCP socket allocator
8444: 20:36:59.808 - Destroying ENet socket allocator
8444: 20:36:59.808 - Destroying performance counters
8444: 20:36:59.808 - Shutdown complete...
8028: 20:39:25.108 - ---
8028: 20:39:25.108 - Service: "Photon Socket Server" starting
8028: 20:39:25.108 - Config File: C:\Santiago\Repo\QuizServer\ExitGames-Photon-Server-SDK_v3-0-15-2544-RC7\deploy\bin_Win32\PhotonServer.config
8028: 20:39:25.110 - Will produce at most: 10 crash dumps
8028: 20:39:25.110 - Server Starting...
8028: 20:39:25.110 -    Tick count: 33361157 (wraps in: 49.3241 days)
8028: 20:39:25.110 - Tick count 64: 33361157
8028: 20:39:25.110 - Photon Version: 3.0.9.841
8028: 20:39:25.110 - Config File: C:\Santiago\Repo\QuizServer\ExitGames-Photon-Server-SDK_v3-0-15-2544-RC7\deploy\bin_Win32\PhotonServer.config
8028: 20:39:25.112 - Not using performance counters as they are not currently installed. Run the service with /InstallCounters to install them.
8028: 20:39:25.125 - About to load runtime: PhotonHostRuntime.PhotonDomainManager from PhotonHostRuntime, Culture=neutral, PublicKeyToken=02C301B61B060C4D
8028: 20:39:25.126 - About to load CLR - versions available:
8028: 20:39:25.126 - v2.0.50727
8028: 20:39:25.126 - v4.0.30319
8028: 20:39:25.126 - No preference in configuration file, will load latest.
8028: 20:39:25.126 - About to load version: "v4.0.30319"
8028: 20:39:25.128 - Loaded version: "v4.0.30319"
8028: 20:39:25.798 - Photon host runtime loaded
8028: 20:39:25.808 - License is valid.
8028: 20:39:25.808 - Licensed for 100 concurrent connections.
8028: 20:39:25.809 - Max Reliable Data In Transit (awaiting ACKs) per peer : 16384 bytes
8028: 20:39:25.809 - Per peer bandwidth limit
8028: 20:39:25.809 - Transmit Rate Limit: 128 KB/Sec
8028: 20:39:25.809 - Limit period: 250ms
8028: 20:39:25.809 - Limit per period: 32768 bytes
8028: 20:39:25.809 - Max queued data for transmission per peer: 65536 bytes
8028: 20:39:25.809 - Minimum retransmit timeout: 200
8028: 20:39:25.809 - Minimum ENet timeout: 5000ms
8028: 20:39:25.809 - Maximum ENet timeout: 30000ms
8028: 20:39:25.809 - ENetHost: Using Timer Wheel
8028: 20:39:25.809 - About to load application: QuizLite from QuizLite
8028: 20:39:25.809 - Auto restart is enabled for application
8028: 20:39:25.809 - Application will restart 10000ms after the last change detected
8028: 20:39:25.809 - Application will restart if files matching the following are changed: "dll;config"
8028: 20:39:25.809 - Application will NOT restart if files matching the following are changed: "log4net.config"
8028: 20:39:26.517 - ERROR: Failed to start application: "QuizLite" in app domain: 2
8028: 20:39:26.517 - CService::OnException() - Exception: CManagedHost::StartApplication() - Failed to start application in AppDomain: 2 - Object "QuizLite.QuizLiteApplication" not found in assembly "QuizLite"
8028: 20:39:26.517 - Server shutting down...
8028: 20:39:26.517 - Notifying CLR applications of shutdown...
8028: 20:39:26.517 - Shutting down TCP Outbound Connection Manager...
8028: 20:39:26.517 - Shutting down ENet host...
8028: 20:39:26.517 - Disconnecting all peers...
8028: 20:39:26.517 - Shutting down socket servers...
8028: 20:39:26.517 - Shutting down ENet thread pool...
8028: 20:39:26.517 - Shutting down TCP inactivity timers...
8028: 20:39:26.517 - Shutting down CLR applications...
8028: 20:39:26.517 - Shutting down business logic thread pool...
8028: 20:39:26.517 - Shutting down I/O thread pool...
8028: 20:39:26.518 - Flushing ENET buffer allocator...
8028: 20:39:26.518 - Flushing TCP buffer allocator...
8028: 20:39:26.518 - Flushing stream socket allocator...
8028: 20:39:26.518 - Flushing datagram socket allocator...
8028: 20:39:26.518 - Destroying ENet thread pool
8028: 20:39:26.518 - Destroying TCP inactivity timer
8028: 20:39:26.518 - Destroying Business logic thread pool
8028: 20:39:26.518 - Destroying servers
8028: 20:39:26.518 - Destroying TCP Outbound Connection Manager
8028: 20:39:26.518 - Destroying resolver
8028: 20:39:26.518 - Destroying TCP Proxy Connection Manager
8028: 20:39:26.518 - Destroying ENet host
8028: 20:39:26.518 - Destroying CLR dispatcher
8028: 20:39:26.518 - Destroying CLR applications
8028: 20:39:26.518 - ~CCLRApplicationCollection()
8028: 20:39:26.518 - ~CCLRApplicationCollection() - RemoveAllApplications complete
8028: 20:39:26.518 - ~CCLRApplicationCollection() - done
8028: 20:39:26.528 - Destroying I/O thread pool
8028: 20:39:26.528 - Destroying ENet buffer allocator
8028: 20:39:26.528 - Destroying TCP buffer allocator
8028: 20:39:26.528 - Destroying TCP socket allocator
8028: 20:39:26.528 - Destroying ENet socket allocator
8028: 20:39:26.528 - Destroying performance counters
8028: 20:39:26.528 - Shutdown complete...
7968: 20:42:19.652 - ---
7968: 20:42:19.652 - Service: "Photon Socket Server" starting
7968: 20:42:19.652 - Config File: C:\Santiago\Repo\QuizServer\ExitGames-Photon-Server-SDK_v3-0-15-2544-RC7\deploy\bin_Win32\PhotonServer.config
7968: 20:42:19.654 - Will produce at most: 10 crash dumps
7968: 20:42:19.654 - Server Starting...
7968: 20:42:19.654 -    Tick count: 33535706 (wraps in: 49.3221 days)
7968: 20:42:19.654 - Tick count 64: 33535706
7968: 20:42:19.654 - Photon Version: 3.0.9.841
7968: 20:42:19.654 - Config File: C:\Santiago\Repo\QuizServer\ExitGames-Photon-Server-SDK_v3-0-15-2544-RC7\deploy\bin_Win32\PhotonServer.config
7968: 20:42:19.656 - Not using performance counters as they are not currently installed. Run the service with /InstallCounters to install them.
7968: 20:42:19.670 - About to load runtime: PhotonHostRuntime.PhotonDomainManager from PhotonHostRuntime, Culture=neutral, PublicKeyToken=02C301B61B060C4D
7968: 20:42:19.671 - About to load CLR - versions available:
7968: 20:42:19.671 - v2.0.50727
7968: 20:42:19.671 - v4.0.30319
7968: 20:42:19.671 - No preference in configuration file, will load latest.
7968: 20:42:19.671 - About to load version: "v4.0.30319"
7968: 20:42:19.673 - Loaded version: "v4.0.30319"
7968: 20:42:20.308 - Photon host runtime loaded
7968: 20:42:20.318 - License is valid.
7968: 20:42:20.318 - Licensed for 100 concurrent connections.
7968: 20:42:20.318 - Max Reliable Data In Transit (awaiting ACKs) per peer : 16384 bytes
7968: 20:42:20.318 - Per peer bandwidth limit
7968: 20:42:20.318 - Transmit Rate Limit: 128 KB/Sec
7968: 20:42:20.318 - Limit period: 250ms
7968: 20:42:20.318 - Limit per period: 32768 bytes
7968: 20:42:20.318 - Max queued data for transmission per peer: 65536 bytes
7968: 20:42:20.318 - Minimum retransmit timeout: 200
7968: 20:42:20.318 - Minimum ENet timeout: 5000ms
7968: 20:42:20.318 - Maximum ENet timeout: 30000ms
7968: 20:42:20.318 - ENetHost: Using Timer Wheel
7968: 20:42:20.319 - About to load application: QuizLite from QuizLite
7968: 20:42:20.319 - Auto restart is enabled for application
7968: 20:42:20.319 - Application will restart 10000ms after the last change detected
7968: 20:42:20.319 - Application will restart if files matching the following are changed: "dll;config"
7968: 20:42:20.319 - Application will NOT restart if files matching the following are changed: "log4net.config"
7968: 20:42:21.054 - Application: "QuizLite" started in app domain: 2
7968: 20:42:21.054 - About to load application: LiteWebSockets from Lite
7968: 20:42:21.465 - Application: "LiteWebSockets" started in app domain: 3
7968: 20:42:21.465 - About to load application: CounterPublisher from CounterPublisher
7968: 20:42:21.465 - Auto restart is enabled for application
7968: 20:42:21.465 - Application will restart 10000ms after the last change detected
7968: 20:42:21.465 - Application will restart if files matching the following are changed: "dll;config"
7968: 20:42:21.465 - Application will NOT restart if files matching the following are changed: "log4net.config"
7968: 20:42:21.891 - Application: "CounterPublisher" started in app domain: 4
7968: 20:42:21.891 - About to load application: Policy from Policy.Application
7968: 20:42:22.289 - Application: "Policy" started in app domain: 5
7968: 20:42:22.289 - Adding TCP listener on :0.0.0.0: 4530 with a listen backlog of: 150
7968: 20:42:22.289 - Nagle disabled
7968: 20:42:22.289 - TCP inactivity timeout: 5000ms
7968: 20:42:22.289 - UDP address specified as:0.0.0.0 adding listener to each available IPv4 address
7968: 20:42:22.289 - Adding UDP listener on :192.168.1.13: 5055 with a listen backlog of: 500
7968: 20:42:22.289 - Adding UDP listener on :127.0.0.1: 5055 with a listen backlog of: 500
7968: 20:42:22.289 - Adding TCP Policy listener on :0.0.0.0: 843 with a listen backlog of: 150 and routing to application: "Policy"
7968: 20:42:22.289 - TCP inactivity timeout: 5000ms
7968: 20:42:22.289 - Adding TCP Policy listener on :0.0.0.0: 943 with a listen backlog of: 150 and routing to application: "Policy"
7968: 20:42:22.290 - TCP inactivity timeout: 5000ms
7968: 20:42:22.290 - Adding WebSocket TCP listener on :0.0.0.0: 9090 with a listen backlog of: 150
7968: 20:42:22.290 - Nagle disabled
7968: 20:42:22.290 - TCP inactivity timeout: 100000ms
7968: 20:42:22.290 - Forcing all applications ids to: "LiteWebSockets"
7968: 20:42:30.517 - Service is running...
5108: 21:01:37.056 - Restarting application: "QuizLite" due to file changes
5108: 21:01:37.056 - Application: "QuizLite" restart request
5108: 21:01:37.623 - Application: "QuizLite" started in app domain: 6
5108: 21:01:37.744 - Application: "QuizLite" stopped in app domain: 2
5108: 21:01:37.744 - Application: "QuizLite" restart complete.
7536: 21:01:37.748 - CManagedHost::OnDomainUnload() - 2
5108: 21:02:55.673 - Restarting application: "QuizLite" due to file changes
5108: 21:02:55.673 - Application: "QuizLite" restart request
5108: 21:02:56.122 - Application: "QuizLite" started in app domain: 7
5108: 21:02:56.236 - Application: "QuizLite" stopped in app domain: 6
5108: 21:02:56.236 - Application: "QuizLite" restart complete.
7536: 21:02:56.240 - CManagedHost::OnDomainUnload() - 6
5108: 21:15:44.648 - Restarting application: "QuizLite" due to file changes
5108: 21:15:44.648 - Application: "QuizLite" restart request
5108: 21:15:45.152 - Application: "QuizLite" started in app domain: 8
5108: 21:15:45.328 - Application: "QuizLite" stopped in app domain: 7
5108: 21:15:45.328 - Application: "QuizLite" restart complete.
5108: 21:16:49.025 - Restarting application: "QuizLite" due to file changes
5108: 21:16:49.025 - Application: "QuizLite" restart request
5108: 21:16:49.540 - Application: "QuizLite" started in app domain: 9
5108: 21:16:49.653 - Application: "QuizLite" stopped in app domain: 8
5108: 21:16:49.653 - Application: "QuizLite" restart complete.
7536: 21:16:49.659 - CManagedHost::OnDomainUnload() - 8
7536: 21:17:50.911 - CManagedHost::OnDomainUnload() - 7
5108: 21:29:56.557 - Restarting application: "QuizLite" due to file changes
5108: 21:29:56.557 - Application: "QuizLite" restart request
5108: 21:29:57.161 - Application: "QuizLite" started in app domain: 10
5108: 21:29:57.274 - Application: "QuizLite" stopped in app domain: 9
5108: 21:29:57.274 - Application: "QuizLite" restart complete.
7536: 21:30:16.295 - CManagedHost::OnDomainUnload() - 9
7968: 21:36:44.361 - Service is stopped...
7968: 21:36:44.361 - Server shutting down...
7968: 21:36:44.361 - Notifying CLR applications of shutdown...
7968: 21:36:44.964 - Shutting down TCP Outbound Connection Manager...
7968: 21:36:44.964 - Shutting down ENet host...
7968: 21:36:44.965 - Disconnecting all peers...
7968: 21:36:44.965 - Shutting down socket servers...
7968: 21:36:44.965 - Shutting down ENet thread pool...
7968: 21:36:44.965 - Shutting down TCP inactivity timers...
7968: 21:36:44.965 - WaitingForShutdownToComplete: TCP:0.0.0.0:4530
7968: 21:36:44.966 - OnShutdownCompleted: TCP:0.0.0.0:4530
7968: 21:36:44.966 - WaitingForShutdownToComplete: TCPPolicy:0.0.0.0:843
7968: 21:36:44.966 - OnShutdownCompleted: TCPPolicy:0.0.0.0:843
7968: 21:36:44.966 - WaitingForShutdownToComplete: TCPPolicy:0.0.0.0:943
7968: 21:36:44.966 - OnShutdownCompleted: TCPPolicy:0.0.0.0:943
7968: 21:36:44.966 - WaitingForShutdownToComplete: UDP:127.0.0.1:5055
7968: 21:36:44.966 - OnShutdownCompleted: UDP:127.0.0.1:5055
7968: 21:36:44.966 - WaitingForShutdownToComplete: UDP:192.168.1.13:5055
7968: 21:36:44.966 - OnShutdownCompleted: UDP:192.168.1.13:5055
7968: 21:36:44.966 - WaitingForShutdownToComplete: WebSocket:0.0.0.0:9090
7968: 21:36:44.966 - OnShutdownCompleted: WebSocket:0.0.0.0:9090
7968: 21:36:44.966 - Shutting down CLR applications...
7536: 21:36:44.974 - CManagedHost::OnDomainUnload() - 4
7968: 21:36:45.057 - Shutting down business logic thread pool...
7968: 21:36:45.058 - Shutting down I/O thread pool...
7968: 21:36:45.058 - Flushing ENET buffer allocator...
7968: 21:36:45.059 - Flushing TCP buffer allocator...
7968: 21:36:45.059 - Flushing stream socket allocator...
7968: 21:36:45.059 - Flushing datagram socket allocator...
7968: 21:36:45.060 - Destroying ENet thread pool
7968: 21:36:45.060 - Destroying TCP inactivity timer
7968: 21:36:45.060 - Destroying Business logic thread pool
7968: 21:36:45.060 - Destroying servers
7968: 21:36:45.060 - Destroying TCP Outbound Connection Manager
7968: 21:36:45.060 - Destroying resolver
7968: 21:36:45.060 - Destroying TCP Proxy Connection Manager
7968: 21:36:45.060 - Destroying ENet host
7968: 21:36:45.060 - Destroying CLR dispatcher
7968: 21:36:45.060 - Destroying CLR applications
7968: 21:36:45.060 - ~CCLRApplicationCollection()
7968: 21:36:45.060 - ~CCLRApplicationCollection() - RemoveAllApplications complete
7968: 21:36:45.060 - ~CCLRApplicationCollection() - done
7968: 21:36:45.088 - Destroying I/O thread pool
7968: 21:36:45.088 - Destroying ENet buffer allocator
7968: 21:36:45.088 - Destroying TCP buffer allocator
7968: 21:36:45.088 - Destroying TCP socket allocator
7968: 21:36:45.088 - Destroying ENet socket allocator
7968: 21:36:45.088 - Destroying performance counters
7968: 21:36:45.088 - Shutdown complete...
8780: 21:37:45.119 - ---
8780: 21:37:45.119 - Service: "Photon Socket Server" starting
8780: 21:37:45.119 - Config File: C:\Santiago\Repo\QuizServer\ExitGames-Photon-Server-SDK_v3-0-15-2544-RC7\deploy\bin_Win32\PhotonServer.config
8780: 21:37:45.121 - Will produce at most: 10 crash dumps
8780: 21:37:45.121 - Server Starting...
8780: 21:37:45.121 -    Tick count: 36861179 (wraps in: 49.2836 days)
8780: 21:37:45.121 - Tick count 64: 36861179
8780: 21:37:45.134 - Photon Version: 3.0.9.841
8780: 21:37:45.134 - Config File: C:\Santiago\Repo\QuizServer\ExitGames-Photon-Server-SDK_v3-0-15-2544-RC7\deploy\bin_Win32\PhotonServer.config
8780: 21:37:45.136 - Not using performance counters as they are not currently installed. Run the service with /InstallCounters to install them.
8780: 21:37:45.155 - About to load runtime: PhotonHostRuntime.PhotonDomainManager from PhotonHostRuntime, Culture=neutral, PublicKeyToken=02C301B61B060C4D
8780: 21:37:45.156 - About to load CLR - versions available:
8780: 21:37:45.156 - v2.0.50727
8780: 21:37:45.156 - v4.0.30319
8780: 21:37:45.156 - No preference in configuration file, will load latest.
8780: 21:37:45.156 - About to load version: "v4.0.30319"
8780: 21:37:45.158 - Loaded version: "v4.0.30319"
8780: 21:37:45.800 - Photon host runtime loaded
8780: 21:37:45.810 - License is valid.
8780: 21:37:45.810 - Licensed for 100 concurrent connections.
8780: 21:37:45.810 - Max Reliable Data In Transit (awaiting ACKs) per peer : 16384 bytes
8780: 21:37:45.810 - Per peer bandwidth limit
8780: 21:37:45.810 - Transmit Rate Limit: 128 KB/Sec
8780: 21:37:45.810 - Limit period: 250ms
8780: 21:37:45.810 - Limit per period: 32768 bytes
8780: 21:37:45.810 - Max queued data for transmission per peer: 65536 bytes
8780: 21:37:45.810 - Minimum retransmit timeout: 200
8780: 21:37:45.810 - Minimum ENet timeout: 5000ms
8780: 21:37:45.811 - Maximum ENet timeout: 30000ms
8780: 21:37:45.811 - ENetHost: Using Timer Wheel
8780: 21:37:45.811 - About to load application: QuizLite from QuizLite
8780: 21:37:45.811 - Auto restart is enabled for application
8780: 21:37:45.811 - Application will restart 10000ms after the last change detected
8780: 21:37:45.811 - Application will restart if files matching the following are changed: "dll;config"
8780: 21:37:45.811 - Application will NOT restart if files matching the following are changed: "log4net.config"
8780: 21:37:46.666 - Application: "QuizLite" started in app domain: 2
8780: 21:37:46.666 - About to load application: LiteWebSockets from Lite
8780: 21:37:47.096 - Application: "LiteWebSockets" started in app domain: 3
8780: 21:37:47.096 - About to load application: CounterPublisher from CounterPublisher
8780: 21:37:47.096 - Auto restart is enabled for application
8780: 21:37:47.096 - Application will restart 10000ms after the last change detected
8780: 21:37:47.096 - Application will restart if files matching the following are changed: "dll;config"
8780: 21:37:47.096 - Application will NOT restart if files matching the following are changed: "log4net.config"
8780: 21:37:47.568 - Application: "CounterPublisher" started in app domain: 4
8780: 21:37:47.568 - About to load application: Policy from Policy.Application
8780: 21:37:47.955 - Application: "Policy" started in app domain: 5
8780: 21:37:47.955 - Adding TCP listener on :0.0.0.0: 4530 with a listen backlog of: 150
8780: 21:37:47.955 - Nagle disabled
8780: 21:37:47.955 - TCP inactivity timeout: 5000ms
8780: 21:37:47.955 - UDP address specified as:0.0.0.0 adding listener to each available IPv4 address
8780: 21:37:47.956 - Adding UDP listener on :192.168.1.13: 5055 with a listen backlog of: 500
8780: 21:37:47.956 - Adding UDP listener on :127.0.0.1: 5055 with a listen backlog of: 500
8780: 21:37:47.956 - Adding TCP Policy listener on :0.0.0.0: 843 with a listen backlog of: 150 and routing to application: "Policy"
8780: 21:37:47.956 - TCP inactivity timeout: 5000ms
8780: 21:37:47.956 - Adding TCP Policy listener on :0.0.0.0: 943 with a listen backlog of: 150 and routing to application: "Policy"
8780: 21:37:47.956 - TCP inactivity timeout: 5000ms
8780: 21:37:47.956 - Adding WebSocket TCP listener on :0.0.0.0: 9090 with a listen backlog of: 150
8780: 21:37:47.956 - Nagle disabled
8780: 21:37:47.956 - TCP inactivity timeout: 100000ms
8780: 21:37:47.956 - Forcing all applications ids to: "LiteWebSockets"
8780: 21:37:54.126 - Service is running...
6008: 21:41:21.266 - Restarting application: "QuizLite" due to file changes
6008: 21:41:21.266 - Application: "QuizLite" restart request
6008: 21:41:21.806 - Application: "QuizLite" started in app domain: 6
6008: 21:41:22.649 - Application: "QuizLite" stopped in app domain: 2
6008: 21:41:22.649 - Application: "QuizLite" restart complete.
7416: 21:41:22.658 - CManagedHost::OnDomainUnload() - 2
6008: 21:43:39.225 - Restarting application: "QuizLite" due to file changes
6008: 21:43:39.225 - Application: "QuizLite" restart request
6008: 21:43:39.713 - Application: "QuizLite" started in app domain: 7
6008: 21:43:39.829 - Application: "QuizLite" stopped in app domain: 6
6008: 21:43:39.829 - Application: "QuizLite" restart complete.
7416: 21:43:48.427 - CManagedHost::OnDomainUnload() - 6
6008: 21:57:11.276 - Restarting application: "QuizLite" due to file changes
6008: 21:57:11.276 - Application: "QuizLite" restart request
6008: 21:57:12.029 - Application: "QuizLite" started in app domain: 8
6008: 21:57:12.244 - Application: "QuizLite" stopped in app domain: 7
6008: 21:57:12.244 - Application: "QuizLite" restart complete.
7416: 21:57:12.256 - CManagedHost::OnDomainUnload() - 7
6008: 22:05:09.057 - Restarting application: "QuizLite" due to file changes
6008: 22:05:09.057 - Application: "QuizLite" restart request
6008: 22:05:09.771 - Application: "QuizLite" started in app domain: 9
6008: 22:05:09.967 - Application: "QuizLite" stopped in app domain: 8
6008: 22:05:09.968 - Application: "QuizLite" restart complete.
7416: 22:05:10.855 - CManagedHost::OnDomainUnload() - 8
6008: 22:06:38.507 - Restarting application: "QuizLite" due to file changes
6008: 22:06:38.507 - Application: "QuizLite" restart request
6008: 22:06:39.180 - Application: "QuizLite" started in app domain: 10
6008: 22:06:39.363 - Application: "QuizLite" stopped in app domain: 9
6008: 22:06:39.363 - Application: "QuizLite" restart complete.
7416: 22:06:47.341 - CManagedHost::OnDomainUnload() - 9
6008: 22:10:03.523 - Restarting application: "QuizLite" due to file changes
6008: 22:10:03.523 - Application: "QuizLite" restart request
6008: 22:10:04.015 - Failed to restart application: CManagedHost::StartApplication() - Failed to start application in AppDomain: 11 - No se puede cargar el archivo o ensamblado 'QuizLite' ni una de sus dependencias. El sistema no puede encontrar el archivo especificado.
7416: 22:10:04.019 - CManagedHost::OnDomainUnload() - 11
6008: 22:10:33.173 - Restarting application: "QuizLite" due to file changes
6008: 22:10:33.173 - Application: "QuizLite" restart request
6008: 22:10:33.822 - Application: "QuizLite" started in app domain: 12
6008: 22:10:34.000 - Application: "QuizLite" stopped in app domain: 10
6008: 22:10:34.000 - Application: "QuizLite" restart complete.
6008: 22:12:11.538 - Restarting application: "QuizLite" due to file changes
6008: 22:12:11.538 - Application: "QuizLite" restart request
6008: 22:12:12.160 - Application: "QuizLite" started in app domain: 13
6008: 22:12:12.353 - Application: "QuizLite" stopped in app domain: 12
6008: 22:12:12.353 - Application: "QuizLite" restart complete.
7416: 22:12:12.364 - CManagedHost::OnDomainUnload() - 12
6008: 22:14:58.959 - Restarting application: "QuizLite" due to file changes
6008: 22:14:58.959 - Application: "QuizLite" restart request
6008: 22:14:59.571 - Application: "QuizLite" started in app domain: 14
6008: 22:14:59.756 - Application: "QuizLite" stopped in app domain: 13
6008: 22:14:59.756 - Application: "QuizLite" restart complete.
7416: 22:14:59.766 - CManagedHost::OnDomainUnload() - 13
7416: 22:15:19.629 - CManagedHost::OnDomainUnload() - 10
6008: 22:15:35.060 - Restarting application: "QuizLite" due to file changes
6008: 22:15:35.060 - Application: "QuizLite" restart request
6008: 22:15:36.085 - Application: "QuizLite" started in app domain: 15
6008: 22:15:36.282 - Application: "QuizLite" stopped in app domain: 14
6008: 22:15:36.282 - Application: "QuizLite" restart complete.
6008: 22:16:48.993 - Restarting application: "QuizLite" due to file changes
6008: 22:16:48.993 - Application: "QuizLite" restart request
6008: 22:16:49.455 - Application: "QuizLite" started in app domain: 16
6008: 22:16:49.578 - Application: "QuizLite" stopped in app domain: 15
6008: 22:16:49.578 - Application: "QuizLite" restart complete.
7416: 22:16:49.582 - CManagedHost::OnDomainUnload() - 15
7416: 22:16:56.785 - CManagedHost::OnDomainUnload() - 14
