9184: 21:06:51.503 - ---
9184: 21:06:51.548 - Service: "Photon Socket Server" starting
9184: 21:06:51.548 - Config File: C:\Santiago\Repo\QuizServer\ExitGames-Photon-Server-SDK_v3-0-15-2544-RC7\deploy\bin_Win32\PhotonServer.config
9184: 21:06:51.551 - Will produce at most: 10 crash dumps
9184: 21:06:51.551 - Server Starting...
9184: 21:06:51.552 -    Tick count: 106537606 (wraps in: 48.4772 days)
9184: 21:06:51.552 - Tick count 64: 106537606
9184: 21:06:51.552 - Photon Version: 3.0.9.841
9184: 21:06:51.553 - Config File: C:\Santiago\Repo\QuizServer\ExitGames-Photon-Server-SDK_v3-0-15-2544-RC7\deploy\bin_Win32\PhotonServer.config
9184: 21:06:51.557 - Not using performance counters as they are not currently installed. Run the service with /InstallCounters to install them.
9184: 21:06:51.998 - About to load runtime: PhotonHostRuntime.PhotonDomainManager from PhotonHostRuntime, Culture=neutral, PublicKeyToken=02C301B61B060C4D
9184: 21:06:52.030 - About to load CLR - versions available:
9184: 21:06:52.030 - v2.0.50727
9184: 21:06:52.030 - v4.0.30319
9184: 21:06:52.030 - No preference in configuration file, will load latest.
9184: 21:06:52.030 - About to load version: "v4.0.30319"
9184: 21:06:52.033 - Loaded version: "v4.0.30319"
9184: 21:06:54.720 - Photon host runtime loaded
9184: 21:06:54.748 - License is valid.
9184: 21:06:54.748 - Licensed for 100 concurrent connections.
9184: 21:06:54.748 - Max Reliable Data In Transit (awaiting ACKs) per peer : 16384 bytes
9184: 21:06:54.748 - Per peer bandwidth limit
9184: 21:06:54.748 - Transmit Rate Limit: 128 KB/Sec
9184: 21:06:54.748 - Limit period: 250ms
9184: 21:06:54.748 - Limit per period: 32768 bytes
9184: 21:06:54.748 - Max queued data for transmission per peer: 65536 bytes
9184: 21:06:54.748 - Minimum retransmit timeout: 200
9184: 21:06:54.748 - Minimum ENet timeout: 5000ms
9184: 21:06:54.748 - Maximum ENet timeout: 30000ms
9184: 21:06:54.767 - ENetHost: Using Timer Wheel
9184: 21:06:54.767 - About to load application: QuizLite from QuizLite
9184: 21:06:54.767 - Auto restart is enabled for application
9184: 21:06:54.767 - Application will restart 10000ms after the last change detected
9184: 21:06:54.767 - Application will restart if files matching the following are changed: "dll;config"
9184: 21:06:54.767 - Application will NOT restart if files matching the following are changed: "log4net.config"
9184: 21:06:56.872 - Application: "QuizLite" started in app domain: 2
9184: 21:06:56.872 - About to load application: LiteWebSockets from Lite
9184: 21:06:57.497 - Application: "LiteWebSockets" started in app domain: 3
9184: 21:06:57.497 - About to load application: CounterPublisher from CounterPublisher
9184: 21:06:57.497 - Auto restart is enabled for application
9184: 21:06:57.497 - Application will restart 10000ms after the last change detected
9184: 21:06:57.497 - Application will restart if files matching the following are changed: "dll;config"
9184: 21:06:57.497 - Application will NOT restart if files matching the following are changed: "log4net.config"
9184: 21:06:58.654 - Application: "CounterPublisher" started in app domain: 4
9184: 21:06:58.654 - About to load application: Policy from Policy.Application
9184: 21:06:59.085 - Application: "Policy" started in app domain: 5
9184: 21:06:59.085 - Adding TCP listener on :0.0.0.0: 4530 with a listen backlog of: 150
9184: 21:06:59.085 - Nagle disabled
9184: 21:06:59.085 - TCP inactivity timeout: 5000ms
9184: 21:06:59.103 - UDP address specified as:0.0.0.0 adding listener to each available IPv4 address
9184: 21:06:59.108 - Adding UDP listener on :192.168.1.3: 5055 with a listen backlog of: 500
9184: 21:06:59.108 - Adding UDP listener on :127.0.0.1: 5055 with a listen backlog of: 500
9184: 21:06:59.108 - Adding TCP Policy listener on :0.0.0.0: 843 with a listen backlog of: 150 and routing to application: "Policy"
9184: 21:06:59.108 - TCP inactivity timeout: 5000ms
9184: 21:06:59.108 - Adding TCP Policy listener on :0.0.0.0: 943 with a listen backlog of: 150 and routing to application: "Policy"
9184: 21:06:59.108 - TCP inactivity timeout: 5000ms
9184: 21:06:59.108 - Adding WebSocket TCP listener on :0.0.0.0: 9090 with a listen backlog of: 150
9184: 21:06:59.108 - Nagle disabled
9184: 21:06:59.108 - TCP inactivity timeout: 100000ms
9184: 21:06:59.108 - Forcing all applications ids to: "LiteWebSockets"
9184: 21:07:10.219 - Service is running...
