7460: 00:34:58.851 - Restarting application: "QuizLite" due to file changes
7460: 00:34:58.851 - Application: "QuizLite" restart request
7460: 00:34:59.406 - Application: "QuizLite" started in app domain: 12
7460: 00:34:59.572 - Application: "QuizLite" stopped in app domain: 11
7460: 00:34:59.572 - Application: "QuizLite" restart complete.
7576: 00:35:19.006 - CManagedHost::OnDomainUnload() - 11
7460: 01:42:00.212 - Restarting application: "QuizLite" due to file changes
7460: 01:42:00.212 - Application: "QuizLite" restart request
7460: 01:42:00.663 - Application: "QuizLite" started in app domain: 13
7460: 01:42:00.762 - Application: "QuizLite" stopped in app domain: 12
7460: 01:42:00.762 - Application: "QuizLite" restart complete.
7576: 01:42:08.996 - CManagedHost::OnDomainUnload() - 12
7460: 01:49:03.579 - Restarting application: "QuizLite" due to file changes
7460: 01:49:03.579 - Application: "QuizLite" restart request
7460: 01:49:04.037 - Application: "QuizLite" started in app domain: 14
7460: 01:49:04.135 - Application: "QuizLite" stopped in app domain: 13
7460: 01:49:04.135 - Application: "QuizLite" restart complete.
7576: 01:49:05.125 - CManagedHost::OnDomainUnload() - 13
7460: 01:51:24.692 - Restarting application: "QuizLite" due to file changes
7460: 01:51:24.692 - Application: "QuizLite" restart request
7460: 01:51:25.155 - Application: "QuizLite" started in app domain: 15
7460: 01:51:25.257 - Application: "QuizLite" stopped in app domain: 14
7460: 01:51:25.257 - Application: "QuizLite" restart complete.
7460: 01:51:46.754 - Restarting application: "QuizLite" due to file changes
7460: 01:51:46.754 - Application: "QuizLite" restart request
7460: 01:51:47.334 - Application: "QuizLite" started in app domain: 16
7460: 01:51:47.496 - Application: "QuizLite" stopped in app domain: 15
7460: 01:51:47.496 - Application: "QuizLite" restart complete.
7576: 01:51:47.506 - CManagedHost::OnDomainUnload() - 15
7576: 01:51:59.855 - CManagedHost::OnDomainUnload() - 14
7160: 02:22:53.352 - ---
7160: 02:22:53.352 - Service: "Photon Socket Server" starting
7160: 02:22:53.352 - Config File: C:\Santiago\Repo\QuizServer\ExitGames-Photon-Server-SDK_v3-0-15-2544-RC7\deploy\bin_Win32\PhotonServer.config
7160: 02:22:53.354 - Will produce at most: 10 crash dumps
7160: 02:22:53.354 - Server Starting...
7160: 02:22:53.354 -    Tick count: 44746406 (wraps in: 49.1924 days)
7160: 02:22:53.354 - Tick count 64: 44746406
7160: 02:22:53.355 - Photon Version: 3.0.9.841
7160: 02:22:53.355 - Config File: C:\Santiago\Repo\QuizServer\ExitGames-Photon-Server-SDK_v3-0-15-2544-RC7\deploy\bin_Win32\PhotonServer.config
7160: 02:22:53.356 - Not using performance counters as they are not currently installed. Run the service with /InstallCounters to install them.
7160: 02:22:53.369 - About to load runtime: PhotonHostRuntime.PhotonDomainManager from PhotonHostRuntime, Culture=neutral, PublicKeyToken=02C301B61B060C4D
7160: 02:22:53.370 - About to load CLR - versions available:
7160: 02:22:53.370 - v2.0.50727
7160: 02:22:53.370 - v4.0.30319
7160: 02:22:53.370 - No preference in configuration file, will load latest.
7160: 02:22:53.370 - About to load version: "v4.0.30319"
7160: 02:22:53.372 - Loaded version: "v4.0.30319"
7160: 02:22:53.963 - Photon host runtime loaded
7160: 02:22:53.974 - License is valid.
7160: 02:22:53.974 - Licensed for 100 concurrent connections.
7160: 02:22:53.974 - Max Reliable Data In Transit (awaiting ACKs) per peer : 16384 bytes
7160: 02:22:53.974 - Per peer bandwidth limit
7160: 02:22:53.974 - Transmit Rate Limit: 128 KB/Sec
7160: 02:22:53.974 - Limit period: 250ms
7160: 02:22:53.974 - Limit per period: 32768 bytes
7160: 02:22:53.974 - Max queued data for transmission per peer: 65536 bytes
7160: 02:22:53.974 - Minimum retransmit timeout: 200
7160: 02:22:53.974 - Minimum ENet timeout: 5000ms
7160: 02:22:53.974 - Maximum ENet timeout: 30000ms
7160: 02:22:53.975 - ENetHost: Using Timer Wheel
7160: 02:22:53.975 - About to load application: QuizLite from QuizLite
7160: 02:22:53.975 - Auto restart is enabled for application
7160: 02:22:53.975 - Application will restart 10000ms after the last change detected
7160: 02:22:53.975 - Application will restart if files matching the following are changed: "dll;config"
7160: 02:22:53.975 - Application will NOT restart if files matching the following are changed: "log4net.config"
7160: 02:22:54.632 - Application: "QuizLite" started in app domain: 2
7160: 02:22:54.632 - About to load application: LiteWebSockets from Lite
7160: 02:22:55.027 - Application: "LiteWebSockets" started in app domain: 3
7160: 02:22:55.027 - About to load application: CounterPublisher from CounterPublisher
7160: 02:22:55.027 - Auto restart is enabled for application
7160: 02:22:55.027 - Application will restart 10000ms after the last change detected
7160: 02:22:55.027 - Application will restart if files matching the following are changed: "dll;config"
7160: 02:22:55.027 - Application will NOT restart if files matching the following are changed: "log4net.config"
7160: 02:22:55.426 - Application: "CounterPublisher" started in app domain: 4
7160: 02:22:55.426 - About to load application: Policy from Policy.Application
7160: 02:22:55.811 - Application: "Policy" started in app domain: 5
7160: 02:22:55.811 - Adding TCP listener on :0.0.0.0: 4530 with a listen backlog of: 150
7160: 02:22:55.811 - Nagle disabled
7160: 02:22:55.811 - TCP inactivity timeout: 5000ms
7160: 02:22:55.811 - UDP address specified as:0.0.0.0 adding listener to each available IPv4 address
7160: 02:22:55.811 - Adding UDP listener on :192.168.1.3: 5055 with a listen backlog of: 500
7160: 02:22:55.812 - Adding UDP listener on :127.0.0.1: 5055 with a listen backlog of: 500
7160: 02:22:55.812 - Adding TCP Policy listener on :0.0.0.0: 843 with a listen backlog of: 150 and routing to application: "Policy"
7160: 02:22:55.812 - TCP inactivity timeout: 5000ms
7160: 02:22:55.812 - Adding TCP Policy listener on :0.0.0.0: 943 with a listen backlog of: 150 and routing to application: "Policy"
7160: 02:22:55.812 - TCP inactivity timeout: 5000ms
7160: 02:22:55.812 - Adding WebSocket TCP listener on :0.0.0.0: 9090 with a listen backlog of: 150
7160: 02:22:55.812 - Nagle disabled
7160: 02:22:55.812 - TCP inactivity timeout: 100000ms
7160: 02:22:55.812 - Forcing all applications ids to: "LiteWebSockets"
7160: 02:23:03.184 - Service is running...
3656: 11:15:12.482 - ---
3656: 11:15:12.482 - Service: "Photon Socket Server" starting
3656: 11:15:12.482 - Config File: C:\Santiago\Repo\QuizServer\ExitGames-Photon-Server-SDK_v3-0-15-2544-RC7\deploy\bin_Win32\PhotonServer.config
3656: 11:15:12.485 - Will produce at most: 10 crash dumps
3656: 11:15:12.485 - Server Starting...
3656: 11:15:12.485 -    Tick count: 1968545 (wraps in: 49.6875 days)
3656: 11:15:12.485 - Tick count 64: 1968545
3656: 11:15:12.486 - Photon Version: 3.0.9.841
3656: 11:15:12.486 - Config File: C:\Santiago\Repo\QuizServer\ExitGames-Photon-Server-SDK_v3-0-15-2544-RC7\deploy\bin_Win32\PhotonServer.config
3656: 11:15:12.489 - Not using performance counters as they are not currently installed. Run the service with /InstallCounters to install them.
3656: 11:15:12.514 - About to load runtime: PhotonHostRuntime.PhotonDomainManager from PhotonHostRuntime, Culture=neutral, PublicKeyToken=02C301B61B060C4D
3656: 11:15:12.515 - About to load CLR - versions available:
3656: 11:15:12.515 - v2.0.50727
3656: 11:15:12.515 - v4.0.30319
3656: 11:15:12.515 - No preference in configuration file, will load latest.
3656: 11:15:12.515 - About to load version: "v4.0.30319"
3656: 11:15:12.520 - Loaded version: "v4.0.30319"
3656: 11:15:13.205 - Photon host runtime loaded
3656: 11:15:13.215 - License is valid.
3656: 11:15:13.215 - Licensed for 100 concurrent connections.
3656: 11:15:13.215 - Max Reliable Data In Transit (awaiting ACKs) per peer : 16384 bytes
3656: 11:15:13.215 - Per peer bandwidth limit
3656: 11:15:13.215 - Transmit Rate Limit: 128 KB/Sec
3656: 11:15:13.215 - Limit period: 250ms
3656: 11:15:13.215 - Limit per period: 32768 bytes
3656: 11:15:13.215 - Max queued data for transmission per peer: 65536 bytes
3656: 11:15:13.215 - Minimum retransmit timeout: 200
3656: 11:15:13.215 - Minimum ENet timeout: 5000ms
3656: 11:15:13.215 - Maximum ENet timeout: 30000ms
3656: 11:15:13.215 - ENetHost: Using Timer Wheel
3656: 11:15:13.215 - About to load application: QuizLite from QuizLite
3656: 11:15:13.215 - Auto restart is enabled for application
3656: 11:15:13.215 - Application will restart 10000ms after the last change detected
3656: 11:15:13.215 - Application will restart if files matching the following are changed: "dll;config"
3656: 11:15:13.215 - Application will NOT restart if files matching the following are changed: "log4net.config"
3656: 11:15:14.124 - Application: "QuizLite" started in app domain: 2
3656: 11:15:14.124 - About to load application: LiteWebSockets from Lite
3656: 11:15:14.521 - Application: "LiteWebSockets" started in app domain: 3
3656: 11:15:14.521 - About to load application: CounterPublisher from CounterPublisher
3656: 11:15:14.521 - Auto restart is enabled for application
3656: 11:15:14.521 - Application will restart 10000ms after the last change detected
3656: 11:15:14.521 - Application will restart if files matching the following are changed: "dll;config"
3656: 11:15:14.521 - Application will NOT restart if files matching the following are changed: "log4net.config"
3656: 11:15:14.921 - Application: "CounterPublisher" started in app domain: 4
3656: 11:15:14.921 - About to load application: Policy from Policy.Application
3656: 11:15:15.306 - Application: "Policy" started in app domain: 5
3656: 11:15:15.306 - Adding TCP listener on :0.0.0.0: 4530 with a listen backlog of: 150
3656: 11:15:15.306 - Nagle disabled
3656: 11:15:15.306 - TCP inactivity timeout: 5000ms
3656: 11:15:15.306 - UDP address specified as:0.0.0.0 adding listener to each available IPv4 address
3656: 11:15:15.306 - Adding UDP listener on :192.168.1.105: 5055 with a listen backlog of: 500
3656: 11:15:15.306 - Adding UDP listener on :127.0.0.1: 5055 with a listen backlog of: 500
3656: 11:15:15.306 - Adding TCP Policy listener on :0.0.0.0: 843 with a listen backlog of: 150 and routing to application: "Policy"
3656: 11:15:15.306 - TCP inactivity timeout: 5000ms
3656: 11:15:15.307 - Adding TCP Policy listener on :0.0.0.0: 943 with a listen backlog of: 150 and routing to application: "Policy"
3656: 11:15:15.307 - TCP inactivity timeout: 5000ms
3656: 11:15:15.307 - Adding WebSocket TCP listener on :0.0.0.0: 9090 with a listen backlog of: 150
3656: 11:15:15.307 - Nagle disabled
3656: 11:15:15.307 - TCP inactivity timeout: 100000ms
3656: 11:15:15.307 - Forcing all applications ids to: "LiteWebSockets"
3656: 11:15:23.031 - Service is running...
6112: 11:33:15.481 - Restarting application: "QuizLite" due to file changes
6112: 11:33:15.481 - Application: "QuizLite" restart request
6112: 11:33:17.006 - Application: "QuizLite" started in app domain: 6
6112: 11:33:17.212 - Application: "QuizLite" stopped in app domain: 2
6112: 11:33:17.212 - Application: "QuizLite" restart complete.
6624: 11:39:24.817 - CManagedHost::OnDomainUnload() - 2
6112: 12:28:17.916 - Restarting application: "QuizLite" due to file changes
6112: 12:28:17.916 - Application: "QuizLite" restart request
6112: 12:28:18.756 - Application: "QuizLite" started in app domain: 7
6112: 12:28:18.929 - Application: "QuizLite" stopped in app domain: 6
6112: 12:28:18.929 - Application: "QuizLite" restart complete.
6624: 12:28:18.939 - CManagedHost::OnDomainUnload() - 6
6112: 16:06:40.068 - Restarting application: "QuizLite" due to file changes
6112: 16:06:40.117 - Application: "QuizLite" restart request
6112: 16:06:43.465 - Application: "QuizLite" started in app domain: 8
6112: 16:06:44.083 - Application: "QuizLite" stopped in app domain: 7
6112: 16:06:44.083 - Application: "QuizLite" restart complete.
6112: 16:07:23.795 - Restarting application: "QuizLite" due to file changes
6112: 16:07:23.795 - Application: "QuizLite" restart request
6112: 16:07:24.361 - Application: "QuizLite" started in app domain: 9
6112: 16:07:24.539 - Application: "QuizLite" stopped in app domain: 8
6112: 16:07:24.539 - Application: "QuizLite" restart complete.
6624: 16:07:24.584 - CManagedHost::OnDomainUnload() - 8
6624: 16:07:59.186 - CManagedHost::OnDomainUnload() - 7
6112: 16:51:24.888 - Restarting application: "QuizLite" due to file changes
6112: 16:51:24.888 - Application: "QuizLite" restart request
6112: 16:51:25.797 - Application: "QuizLite" started in app domain: 10
6112: 16:51:25.931 - Application: "QuizLite" stopped in app domain: 9
6112: 16:51:25.931 - Application: "QuizLite" restart complete.
7732: 16:54:38.700 - ---
7732: 16:54:38.700 - Service: "Photon Socket Server" starting
7732: 16:54:38.700 - Config File: C:\Santiago\Repo\QuizServer\ExitGames-Photon-Server-SDK_v3-0-15-2544-RC7\deploy\bin_Win32\PhotonServer.config
7732: 16:54:38.703 - Will produce at most: 10 crash dumps
7732: 16:54:38.703 - Server Starting...
7732: 16:54:38.703 -    Tick count: 22334756 (wraps in: 49.4518 days)
7732: 16:54:38.703 - Tick count 64: 22334756
7732: 16:54:38.708 - Photon Version: 3.0.9.841
7732: 16:54:38.708 - Config File: C:\Santiago\Repo\QuizServer\ExitGames-Photon-Server-SDK_v3-0-15-2544-RC7\deploy\bin_Win32\PhotonServer.config
7732: 16:54:38.712 - Not using performance counters as they are not currently installed. Run the service with /InstallCounters to install them.
7732: 16:54:38.795 - About to load runtime: PhotonHostRuntime.PhotonDomainManager from PhotonHostRuntime, Culture=neutral, PublicKeyToken=02C301B61B060C4D
7732: 16:54:38.796 - About to load CLR - versions available:
7732: 16:54:38.796 - v2.0.50727
7732: 16:54:38.796 - v4.0.30319
7732: 16:54:38.796 - No preference in configuration file, will load latest.
7732: 16:54:38.796 - About to load version: "v4.0.30319"
7732: 16:54:38.801 - Loaded version: "v4.0.30319"
7732: 16:54:40.098 - Photon host runtime loaded
7732: 16:54:40.124 - License is valid.
7732: 16:54:40.124 - Licensed for 100 concurrent connections.
7732: 16:54:40.124 - Max Reliable Data In Transit (awaiting ACKs) per peer : 16384 bytes
7732: 16:54:40.124 - Per peer bandwidth limit
7732: 16:54:40.124 - Transmit Rate Limit: 128 KB/Sec
7732: 16:54:40.124 - Limit period: 250ms
7732: 16:54:40.124 - Limit per period: 32768 bytes
7732: 16:54:40.124 - Max queued data for transmission per peer: 65536 bytes
7732: 16:54:40.124 - Minimum retransmit timeout: 200
7732: 16:54:40.124 - Minimum ENet timeout: 5000ms
7732: 16:54:40.124 - Maximum ENet timeout: 30000ms
7732: 16:54:40.132 - ENetHost: Using Timer Wheel
7732: 16:54:40.132 - About to load application: QuizLite from QuizLite
7732: 16:54:40.132 - Auto restart is enabled for application
7732: 16:54:40.132 - Application will restart 10000ms after the last change detected
7732: 16:54:40.132 - Application will restart if files matching the following are changed: "dll;config"
7732: 16:54:40.132 - Application will NOT restart if files matching the following are changed: "log4net.config"
7732: 16:54:41.212 - Application: "QuizLite" started in app domain: 2
7732: 16:54:41.213 - About to load application: LiteWebSockets from Lite
7732: 16:54:41.811 - Application: "LiteWebSockets" started in app domain: 3
7732: 16:54:41.811 - About to load application: CounterPublisher from CounterPublisher
7732: 16:54:41.811 - Auto restart is enabled for application
7732: 16:54:41.811 - Application will restart 10000ms after the last change detected
7732: 16:54:41.811 - Application will restart if files matching the following are changed: "dll;config"
7732: 16:54:41.811 - Application will NOT restart if files matching the following are changed: "log4net.config"
7732: 16:54:43.214 - Application: "CounterPublisher" started in app domain: 4
7732: 16:54:43.214 - About to load application: Policy from Policy.Application
7732: 16:54:44.208 - Application: "Policy" started in app domain: 5
7732: 16:54:44.208 - Adding TCP listener on :0.0.0.0: 4530 with a listen backlog of: 150
7732: 16:54:44.208 - Nagle disabled
7732: 16:54:44.208 - TCP inactivity timeout: 5000ms
7732: 16:54:44.224 - UDP address specified as:0.0.0.0 adding listener to each available IPv4 address
7732: 16:54:44.225 - Adding UDP listener on :192.168.1.105: 5055 with a listen backlog of: 500
7732: 16:54:44.234 - Adding UDP listener on :127.0.0.1: 5055 with a listen backlog of: 500
7732: 16:54:44.234 - Adding TCP Policy listener on :0.0.0.0: 843 with a listen backlog of: 150 and routing to application: "Policy"
7732: 16:54:44.234 - TCP inactivity timeout: 5000ms
7732: 16:54:44.234 - Adding TCP Policy listener on :0.0.0.0: 943 with a listen backlog of: 150 and routing to application: "Policy"
7732: 16:54:44.234 - TCP inactivity timeout: 5000ms
7732: 16:54:44.234 - Adding WebSocket TCP listener on :0.0.0.0: 9090 with a listen backlog of: 150
7732: 16:54:44.234 - Nagle disabled
7732: 16:54:44.234 - TCP inactivity timeout: 100000ms
7732: 16:54:44.234 - Forcing all applications ids to: "LiteWebSockets"
7732: 16:54:55.623 - Service is running...
8844: 16:55:54.387 - Restarting application: "QuizLite" due to file changes
8844: 16:55:54.387 - Application: "QuizLite" restart request
8844: 16:55:54.988 - Application: "QuizLite" started in app domain: 6
8844: 16:55:55.153 - Application: "QuizLite" stopped in app domain: 2
8844: 16:55:55.153 - Application: "QuizLite" restart complete.
7372: 16:55:55.163 - CManagedHost::OnDomainUnload() - 2
8844: 17:04:37.635 - Restarting application: "QuizLite" due to file changes
8844: 17:04:37.635 - Application: "QuizLite" restart request
8844: 17:04:38.385 - Application: "QuizLite" started in app domain: 7
8844: 17:04:38.559 - Application: "QuizLite" stopped in app domain: 6
8844: 17:04:38.559 - Application: "QuizLite" restart complete.
7372: 17:04:38.570 - CManagedHost::OnDomainUnload() - 6
8844: 17:07:38.950 - Restarting application: "QuizLite" due to file changes
8844: 17:07:38.950 - Application: "QuizLite" restart request
8844: 17:07:39.651 - Application: "QuizLite" started in app domain: 8
8844: 17:07:39.808 - Application: "QuizLite" stopped in app domain: 7
8844: 17:07:39.808 - Application: "QuizLite" restart complete.
7372: 17:07:39.817 - CManagedHost::OnDomainUnload() - 7
