8160: 12:09:17.021 - ---
8160: 12:09:17.021 - Service: "Photon Socket Server" starting
8160: 12:09:17.021 - Config File: C:\Santiago\Repo\QuizServer\ExitGames-Photon-Server-SDK_v3-0-15-2544-RC7\deploy\bin_Win32\PhotonServer.config
8160: 12:09:17.022 - Will produce at most: 10 crash dumps
8160: 12:09:17.022 - Server Starting...
8160: 12:09:17.022 -    Tick count: 2872072 (wraps in: 49.677 days)
8160: 12:09:17.022 - Tick count 64: 2872072
8160: 12:09:17.022 - Photon Version: 3.0.9.841
8160: 12:09:17.023 - Config File: C:\Santiago\Repo\QuizServer\ExitGames-Photon-Server-SDK_v3-0-15-2544-RC7\deploy\bin_Win32\PhotonServer.config
8160: 12:09:17.024 - Not using performance counters as they are not currently installed. Run the service with /InstallCounters to install them.
8160: 12:09:17.037 - About to load runtime: PhotonHostRuntime.PhotonDomainManager from PhotonHostRuntime, Culture=neutral, PublicKeyToken=02C301B61B060C4D
8160: 12:09:17.038 - About to load CLR - versions available:
8160: 12:09:17.038 - v2.0.50727
8160: 12:09:17.038 - v4.0.30319
8160: 12:09:17.038 - No preference in configuration file, will load latest.
8160: 12:09:17.038 - About to load version: "v4.0.30319"
8160: 12:09:17.040 - Loaded version: "v4.0.30319"
8160: 12:09:17.791 - Photon host runtime loaded
8160: 12:09:17.801 - License is valid.
8160: 12:09:17.801 - Licensed for 100 concurrent connections.
8160: 12:09:17.801 - Max Reliable Data In Transit (awaiting ACKs) per peer : 16384 bytes
8160: 12:09:17.801 - Per peer bandwidth limit
8160: 12:09:17.801 - Transmit Rate Limit: 128 KB/Sec
8160: 12:09:17.801 - Limit period: 250ms
8160: 12:09:17.801 - Limit per period: 32768 bytes
8160: 12:09:17.801 - Max queued data for transmission per peer: 65536 bytes
8160: 12:09:17.801 - Minimum retransmit timeout: 200
8160: 12:09:17.801 - Minimum ENet timeout: 5000ms
8160: 12:09:17.801 - Maximum ENet timeout: 30000ms
8160: 12:09:17.801 - ENetHost: Using Timer Wheel
8160: 12:09:17.801 - About to load application: QuizLite from QuizLite
8160: 12:09:17.801 - Auto restart is enabled for application
8160: 12:09:17.801 - Application will restart 10000ms after the last change detected
8160: 12:09:17.801 - Application will restart if files matching the following are changed: "dll;config"
8160: 12:09:17.801 - Application will NOT restart if files matching the following are changed: "log4net.config"
8160: 12:09:18.897 - ERROR: Failed to start application: "QuizLite" in app domain: 2
8160: 12:09:18.897 - CService::OnException() - Exception: CManagedHost::StartApplication() - Failed to start application in AppDomain: 2 - No se puede cargar el archivo o ensamblado 'QuizLite' ni una de sus dependencias. El sistema no puede encontrar el archivo especificado.
8160: 12:09:18.897 - Server shutting down...
8160: 12:09:18.897 - Notifying CLR applications of shutdown...
8160: 12:09:18.897 - Shutting down TCP Outbound Connection Manager...
8160: 12:09:18.897 - Shutting down ENet host...
8160: 12:09:18.897 - Disconnecting all peers...
8160: 12:09:18.897 - Shutting down socket servers...
8160: 12:09:18.897 - Shutting down ENet thread pool...
8160: 12:09:18.897 - Shutting down TCP inactivity timers...
8160: 12:09:18.897 - Shutting down CLR applications...
8160: 12:09:18.897 - Shutting down business logic thread pool...
8160: 12:09:18.897 - Shutting down I/O thread pool...
8160: 12:09:18.898 - Flushing ENET buffer allocator...
8160: 12:09:18.898 - Flushing TCP buffer allocator...
8160: 12:09:18.898 - Flushing stream socket allocator...
8160: 12:09:18.898 - Flushing datagram socket allocator...
8160: 12:09:18.898 - Destroying ENet thread pool
8160: 12:09:18.898 - Destroying TCP inactivity timer
8160: 12:09:18.898 - Destroying Business logic thread pool
8160: 12:09:18.898 - Destroying servers
8160: 12:09:18.898 - Destroying TCP Outbound Connection Manager
8160: 12:09:18.898 - Destroying resolver
8160: 12:09:18.898 - Destroying TCP Proxy Connection Manager
8160: 12:09:18.898 - Destroying ENet host
8160: 12:09:18.898 - Destroying CLR dispatcher
8160: 12:09:18.898 - Destroying CLR applications
8160: 12:09:18.898 - ~CCLRApplicationCollection()
8160: 12:09:18.898 - ~CCLRApplicationCollection() - RemoveAllApplications complete
8160: 12:09:18.898 - ~CCLRApplicationCollection() - done
8160: 12:09:18.908 - Destroying I/O thread pool
8160: 12:09:18.908 - Destroying ENet buffer allocator
8160: 12:09:18.908 - Destroying TCP buffer allocator
8160: 12:09:18.908 - Destroying TCP socket allocator
8160: 12:09:18.908 - Destroying ENet socket allocator
8160: 12:09:18.908 - Destroying performance counters
8160: 12:09:18.908 - Shutdown complete...
4092: 12:09:24.076 - ---
4092: 12:09:24.076 - Service: "Photon Socket Server" starting
4092: 12:09:24.076 - Config File: C:\Santiago\Repo\QuizServer\ExitGames-Photon-Server-SDK_v3-0-15-2544-RC7\deploy\bin_Win32\PhotonServer.config
4092: 12:09:24.077 - Will produce at most: 10 crash dumps
4092: 12:09:24.078 - Server Starting...
4092: 12:09:24.078 -    Tick count: 2879138 (wraps in: 49.6769 days)
4092: 12:09:24.078 - Tick count 64: 2879138
4092: 12:09:24.078 - Photon Version: 3.0.9.841
4092: 12:09:24.078 - Config File: C:\Santiago\Repo\QuizServer\ExitGames-Photon-Server-SDK_v3-0-15-2544-RC7\deploy\bin_Win32\PhotonServer.config
4092: 12:09:24.079 - Not using performance counters as they are not currently installed. Run the service with /InstallCounters to install them.
4092: 12:09:24.095 - About to load runtime: PhotonHostRuntime.PhotonDomainManager from PhotonHostRuntime, Culture=neutral, PublicKeyToken=02C301B61B060C4D
4092: 12:09:24.096 - About to load CLR - versions available:
4092: 12:09:24.096 - v2.0.50727
4092: 12:09:24.096 - v4.0.30319
4092: 12:09:24.096 - No preference in configuration file, will load latest.
4092: 12:09:24.096 - About to load version: "v4.0.30319"
4092: 12:09:24.100 - Loaded version: "v4.0.30319"
4092: 12:09:24.667 - Photon host runtime loaded
4092: 12:09:24.677 - License is valid.
4092: 12:09:24.677 - Licensed for 100 concurrent connections.
4092: 12:09:24.677 - Max Reliable Data In Transit (awaiting ACKs) per peer : 16384 bytes
4092: 12:09:24.677 - Per peer bandwidth limit
4092: 12:09:24.677 - Transmit Rate Limit: 128 KB/Sec
4092: 12:09:24.677 - Limit period: 250ms
4092: 12:09:24.677 - Limit per period: 32768 bytes
4092: 12:09:24.677 - Max queued data for transmission per peer: 65536 bytes
4092: 12:09:24.677 - Minimum retransmit timeout: 200
4092: 12:09:24.677 - Minimum ENet timeout: 5000ms
4092: 12:09:24.677 - Maximum ENet timeout: 30000ms
4092: 12:09:24.677 - ENetHost: Using Timer Wheel
4092: 12:09:24.677 - About to load application: QuizLite from QuizLite
4092: 12:09:24.677 - Auto restart is enabled for application
4092: 12:09:24.677 - Application will restart 10000ms after the last change detected
4092: 12:09:24.677 - Application will restart if files matching the following are changed: "dll;config"
4092: 12:09:24.677 - Application will NOT restart if files matching the following are changed: "log4net.config"
4092: 12:09:25.129 - ERROR: Failed to start application: "QuizLite" in app domain: 2
4092: 12:09:25.129 - CService::OnException() - Exception: CManagedHost::StartApplication() - Failed to start application in AppDomain: 2 - No se puede cargar el archivo o ensamblado 'QuizLite' ni una de sus dependencias. El sistema no puede encontrar el archivo especificado.
4092: 12:09:25.129 - Server shutting down...
4092: 12:09:25.129 - Notifying CLR applications of shutdown...
4092: 12:09:25.129 - Shutting down TCP Outbound Connection Manager...
4092: 12:09:25.129 - Shutting down ENet host...
4092: 12:09:25.129 - Disconnecting all peers...
4092: 12:09:25.129 - Shutting down socket servers...
4092: 12:09:25.129 - Shutting down ENet thread pool...
4092: 12:09:25.129 - Shutting down TCP inactivity timers...
4092: 12:09:25.129 - Shutting down CLR applications...
4092: 12:09:25.129 - Shutting down business logic thread pool...
4092: 12:09:25.130 - Shutting down I/O thread pool...
4092: 12:09:25.130 - Flushing ENET buffer allocator...
4092: 12:09:25.130 - Flushing TCP buffer allocator...
4092: 12:09:25.130 - Flushing stream socket allocator...
4092: 12:09:25.130 - Flushing datagram socket allocator...
4092: 12:09:25.130 - Destroying ENet thread pool
4092: 12:09:25.130 - Destroying TCP inactivity timer
4092: 12:09:25.130 - Destroying Business logic thread pool
4092: 12:09:25.130 - Destroying servers
4092: 12:09:25.130 - Destroying TCP Outbound Connection Manager
4092: 12:09:25.130 - Destroying resolver
4092: 12:09:25.130 - Destroying TCP Proxy Connection Manager
4092: 12:09:25.130 - Destroying ENet host
4092: 12:09:25.130 - Destroying CLR dispatcher
4092: 12:09:25.130 - Destroying CLR applications
4092: 12:09:25.130 - ~CCLRApplicationCollection()
4092: 12:09:25.130 - ~CCLRApplicationCollection() - RemoveAllApplications complete
4092: 12:09:25.130 - ~CCLRApplicationCollection() - done
4092: 12:09:25.140 - Destroying I/O thread pool
4092: 12:09:25.140 - Destroying ENet buffer allocator
4092: 12:09:25.140 - Destroying TCP buffer allocator
4092: 12:09:25.140 - Destroying TCP socket allocator
4092: 12:09:25.140 - Destroying ENet socket allocator
4092: 12:09:25.140 - Destroying performance counters
4092: 12:09:25.140 - Shutdown complete...
8036: 12:17:55.857 - ---
8036: 12:17:55.857 - Service: "Photon Socket Server" starting
8036: 12:17:55.857 - Config File: C:\Santiago\Repo\QuizServer\ExitGames-Photon-Server-SDK_v3-0-15-2544-RC7\deploy\bin_Win32\PhotonServer.config
8036: 12:17:55.859 - Will produce at most: 10 crash dumps
8036: 12:17:55.859 - Server Starting...
8036: 12:17:55.859 -    Tick count: 3390915 (wraps in: 49.671 days)
8036: 12:17:55.859 - Tick count 64: 3390915
8036: 12:17:55.859 - Photon Version: 3.0.9.841
8036: 12:17:55.859 - Config File: C:\Santiago\Repo\QuizServer\ExitGames-Photon-Server-SDK_v3-0-15-2544-RC7\deploy\bin_Win32\PhotonServer.config
8036: 12:17:55.860 - Not using performance counters as they are not currently installed. Run the service with /InstallCounters to install them.
8036: 12:17:55.873 - About to load runtime: PhotonHostRuntime.PhotonDomainManager from PhotonHostRuntime, Culture=neutral, PublicKeyToken=02C301B61B060C4D
8036: 12:17:55.874 - About to load CLR - versions available:
8036: 12:17:55.874 - v2.0.50727
8036: 12:17:55.874 - v4.0.30319
8036: 12:17:55.874 - No preference in configuration file, will load latest.
8036: 12:17:55.874 - About to load version: "v4.0.30319"
8036: 12:17:55.876 - Loaded version: "v4.0.30319"
8036: 12:17:56.642 - Photon host runtime loaded
8036: 12:17:56.652 - License is valid.
8036: 12:17:56.652 - Licensed for 100 concurrent connections.
8036: 12:17:56.652 - Max Reliable Data In Transit (awaiting ACKs) per peer : 16384 bytes
8036: 12:17:56.652 - Per peer bandwidth limit
8036: 12:17:56.652 - Transmit Rate Limit: 128 KB/Sec
8036: 12:17:56.652 - Limit period: 250ms
8036: 12:17:56.652 - Limit per period: 32768 bytes
8036: 12:17:56.652 - Max queued data for transmission per peer: 65536 bytes
8036: 12:17:56.652 - Minimum retransmit timeout: 200
8036: 12:17:56.652 - Minimum ENet timeout: 5000ms
8036: 12:17:56.652 - Maximum ENet timeout: 30000ms
8036: 12:17:56.652 - ENetHost: Using Timer Wheel
8036: 12:17:56.652 - About to load application: QuizLite from QuizLite
8036: 12:17:56.652 - Auto restart is enabled for application
8036: 12:17:56.652 - Application will restart 10000ms after the last change detected
8036: 12:17:56.652 - Application will restart if files matching the following are changed: "dll;config"
8036: 12:17:56.652 - Application will NOT restart if files matching the following are changed: "log4net.config"
8036: 12:17:57.383 - Application: "QuizLite" started in app domain: 2
8036: 12:17:57.383 - About to load application: LiteWebSockets from Lite
8036: 12:17:57.987 - Application: "LiteWebSockets" started in app domain: 3
8036: 12:17:57.987 - About to load application: CounterPublisher from CounterPublisher
8036: 12:17:57.987 - Auto restart is enabled for application
8036: 12:17:57.987 - Application will restart 10000ms after the last change detected
8036: 12:17:57.987 - Application will restart if files matching the following are changed: "dll;config"
8036: 12:17:57.987 - Application will NOT restart if files matching the following are changed: "log4net.config"
8036: 12:17:58.610 - Application: "CounterPublisher" started in app domain: 4
8036: 12:17:58.610 - About to load application: Policy from Policy.Application
8036: 12:17:59.017 - Application: "Policy" started in app domain: 5
8036: 12:17:59.027 - Adding TCP listener on :0.0.0.0: 4530 with a listen backlog of: 150
8036: 12:17:59.027 - Nagle disabled
8036: 12:17:59.027 - TCP inactivity timeout: 5000ms
8036: 12:17:59.056 - UDP address specified as:0.0.0.0 adding listener to each available IPv4 address
8036: 12:17:59.057 - Adding UDP listener on :192.168.1.2: 5055 with a listen backlog of: 500
8036: 12:17:59.057 - Adding UDP listener on :127.0.0.1: 5055 with a listen backlog of: 500
8036: 12:17:59.057 - Adding TCP Policy listener on :0.0.0.0: 843 with a listen backlog of: 150 and routing to application: "Policy"
8036: 12:17:59.057 - TCP inactivity timeout: 5000ms
8036: 12:17:59.058 - Adding TCP Policy listener on :0.0.0.0: 943 with a listen backlog of: 150 and routing to application: "Policy"
8036: 12:17:59.058 - TCP inactivity timeout: 5000ms
8036: 12:17:59.059 - Adding WebSocket TCP listener on :0.0.0.0: 9090 with a listen backlog of: 150
8036: 12:17:59.059 - Nagle disabled
8036: 12:17:59.059 - TCP inactivity timeout: 100000ms
8036: 12:17:59.059 - Forcing all applications ids to: "LiteWebSockets"
8036: 12:18:07.076 - Service is running...
3280: 16:28:43.059 - Restarting application: "QuizLite" due to file changes
3280: 16:28:43.085 - Application: "QuizLite" restart request
8036: 16:29:34.580 - Service is stopped...
8036: 16:29:34.580 - Server shutting down...
8036: 16:29:34.580 - Notifying CLR applications of shutdown...
3280: 16:29:51.718 - Application: "QuizLite" started in app domain: 6
3280: 16:29:52.339 - Application: "QuizLite" stopped in app domain: 2
3280: 16:29:52.339 - Application: "QuizLite" restart complete.
7452: 16:29:52.390 - CManagedHost::OnDomainUnload() - 2
8036: 16:29:52.397 - Shutting down TCP Outbound Connection Manager...
8036: 16:29:52.397 - Shutting down ENet host...
8036: 16:29:52.398 - Disconnecting all peers...
8036: 16:29:52.398 - Shutting down socket servers...
8036: 16:29:52.398 - Shutting down ENet thread pool...
8036: 16:29:52.398 - Shutting down TCP inactivity timers...
8036: 16:29:52.398 - WaitingForShutdownToComplete: TCP:0.0.0.0:4530
8036: 16:29:52.398 - OnShutdownCompleted: TCP:0.0.0.0:4530
8036: 16:29:52.398 - WaitingForShutdownToComplete: TCPPolicy:0.0.0.0:843
8036: 16:29:52.398 - OnShutdownCompleted: TCPPolicy:0.0.0.0:843
8036: 16:29:52.398 - WaitingForShutdownToComplete: TCPPolicy:0.0.0.0:943
8036: 16:29:52.398 - OnShutdownCompleted: TCPPolicy:0.0.0.0:943
8036: 16:29:52.398 - WaitingForShutdownToComplete: UDP:127.0.0.1:5055
8036: 16:29:52.398 - OnShutdownCompleted: UDP:127.0.0.1:5055
8036: 16:29:52.398 - WaitingForShutdownToComplete: UDP:192.168.1.2:5055
8036: 16:29:52.398 - OnShutdownCompleted: UDP:192.168.1.2:5055
8036: 16:29:52.398 - WaitingForShutdownToComplete: WebSocket:0.0.0.0:9090
8036: 16:29:52.398 - OnShutdownCompleted: WebSocket:0.0.0.0:9090
8036: 16:29:52.398 - Shutting down CLR applications...
8036: 16:29:52.403 - Shutting down business logic thread pool...
8036: 16:29:52.404 - Shutting down I/O thread pool...
8036: 16:29:52.404 - Flushing ENET buffer allocator...
8036: 16:29:52.405 - Flushing TCP buffer allocator...
8036: 16:29:52.405 - Flushing stream socket allocator...
8036: 16:29:52.405 - Flushing datagram socket allocator...
8036: 16:29:52.406 - Destroying ENet thread pool
8036: 16:29:52.406 - Destroying TCP inactivity timer
8036: 16:29:52.406 - Destroying Business logic thread pool
8036: 16:29:52.406 - Destroying servers
8036: 16:29:52.406 - Destroying TCP Outbound Connection Manager
8036: 16:29:52.441 - Destroying resolver
8036: 16:29:52.441 - Destroying TCP Proxy Connection Manager
8036: 16:29:52.441 - Destroying ENet host
8036: 16:29:52.441 - Destroying CLR dispatcher
8036: 16:29:52.441 - Destroying CLR applications
8036: 16:29:52.441 - ~CCLRApplicationCollection()
8036: 16:29:52.441 - ~CCLRApplicationCollection() - RemoveAllApplications complete
8036: 16:29:52.441 - ~CCLRApplicationCollection() - done
8036: 16:29:52.771 - Destroying I/O thread pool
8036: 16:29:52.771 - Destroying ENet buffer allocator
8036: 16:29:52.771 - Destroying TCP buffer allocator
8036: 16:29:52.771 - Destroying TCP socket allocator
8036: 16:29:52.771 - Destroying ENet socket allocator
8036: 16:29:52.771 - Destroying performance counters
8036: 16:29:52.797 - Shutdown complete...
6668: 16:30:15.410 - ---
6668: 16:30:15.410 - Service: "Photon Socket Server" starting
6668: 16:30:15.410 - Config File: C:\Santiago\Repo\QuizServer\ExitGames-Photon-Server-SDK_v3-0-15-2544-RC7\deploy\bin_Win32\PhotonServer.config
6668: 16:30:15.412 - Will produce at most: 10 crash dumps
6668: 16:30:15.412 - Server Starting...
6668: 16:30:15.412 -    Tick count: 18530469 (wraps in: 49.4958 days)
6668: 16:30:15.412 - Tick count 64: 18530469
6668: 16:30:15.412 - Photon Version: 3.0.9.841
6668: 16:30:15.412 - Config File: C:\Santiago\Repo\QuizServer\ExitGames-Photon-Server-SDK_v3-0-15-2544-RC7\deploy\bin_Win32\PhotonServer.config
6668: 16:30:15.486 - Not using performance counters as they are not currently installed. Run the service with /InstallCounters to install them.
6668: 16:30:15.603 - About to load runtime: PhotonHostRuntime.PhotonDomainManager from PhotonHostRuntime, Culture=neutral, PublicKeyToken=02C301B61B060C4D
6668: 16:30:15.604 - About to load CLR - versions available:
6668: 16:30:15.604 - v2.0.50727
6668: 16:30:15.604 - v4.0.30319
6668: 16:30:15.604 - No preference in configuration file, will load latest.
6668: 16:30:15.604 - About to load version: "v4.0.30319"
6668: 16:30:15.649 - Loaded version: "v4.0.30319"
6668: 16:30:16.859 - Photon host runtime loaded
6668: 16:30:16.916 - License is valid.
6668: 16:30:16.916 - Licensed for 100 concurrent connections.
6668: 16:30:16.916 - Max Reliable Data In Transit (awaiting ACKs) per peer : 16384 bytes
6668: 16:30:16.916 - Per peer bandwidth limit
6668: 16:30:16.916 - Transmit Rate Limit: 128 KB/Sec
6668: 16:30:16.916 - Limit period: 250ms
6668: 16:30:16.916 - Limit per period: 32768 bytes
6668: 16:30:16.916 - Max queued data for transmission per peer: 65536 bytes
6668: 16:30:16.916 - Minimum retransmit timeout: 200
6668: 16:30:16.916 - Minimum ENet timeout: 5000ms
6668: 16:30:16.927 - Maximum ENet timeout: 30000ms
6668: 16:30:16.927 - ENetHost: Using Timer Wheel
6668: 16:30:16.928 - About to load application: QuizLite from QuizLite
6668: 16:30:16.928 - Auto restart is enabled for application
6668: 16:30:16.928 - Application will restart 10000ms after the last change detected
6668: 16:30:16.928 - Application will restart if files matching the following are changed: "dll;config"
6668: 16:30:16.928 - Application will NOT restart if files matching the following are changed: "log4net.config"
6668: 16:30:17.828 - Application: "QuizLite" started in app domain: 2
6668: 16:30:17.828 - About to load application: LiteWebSockets from Lite
6668: 16:30:18.356 - Application: "LiteWebSockets" started in app domain: 3
6668: 16:30:18.356 - About to load application: CounterPublisher from CounterPublisher
6668: 16:30:18.356 - Auto restart is enabled for application
6668: 16:30:18.356 - Application will restart 10000ms after the last change detected
6668: 16:30:18.356 - Application will restart if files matching the following are changed: "dll;config"
6668: 16:30:18.356 - Application will NOT restart if files matching the following are changed: "log4net.config"
6668: 16:30:18.873 - Application: "CounterPublisher" started in app domain: 4
6668: 16:30:18.873 - About to load application: Policy from Policy.Application
6668: 16:30:19.334 - Application: "Policy" started in app domain: 5
6668: 16:30:19.334 - Adding TCP listener on :0.0.0.0: 4530 with a listen backlog of: 150
6668: 16:30:19.334 - Nagle disabled
6668: 16:30:19.334 - TCP inactivity timeout: 5000ms
6668: 16:30:19.334 - UDP address specified as:0.0.0.0 adding listener to each available IPv4 address
6668: 16:30:19.334 - Adding UDP listener on :192.168.1.37: 5055 with a listen backlog of: 500
6668: 16:30:19.334 - Adding UDP listener on :127.0.0.1: 5055 with a listen backlog of: 500
6668: 16:30:19.335 - Adding TCP Policy listener on :0.0.0.0: 843 with a listen backlog of: 150 and routing to application: "Policy"
6668: 16:30:19.335 - TCP inactivity timeout: 5000ms
6668: 16:30:19.335 - Adding TCP Policy listener on :0.0.0.0: 943 with a listen backlog of: 150 and routing to application: "Policy"
6668: 16:30:19.335 - TCP inactivity timeout: 5000ms
6668: 16:30:19.335 - Adding WebSocket TCP listener on :0.0.0.0: 9090 with a listen backlog of: 150
6668: 16:30:19.335 - Nagle disabled
6668: 16:30:19.335 - TCP inactivity timeout: 100000ms
6668: 16:30:19.335 - Forcing all applications ids to: "LiteWebSockets"
6668: 16:30:27.962 - Service is running...
8980: 16:37:20.623 - Restarting application: "QuizLite" due to file changes
8980: 16:37:20.623 - Application: "QuizLite" restart request
8980: 16:37:21.513 - Application: "QuizLite" started in app domain: 6
8980: 16:37:21.626 - Application: "QuizLite" stopped in app domain: 2
8980: 16:37:21.626 - Application: "QuizLite" restart complete.
8948: 16:37:47.586 - CManagedHost::OnDomainUnload() - 2
8980: 18:24:05.006 - Restarting application: "QuizLite" due to file changes
8980: 18:24:05.006 - Application: "QuizLite" restart request
8980: 18:24:05.670 - Application: "QuizLite" started in app domain: 7
8980: 18:24:05.771 - Application: "QuizLite" stopped in app domain: 6
8980: 18:24:05.771 - Application: "QuizLite" restart complete.
8948: 18:24:14.344 - CManagedHost::OnDomainUnload() - 6
8980: 18:29:47.445 - Restarting application: "QuizLite" due to file changes
8980: 18:29:47.445 - Application: "QuizLite" restart request
8980: 18:29:48.592 - Application: "QuizLite" started in app domain: 8
8980: 18:29:48.694 - Application: "QuizLite" stopped in app domain: 7
8980: 18:29:48.694 - Application: "QuizLite" restart complete.
8948: 18:30:05.807 - CManagedHost::OnDomainUnload() - 7
8980: 18:32:34.656 - Restarting application: "QuizLite" due to file changes
8980: 18:32:34.656 - Application: "QuizLite" restart request
8980: 18:32:35.121 - Application: "QuizLite" started in app domain: 9
8980: 18:32:35.228 - Application: "QuizLite" stopped in app domain: 8
8980: 18:32:35.228 - Application: "QuizLite" restart complete.
8948: 18:32:35.232 - CManagedHost::OnDomainUnload() - 8
8980: 22:15:16.205 - Restarting application: "QuizLite" due to file changes
8980: 22:15:16.205 - Application: "QuizLite" restart request
8980: 22:15:16.920 - Application: "QuizLite" started in app domain: 10
8980: 22:15:17.031 - Application: "QuizLite" stopped in app domain: 9
8980: 22:15:17.031 - Application: "QuizLite" restart complete.
8948: 22:15:28.533 - CManagedHost::OnDomainUnload() - 9
8980: 22:27:08.024 - Restarting application: "QuizLite" due to file changes
8980: 22:27:08.024 - Application: "QuizLite" restart request
8980: 22:27:08.525 - Failed to restart application: CManagedHost::StartApplication() - Failed to start application in AppDomain: 11 - No se puede cargar el archivo o ensamblado 'QuizLite' ni una de sus dependencias. El sistema no puede encontrar el archivo especificado.
8948: 22:27:08.529 - CManagedHost::OnDomainUnload() - 11
8980: 22:29:04.248 - Restarting application: "QuizLite" due to file changes
8980: 22:29:04.248 - Application: "QuizLite" restart request
8980: 22:29:04.743 - Application: "QuizLite" started in app domain: 12
8980: 22:29:04.855 - Application: "QuizLite" stopped in app domain: 10
8980: 22:29:04.855 - Application: "QuizLite" restart complete.
8948: 22:29:04.859 - CManagedHost::OnDomainUnload() - 10
8980: 22:51:00.767 - Restarting application: "QuizLite" due to file changes
8980: 22:51:00.767 - Application: "QuizLite" restart request
8980: 22:51:01.285 - Application: "QuizLite" started in app domain: 13
8980: 22:51:01.393 - Application: "QuizLite" stopped in app domain: 12
8980: 22:51:01.393 - Application: "QuizLite" restart complete.
8948: 22:51:01.399 - CManagedHost::OnDomainUnload() - 12
8980: 22:58:36.278 - Restarting application: "QuizLite" due to file changes
8980: 22:58:36.278 - Application: "QuizLite" restart request
8980: 22:58:36.782 - Application: "QuizLite" started in app domain: 14
8980: 22:58:36.884 - Application: "QuizLite" stopped in app domain: 13
8980: 22:58:36.884 - Application: "QuizLite" restart complete.
8948: 22:58:36.888 - CManagedHost::OnDomainUnload() - 13
8980: 23:12:40.679 - Restarting application: "QuizLite" due to file changes
8980: 23:12:40.679 - Application: "QuizLite" restart request
8980: 23:12:41.155 - Failed to restart application: CManagedHost::StartApplication() - Failed to start application in AppDomain: 15 - No se puede cargar el archivo o ensamblado 'QuizLite' ni una de sus dependencias. El sistema no puede encontrar el archivo especificado.
8948: 23:12:41.158 - CManagedHost::OnDomainUnload() - 15
8980: 23:17:42.141 - Restarting application: "QuizLite" due to file changes
8980: 23:17:42.141 - Application: "QuizLite" restart request
8980: 23:17:42.610 - Application: "QuizLite" started in app domain: 16
8980: 23:17:42.716 - Application: "QuizLite" stopped in app domain: 14
8980: 23:17:42.716 - Application: "QuizLite" restart complete.
8948: 23:18:14.877 - CManagedHost::OnDomainUnload() - 14
8980: 23:20:18.757 - Restarting application: "QuizLite" due to file changes
8980: 23:20:18.757 - Application: "QuizLite" restart request
8980: 23:20:19.230 - Application: "QuizLite" started in app domain: 17
8980: 23:20:19.411 - Application: "QuizLite" stopped in app domain: 16
8980: 23:20:19.411 - Application: "QuizLite" restart complete.
8980: 23:20:36.110 - Restarting application: "QuizLite" due to file changes
8980: 23:20:36.110 - Application: "QuizLite" restart request
8980: 23:20:36.514 - Application: "QuizLite" started in app domain: 18
8980: 23:20:36.622 - Application: "QuizLite" stopped in app domain: 17
8980: 23:20:36.622 - Application: "QuizLite" restart complete.
8948: 23:20:36.625 - CManagedHost::OnDomainUnload() - 17
8980: 23:20:59.606 - Restarting application: "QuizLite" due to file changes
8980: 23:20:59.606 - Application: "QuizLite" restart request
8980: 23:21:00.221 - Application: "QuizLite" started in app domain: 19
8980: 23:21:00.356 - Application: "QuizLite" stopped in app domain: 18
8980: 23:21:00.356 - Application: "QuizLite" restart complete.
8948: 23:21:00.360 - CManagedHost::OnDomainUnload() - 18
8948: 23:21:03.332 - CManagedHost::OnDomainUnload() - 16
8980: 23:22:36.632 - Restarting application: "QuizLite" due to file changes
8980: 23:22:36.632 - Application: "QuizLite" restart request
8980: 23:22:37.150 - Application: "QuizLite" started in app domain: 20
8980: 23:22:37.250 - Application: "QuizLite" stopped in app domain: 19
8980: 23:22:37.250 - Application: "QuizLite" restart complete.
8980: 23:23:10.784 - Restarting application: "QuizLite" due to file changes
8980: 23:23:10.784 - Application: "QuizLite" restart request
8980: 23:23:11.582 - Application: "QuizLite" started in app domain: 21
8980: 23:23:11.693 - Application: "QuizLite" stopped in app domain: 20
8980: 23:23:11.693 - Application: "QuizLite" restart complete.
8948: 23:23:11.697 - CManagedHost::OnDomainUnload() - 20
8948: 23:23:24.900 - CManagedHost::OnDomainUnload() - 19
8980: 23:55:15.904 - Restarting application: "QuizLite" due to file changes
8980: 23:55:15.904 - Application: "QuizLite" restart request
8980: 23:55:17.117 - Application: "QuizLite" started in app domain: 22
8980: 23:55:17.260 - Application: "QuizLite" stopped in app domain: 21
8980: 23:55:17.260 - Application: "QuizLite" restart complete.
8948: 23:55:17.264 - CManagedHost::OnDomainUnload() - 21
