5444: 13:35:53.573 - ---
5444: 13:35:53.573 - Service: "Photon Socket Server" starting
5444: 13:35:53.573 - Config File: C:\Users\Manu\Desktop\ExitGames-Photon-Server-SDK_v3-0-15-2544-RC7\deploy\bin_Win32\PhotonServer.config
5444: 13:35:53.583 - Will NOT produce crash dumps
2680: 13:42:28.332 - ---
2680: 13:42:28.332 - Service: "Photon Socket Server" starting
2680: 13:42:28.332 - Config File: C:\Users\Manu\Desktop\ExitGames-Photon-Server-SDK_v3-0-15-2544-RC7\deploy\bin_Win32\PhotonServer.config
2680: 13:42:28.335 - Will NOT produce crash dumps
3904: 13:49:13.293 - ---
3904: 13:49:13.293 - Service: "Photon Socket Server" starting
3904: 13:49:13.293 - Config File: C:\Users\Manu\Desktop\ExitGames-Photon-Server-SDK_v3-0-15-2544-RC7\deploy\bin_Win32\PhotonServer.config
3904: 13:49:13.295 - Will NOT produce crash dumps
6040: 13:51:49.005 - ---
6040: 13:51:49.005 - Service: "Photon Socket Server" starting
6040: 13:51:49.005 - Config File: C:\Users\Manu\Desktop\ExitGames-Photon-Server-SDK_v3-0-15-2544-RC7\deploy\bin_Win32\PhotonServer.config
6040: 13:51:49.008 - Will NOT produce crash dumps
5468: 14:00:29.494 - ---
5468: 14:00:29.494 - Service: "Photon Socket Server" starting
5468: 14:00:29.494 - Config File: C:\Users\Manu\Desktop\ExitGames-Photon-Server-SDK_v3-0-15-2544-RC7\deploy\bin_Win32\PhotonServer.config
5468: 14:00:29.496 - Will NOT produce crash dumps
5024: 14:04:51.282 - ---
5024: 14:04:51.282 - Service: "Photon Socket Server" starting
5024: 14:04:51.282 - Config File: C:\Users\Manu\Desktop\ExitGames-Photon-Server-SDK_v3-0-15-2544-RC7\deploy\bin_Win32\PhotonServer.config
5024: 14:04:51.284 - Will NOT produce crash dumps
5496: 14:12:20.342 - ---
5496: 14:12:20.342 - Service: "Photon Socket Server" starting
5496: 14:12:20.342 - Config File: C:\Users\Manu\Desktop\ExitGames-Photon-Server-SDK_v3-0-15-2544-RC7\deploy\bin_Win32\PhotonServer.config
5496: 14:12:20.345 - Will NOT produce crash dumps
5720: 14:30:26.720 - ---
5720: 14:30:26.720 - Service: "Photon Socket Server" starting
5720: 14:30:26.720 - Config File: C:\Users\Manu\Desktop\ExitGames-Photon-Server-SDK_v3-0-15-2544-RC7\deploy\bin_Win32\PhotonServer.config
5720: 14:30:26.723 - Will NOT produce crash dumps
4824: 14:35:32.458 - ---
4824: 14:35:32.458 - Service: "Photon Socket Server" starting
4824: 14:35:32.458 - Config File: C:\Users\Manu\Desktop\ExitGames-Photon-Server-SDK_v3-0-15-2544-RC7\deploy\bin_Win32\PhotonServer.config
4824: 14:35:32.460 - Will NOT produce crash dumps
4928: 15:00:26.621 - ---
4928: 15:00:26.621 - Service: "Photon Socket Server" starting
4928: 15:00:26.621 - Config File: C:\Users\Manu\Desktop\ExitGames-Photon-Server-SDK_v3-0-15-2544-RC7\deploy\bin_Win32\PhotonServer.config
4928: 15:00:26.624 - Will NOT produce crash dumps
5872: 15:08:40.305 - ---
5872: 15:08:40.305 - Service: "Photon Socket Server" starting
5872: 15:08:40.305 - Config File: C:\Users\Manu\Desktop\ExitGames-Photon-Server-SDK_v3-0-15-2544-RC7\deploy\bin_Win32\PhotonServer.config
5872: 15:08:40.308 - Will NOT produce crash dumps
4840: 15:19:53.461 - ---
4840: 15:19:53.461 - Service: "Photon Socket Server" starting
4840: 15:19:53.462 - Config File: C:\Users\Manu\Desktop\ExitGames-Photon-Server-SDK_v3-0-15-2544-RC7\deploy\bin_Win32\PhotonServer.config
4840: 15:19:53.464 - Will NOT produce crash dumps
3952: 15:20:53.456 - ---
3952: 15:20:53.456 - Service: "Photon Socket Server" starting
3952: 15:20:53.456 - Config File: C:\Users\Manu\Desktop\ExitGames-Photon-Server-SDK_v3-0-15-2544-RC7\deploy\bin_Win32\PhotonServer.config
3952: 15:20:53.459 - Will NOT produce crash dumps
5092: 17:53:53.549 - ---
5092: 17:53:53.549 - Service: "Photon Socket Server" starting
5092: 17:53:53.549 - Config File: C:\Santiago\Repo\QuizServer\ExitGames-Photon-Server-SDK_v3-0-15-2544-RC7\deploy\bin_Win32\PhotonServer.config
5092: 17:53:53.551 - Will NOT produce crash dumps
5212: 18:39:35.968 - ---
5212: 18:39:35.968 - Service: "Photon Socket Server" starting
5212: 18:39:35.969 - Config File: C:\Santiago\Repo\QuizServer\ExitGames-Photon-Server-SDK_v3-0-15-2544-RC7\deploy\bin_Win32\PhotonServer.config
5212: 18:39:35.971 - Will NOT produce crash dumps
