3544: 10:57:18.770 - ---
3544: 10:57:18.770 - Service: "Photon Socket Server" starting
3544: 10:57:18.771 - Config File: C:\Users\Manu\Desktop\ExitGames-Photon-Server-SDK_v3-0-15-2544-RC7\deploy\bin_Win32\PhotonServer.config
3544: 10:57:18.773 - Will produce at most: 10 crash dumps
3544: 10:57:18.774 - Server Starting...
3544: 10:57:18.774 -    Tick count: 1233655 (wraps in: 49.696 days)
3544: 10:57:18.774 - Tick count 64: 1233655
3544: 10:57:18.774 - Photon Version: 3.0.9.841
3544: 10:57:18.774 - Config File: C:\Users\Manu\Desktop\ExitGames-Photon-Server-SDK_v3-0-15-2544-RC7\deploy\bin_Win32\PhotonServer.config
3544: 10:57:18.777 - Not using performance counters as they are not currently installed. Run the service with /InstallCounters to install them.
3544: 10:57:18.800 - About to load runtime: PhotonHostRuntime.PhotonDomainManager from PhotonHostRuntime, Culture=neutral, PublicKeyToken=02C301B61B060C4D
3544: 10:57:18.800 - About to load CLR - versions available:
3544: 10:57:18.800 - v2.0.50727
3544: 10:57:18.800 - v4.0.30319
3544: 10:57:18.800 - No preference in configuration file, will load latest.
3544: 10:57:18.800 - About to load version: "v4.0.30319"
3544: 10:57:18.804 - Loaded version: "v4.0.30319"
3544: 10:57:19.526 - Photon host runtime loaded
3544: 10:57:19.549 - License is valid.
3544: 10:57:19.549 - Licensed for 100 concurrent connections.
3544: 10:57:19.549 - Max Reliable Data In Transit (awaiting ACKs) per peer : 16384 bytes
3544: 10:57:19.549 - Per peer bandwidth limit
3544: 10:57:19.549 - Transmit Rate Limit: 128 KB/Sec
3544: 10:57:19.549 - Limit period: 250ms
3544: 10:57:19.549 - Limit per period: 32768 bytes
3544: 10:57:19.549 - Max queued data for transmission per peer: 65536 bytes
3544: 10:57:19.549 - Minimum retransmit timeout: 200
3544: 10:57:19.549 - Minimum ENet timeout: 5000ms
3544: 10:57:19.549 - Maximum ENet timeout: 30000ms
3544: 10:57:19.550 - ENetHost: Using Timer Wheel
3544: 10:57:19.550 - About to load application: Lite from Lite
3544: 10:57:19.550 - Auto restart is enabled for application
3544: 10:57:19.550 - Application will restart 10000ms after the last change detected
3544: 10:57:19.550 - Application will restart if files matching the following are changed: "dll;config"
3544: 10:57:19.550 - Application will NOT restart if files matching the following are changed: "log4net.config"
3544: 10:57:20.582 - Application: "Lite" started in app domain: 2
3544: 10:57:20.582 - About to load application: LiteLobby from LiteLobby
3544: 10:57:20.582 - Auto restart is enabled for application
3544: 10:57:20.582 - Application will restart 10000ms after the last change detected
3544: 10:57:20.582 - Application will restart if files matching the following are changed: "dll;config"
3544: 10:57:20.582 - Application will NOT restart if files matching the following are changed: "log4net.config"
3544: 10:57:21.393 - Application: "LiteLobby" started in app domain: 3
3544: 10:57:21.393 - About to load application: MmoDemo from Photon.MmoDemo.Server
3544: 10:57:21.393 - Auto restart is enabled for application
3544: 10:57:21.393 - Application will restart 10000ms after the last change detected
3544: 10:57:21.393 - Application will restart if files matching the following are changed: "dll;config"
3544: 10:57:21.393 - Application will NOT restart if files matching the following are changed: "log4net.config"
3544: 10:57:22.381 - Application: "MmoDemo" started in app domain: 4
3544: 10:57:22.381 - About to load application: LiteWebSockets from Lite
3544: 10:57:23.114 - Application: "LiteWebSockets" started in app domain: 5
3544: 10:57:23.114 - About to load application: CounterPublisher from CounterPublisher
3544: 10:57:23.114 - Auto restart is enabled for application
3544: 10:57:23.114 - Application will restart 10000ms after the last change detected
3544: 10:57:23.114 - Application will restart if files matching the following are changed: "dll;config"
3544: 10:57:23.114 - Application will NOT restart if files matching the following are changed: "log4net.config"
3544: 10:57:23.888 - Application: "CounterPublisher" started in app domain: 6
3544: 10:57:23.888 - About to load application: Policy from Policy.Application
3544: 10:57:24.481 - Application: "Policy" started in app domain: 7
3544: 10:57:24.481 - Adding TCP listener on :0.0.0.0: 4530 with a listen backlog of: 150
3544: 10:57:24.481 - Nagle disabled
3544: 10:57:24.481 - TCP inactivity timeout: 5000ms
3544: 10:57:24.482 - UDP address specified as:0.0.0.0 adding listener to each available IPv4 address
3544: 10:57:24.482 - Adding UDP listener on :192.168.1.106: 5055 with a listen backlog of: 500
3544: 10:57:24.482 - Adding UDP listener on :127.0.0.1: 5055 with a listen backlog of: 500
3544: 10:57:24.482 - Adding TCP Policy listener on :0.0.0.0: 843 with a listen backlog of: 150 and routing to application: "Policy"
3544: 10:57:24.482 - TCP inactivity timeout: 5000ms
3544: 10:57:24.483 - Adding TCP Policy listener on :0.0.0.0: 943 with a listen backlog of: 150 and routing to application: "Policy"
3544: 10:57:24.483 - TCP inactivity timeout: 5000ms
3544: 10:57:24.483 - Adding WebSocket TCP listener on :0.0.0.0: 9090 with a listen backlog of: 150
3544: 10:57:24.483 - Nagle disabled
3544: 10:57:24.483 - TCP inactivity timeout: 100000ms
3544: 10:57:24.483 - Forcing all applications ids to: "LiteWebSockets"
3544: 10:57:34.219 - Service is running...
