6724: 12:50:23.609 - ---
6724: 12:50:23.609 - Service: "Photon Socket Server" starting
6724: 12:50:23.609 - Config File: C:\Santiago\Repo\QuizServer\ExitGames-Photon-Server-SDK_v3-0-15-2544-RC7\deploy\bin_Win32\PhotonServer.config
6724: 12:50:23.610 - Will produce at most: 10 crash dumps
6724: 12:50:23.611 - Server Starting...
6724: 12:50:23.611 -    Tick count: 8536671 (wraps in: 49.6115 days)
6724: 12:50:23.611 - Tick count 64: 8536671
6724: 12:50:23.611 - Photon Version: 3.0.9.841
6724: 12:50:23.611 - Config File: C:\Santiago\Repo\QuizServer\ExitGames-Photon-Server-SDK_v3-0-15-2544-RC7\deploy\bin_Win32\PhotonServer.config
6724: 12:50:23.612 - Not using performance counters as they are not currently installed. Run the service with /InstallCounters to install them.
6724: 12:50:23.625 - About to load runtime: PhotonHostRuntime.PhotonDomainManager from PhotonHostRuntime, Culture=neutral, PublicKeyToken=02C301B61B060C4D
6724: 12:50:23.626 - About to load CLR - versions available:
6724: 12:50:23.626 - v2.0.50727
6724: 12:50:23.626 - v4.0.30319
6724: 12:50:23.626 - No preference in configuration file, will load latest.
6724: 12:50:23.626 - About to load version: "v4.0.30319"
6724: 12:50:23.628 - Loaded version: "v4.0.30319"
6724: 12:50:25.147 - Photon host runtime loaded
6724: 12:50:25.190 - License is valid.
6724: 12:50:25.190 - Licensed for 100 concurrent connections.
6724: 12:50:25.190 - Max Reliable Data In Transit (awaiting ACKs) per peer : 16384 bytes
6724: 12:50:25.190 - Per peer bandwidth limit
6724: 12:50:25.190 - Transmit Rate Limit: 128 KB/Sec
6724: 12:50:25.190 - Limit period: 250ms
6724: 12:50:25.190 - Limit per period: 32768 bytes
6724: 12:50:25.190 - Max queued data for transmission per peer: 65536 bytes
6724: 12:50:25.190 - Minimum retransmit timeout: 200
6724: 12:50:25.190 - Minimum ENet timeout: 5000ms
6724: 12:50:25.190 - Maximum ENet timeout: 30000ms
6724: 12:50:25.190 - ENetHost: Using Timer Wheel
6724: 12:50:25.190 - About to load application: QuizLite from QuizLite
6724: 12:50:25.190 - Auto restart is enabled for application
6724: 12:50:25.190 - Application will restart 10000ms after the last change detected
6724: 12:50:25.190 - Application will restart if files matching the following are changed: "dll;config"
6724: 12:50:25.190 - Application will NOT restart if files matching the following are changed: "log4net.config"
6724: 12:50:26.608 - Application: "QuizLite" started in app domain: 2
6724: 12:50:26.608 - About to load application: LiteWebSockets from Lite
6724: 12:50:27.054 - Application: "LiteWebSockets" started in app domain: 3
6724: 12:50:27.055 - About to load application: CounterPublisher from CounterPublisher
6724: 12:50:27.055 - Auto restart is enabled for application
6724: 12:50:27.055 - Application will restart 10000ms after the last change detected
6724: 12:50:27.055 - Application will restart if files matching the following are changed: "dll;config"
6724: 12:50:27.055 - Application will NOT restart if files matching the following are changed: "log4net.config"
6724: 12:50:27.463 - Application: "CounterPublisher" started in app domain: 4
6724: 12:50:27.463 - About to load application: Policy from Policy.Application
6724: 12:50:27.860 - Application: "Policy" started in app domain: 5
6724: 12:50:27.860 - Adding TCP listener on :0.0.0.0: 4530 with a listen backlog of: 150
6724: 12:50:27.860 - Nagle disabled
6724: 12:50:27.860 - TCP inactivity timeout: 5000ms
6724: 12:50:27.860 - UDP address specified as:0.0.0.0 adding listener to each available IPv4 address
6724: 12:50:27.861 - Adding UDP listener on :192.168.1.105: 5055 with a listen backlog of: 500
6724: 12:50:27.861 - Adding UDP listener on :127.0.0.1: 5055 with a listen backlog of: 500
6724: 12:50:27.861 - Adding TCP Policy listener on :0.0.0.0: 843 with a listen backlog of: 150 and routing to application: "Policy"
6724: 12:50:27.861 - TCP inactivity timeout: 5000ms
6724: 12:50:27.861 - Adding TCP Policy listener on :0.0.0.0: 943 with a listen backlog of: 150 and routing to application: "Policy"
6724: 12:50:27.861 - TCP inactivity timeout: 5000ms
6724: 12:50:27.861 - Adding WebSocket TCP listener on :0.0.0.0: 9090 with a listen backlog of: 150
6724: 12:50:27.861 - Nagle disabled
6724: 12:50:27.861 - TCP inactivity timeout: 100000ms
6724: 12:50:27.861 - Forcing all applications ids to: "LiteWebSockets"
6724: 12:50:41.764 - Service is running...
5028: 15:59:30.365 - Restarting application: "QuizLite" due to file changes
5028: 15:59:30.365 - Application: "QuizLite" restart request
5028: 15:59:32.456 - Application: "QuizLite" started in app domain: 6
5028: 15:59:33.571 - Application: "QuizLite" stopped in app domain: 2
5028: 15:59:33.571 - Application: "QuizLite" restart complete.
5016: 15:59:33.616 - CManagedHost::OnDomainUnload() - 2
5028: 16:01:40.892 - Restarting application: "QuizLite" due to file changes
5028: 16:01:40.892 - Application: "QuizLite" restart request
5028: 16:01:42.615 - Application: "QuizLite" started in app domain: 7
5028: 16:01:42.854 - Application: "QuizLite" stopped in app domain: 6
5028: 16:01:42.854 - Application: "QuizLite" restart complete.
5016: 16:01:45.194 - CManagedHost::OnDomainUnload() - 6
5028: 16:03:30.693 - Restarting application: "QuizLite" due to file changes
5028: 16:03:30.693 - Application: "QuizLite" restart request
5028: 16:03:31.276 - Failed to restart application: CManagedHost::StartApplication() - Failed to start application in AppDomain: 8 - No se puede cargar el archivo o ensamblado 'QuizLite' ni una de sus dependencias. El sistema no puede encontrar el archivo especificado.
5016: 16:03:31.280 - CManagedHost::OnDomainUnload() - 8
5028: 16:04:37.192 - Restarting application: "QuizLite" due to file changes
5028: 16:04:37.192 - Application: "QuizLite" restart request
5028: 16:04:37.770 - Application: "QuizLite" started in app domain: 9
5028: 16:04:37.984 - Application: "QuizLite" stopped in app domain: 7
5028: 16:04:37.984 - Application: "QuizLite" restart complete.
5016: 16:04:53.304 - CManagedHost::OnDomainUnload() - 7
5028: 16:07:48.876 - Restarting application: "QuizLite" due to file changes
5028: 16:07:48.876 - Application: "QuizLite" restart request
5028: 16:07:50.464 - Application: "QuizLite" started in app domain: 10
5028: 16:07:50.635 - Application: "QuizLite" stopped in app domain: 9
5028: 16:07:50.635 - Application: "QuizLite" restart complete.
5016: 16:07:51.513 - CManagedHost::OnDomainUnload() - 9
5028: 16:12:38.445 - Restarting application: "QuizLite" due to file changes
5028: 16:12:38.445 - Application: "QuizLite" restart request
5028: 16:12:39.002 - Application: "QuizLite" started in app domain: 11
5028: 16:12:39.102 - Application: "QuizLite" stopped in app domain: 10
5028: 16:12:39.102 - Application: "QuizLite" restart complete.
5028: 16:12:54.013 - Restarting application: "QuizLite" due to file changes
5028: 16:12:54.013 - Application: "QuizLite" restart request
5028: 16:12:54.475 - Application: "QuizLite" started in app domain: 12
5028: 16:12:54.577 - Application: "QuizLite" stopped in app domain: 11
5028: 16:12:54.577 - Application: "QuizLite" restart complete.
5016: 16:12:54.581 - CManagedHost::OnDomainUnload() - 11
5016: 16:17:23.722 - CManagedHost::OnDomainUnload() - 10
5028: 16:17:25.792 - Restarting application: "QuizLite" due to file changes
5028: 16:17:25.792 - Application: "QuizLite" restart request
5028: 16:17:37.873 - Application: "QuizLite" started in app domain: 13
5028: 16:17:37.986 - Application: "QuizLite" stopped in app domain: 12
5028: 16:17:37.986 - Application: "QuizLite" restart complete.
5016: 16:17:37.993 - CManagedHost::OnDomainUnload() - 12
5028: 16:17:48.346 - Restarting application: "QuizLite" due to file changes
5028: 16:17:48.346 - Application: "QuizLite" restart request
5028: 16:19:22.407 - Application: "QuizLite" started in app domain: 14
5028: 16:19:22.514 - Application: "QuizLite" stopped in app domain: 13
5028: 16:19:22.514 - Application: "QuizLite" restart complete.
5028: 16:22:43.950 - Restarting application: "QuizLite" due to file changes
5028: 16:22:43.950 - Application: "QuizLite" restart request
5028: 16:22:44.514 - Application: "QuizLite" started in app domain: 15
5028: 16:22:44.672 - Application: "QuizLite" stopped in app domain: 14
5028: 16:22:44.672 - Application: "QuizLite" restart complete.
5016: 16:22:44.681 - CManagedHost::OnDomainUnload() - 14
5016: 16:23:02.590 - CManagedHost::OnDomainUnload() - 13
5028: 16:26:05.494 - Restarting application: "QuizLite" due to file changes
5028: 16:26:05.494 - Application: "QuizLite" restart request
5028: 16:26:05.977 - Application: "QuizLite" started in app domain: 16
5028: 16:26:06.097 - Application: "QuizLite" stopped in app domain: 15
5028: 16:26:06.097 - Application: "QuizLite" restart complete.
5016: 16:26:25.074 - CManagedHost::OnDomainUnload() - 15
7768: 16:31:56.140 - CIOPool::WorkerThread::Run() - Exception: CallbackInstance::ReadChanges() - "C:\Santiago\Repo\QuizServer\ExitGames-Photon-Server-SDK_v3-0-15-2544-RC7\deploy\QuizLite\bin" - Controlador no válido.
7108: 20:22:17.509 - ---
7108: 20:22:17.509 - Service: "Photon Socket Server" starting
7108: 20:22:17.509 - Config File: C:\Santiago\Repo\QuizServer\ExitGames-Photon-Server-SDK_v3-0-15-2544-RC7\deploy\bin_Win32\PhotonServer.config
7108: 20:22:17.511 - Will produce at most: 10 crash dumps
7108: 20:22:17.511 - Server Starting...
7108: 20:22:17.511 -    Tick count: 1962570 (wraps in: 49.6876 days)
7108: 20:22:17.511 - Tick count 64: 1962570
7108: 20:22:17.511 - Photon Version: 3.0.9.841
7108: 20:22:17.511 - Config File: C:\Santiago\Repo\QuizServer\ExitGames-Photon-Server-SDK_v3-0-15-2544-RC7\deploy\bin_Win32\PhotonServer.config
7108: 20:22:17.513 - Not using performance counters as they are not currently installed. Run the service with /InstallCounters to install them.
7108: 20:22:17.526 - About to load runtime: PhotonHostRuntime.PhotonDomainManager from PhotonHostRuntime, Culture=neutral, PublicKeyToken=02C301B61B060C4D
7108: 20:22:17.527 - About to load CLR - versions available:
7108: 20:22:17.527 - v2.0.50727
7108: 20:22:17.527 - v4.0.30319
7108: 20:22:17.527 - No preference in configuration file, will load latest.
7108: 20:22:17.527 - About to load version: "v4.0.30319"
7108: 20:22:17.529 - Loaded version: "v4.0.30319"
7108: 20:22:18.067 - Photon host runtime loaded
7108: 20:22:18.076 - License is valid.
7108: 20:22:18.076 - Licensed for 100 concurrent connections.
7108: 20:22:18.076 - Max Reliable Data In Transit (awaiting ACKs) per peer : 16384 bytes
7108: 20:22:18.076 - Per peer bandwidth limit
7108: 20:22:18.076 - Transmit Rate Limit: 128 KB/Sec
7108: 20:22:18.076 - Limit period: 250ms
7108: 20:22:18.076 - Limit per period: 32768 bytes
7108: 20:22:18.076 - Max queued data for transmission per peer: 65536 bytes
7108: 20:22:18.076 - Minimum retransmit timeout: 200
7108: 20:22:18.076 - Minimum ENet timeout: 5000ms
7108: 20:22:18.076 - Maximum ENet timeout: 30000ms
7108: 20:22:18.076 - ENetHost: Using Timer Wheel
7108: 20:22:18.076 - About to load application: QuizLite from QuizLite
7108: 20:22:18.077 - Auto restart is enabled for application
7108: 20:22:18.077 - Application will restart 10000ms after the last change detected
7108: 20:22:18.077 - Application will restart if files matching the following are changed: "dll;config"
7108: 20:22:18.077 - Application will NOT restart if files matching the following are changed: "log4net.config"
7108: 20:22:18.819 - Application: "QuizLite" started in app domain: 2
7108: 20:22:18.819 - About to load application: LiteWebSockets from Lite
7108: 20:22:19.198 - Application: "LiteWebSockets" started in app domain: 3
7108: 20:22:19.198 - About to load application: CounterPublisher from CounterPublisher
7108: 20:22:19.198 - Auto restart is enabled for application
7108: 20:22:19.198 - Application will restart 10000ms after the last change detected
7108: 20:22:19.198 - Application will restart if files matching the following are changed: "dll;config"
7108: 20:22:19.198 - Application will NOT restart if files matching the following are changed: "log4net.config"
7108: 20:22:19.580 - Application: "CounterPublisher" started in app domain: 4
7108: 20:22:19.580 - About to load application: Policy from Policy.Application
7108: 20:22:19.949 - Application: "Policy" started in app domain: 5
7108: 20:22:19.949 - Adding TCP listener on :0.0.0.0: 4530 with a listen backlog of: 150
7108: 20:22:19.949 - Nagle disabled
7108: 20:22:19.949 - TCP inactivity timeout: 5000ms
7108: 20:22:19.950 - UDP address specified as:0.0.0.0 adding listener to each available IPv4 address
7108: 20:22:19.950 - Adding UDP listener on :192.168.1.2: 5055 with a listen backlog of: 500
7108: 20:22:19.950 - Adding UDP listener on :127.0.0.1: 5055 with a listen backlog of: 500
7108: 20:22:19.950 - Adding TCP Policy listener on :0.0.0.0: 843 with a listen backlog of: 150 and routing to application: "Policy"
7108: 20:22:19.950 - TCP inactivity timeout: 5000ms
7108: 20:22:19.950 - Adding TCP Policy listener on :0.0.0.0: 943 with a listen backlog of: 150 and routing to application: "Policy"
7108: 20:22:19.950 - TCP inactivity timeout: 5000ms
7108: 20:22:19.950 - Adding WebSocket TCP listener on :0.0.0.0: 9090 with a listen backlog of: 150
7108: 20:22:19.950 - Nagle disabled
7108: 20:22:19.950 - TCP inactivity timeout: 100000ms
7108: 20:22:19.950 - Forcing all applications ids to: "LiteWebSockets"
7108: 20:22:27.507 - Service is running...
4524: 20:26:08.718 - Restarting application: "QuizLite" due to file changes
4524: 20:26:08.718 - Application: "QuizLite" restart request
4524: 20:26:09.752 - Application: "QuizLite" started in app domain: 6
4524: 20:26:09.982 - Application: "QuizLite" stopped in app domain: 2
4524: 20:26:09.982 - Application: "QuizLite" restart complete.
1836: 20:26:10.154 - CManagedHost::OnDomainUnload() - 2
4524: 20:50:25.572 - Restarting application: "QuizLite" due to file changes
4524: 20:50:25.572 - Application: "QuizLite" restart request
4524: 20:50:26.344 - Application: "QuizLite" started in app domain: 7
4524: 20:50:26.446 - Application: "QuizLite" stopped in app domain: 6
4524: 20:50:26.446 - Application: "QuizLite" restart complete.
1836: 20:54:12.639 - CManagedHost::OnDomainUnload() - 6
4524: 21:58:05.155 - Restarting application: "QuizLite" due to file changes
4524: 21:58:05.155 - Application: "QuizLite" restart request
4524: 21:58:06.594 - Application: "QuizLite" started in app domain: 8
4524: 21:58:06.722 - Application: "QuizLite" stopped in app domain: 7
4524: 21:58:06.722 - Application: "QuizLite" restart complete.
1836: 21:58:06.728 - CManagedHost::OnDomainUnload() - 7
4524: 21:59:50.028 - Restarting application: "QuizLite" due to file changes
4524: 21:59:50.028 - Application: "QuizLite" restart request
4524: 21:59:50.452 - Application: "QuizLite" started in app domain: 9
4524: 21:59:50.551 - Application: "QuizLite" stopped in app domain: 8
4524: 21:59:50.551 - Application: "QuizLite" restart complete.
1836: 21:59:50.556 - CManagedHost::OnDomainUnload() - 8
4524: 23:20:05.156 - Restarting application: "QuizLite" due to file changes
4524: 23:20:05.156 - Application: "QuizLite" restart request
4524: 23:20:05.938 - Application: "QuizLite" started in app domain: 10
4524: 23:20:06.110 - Application: "QuizLite" stopped in app domain: 9
4524: 23:20:06.110 - Application: "QuizLite" restart complete.
1836: 23:20:21.956 - CManagedHost::OnDomainUnload() - 9
