7464: 11:55:53.677 - ---
7464: 11:55:53.678 - Service: "Photon Socket Server" starting
7464: 11:55:53.678 - Config File: C:\Santiago\Repo\QuizServer\ExitGames-Photon-Server-SDK_v3-0-15-2544-RC7\deploy\bin_Win32\PhotonServer.config
7464: 11:55:53.679 - Will produce at most: 10 crash dumps
7464: 11:55:53.679 - Server Starting...
7464: 11:55:53.679 -    Tick count: 2557729 (wraps in: 49.6807 days)
7464: 11:55:53.679 - Tick count 64: 2557729
7464: 11:55:53.679 - Photon Version: 3.0.9.841
7464: 11:55:53.680 - Config File: C:\Santiago\Repo\QuizServer\ExitGames-Photon-Server-SDK_v3-0-15-2544-RC7\deploy\bin_Win32\PhotonServer.config
7464: 11:55:53.681 - Not using performance counters as they are not currently installed. Run the service with /InstallCounters to install them.
7464: 11:55:53.833 - About to load runtime: PhotonHostRuntime.PhotonDomainManager from PhotonHostRuntime, Culture=neutral, PublicKeyToken=02C301B61B060C4D
7464: 11:55:53.833 - About to load CLR - versions available:
7464: 11:55:53.833 - v2.0.50727
7464: 11:55:53.833 - v4.0.30319
7464: 11:55:53.833 - No preference in configuration file, will load latest.
7464: 11:55:53.833 - About to load version: "v4.0.30319"
7464: 11:55:53.835 - Loaded version: "v4.0.30319"
7464: 11:55:55.948 - Photon host runtime loaded
7464: 11:55:55.979 - License is valid.
7464: 11:55:55.979 - Licensed for 100 concurrent connections.
7464: 11:55:55.979 - Max Reliable Data In Transit (awaiting ACKs) per peer : 16384 bytes
7464: 11:55:55.979 - Per peer bandwidth limit
7464: 11:55:55.979 - Transmit Rate Limit: 128 KB/Sec
7464: 11:55:55.979 - Limit period: 250ms
7464: 11:55:55.979 - Limit per period: 32768 bytes
7464: 11:55:55.980 - Max queued data for transmission per peer: 65536 bytes
7464: 11:55:55.980 - Minimum retransmit timeout: 200
7464: 11:55:55.980 - Minimum ENet timeout: 5000ms
7464: 11:55:55.980 - Maximum ENet timeout: 30000ms
7464: 11:55:55.980 - ENetHost: Using Timer Wheel
7464: 11:55:55.980 - About to load application: QuizLite from QuizLite
7464: 11:55:55.980 - Auto restart is enabled for application
7464: 11:55:55.980 - Application will restart 10000ms after the last change detected
7464: 11:55:55.980 - Application will restart if files matching the following are changed: "dll;config"
7464: 11:55:55.980 - Application will NOT restart if files matching the following are changed: "log4net.config"
7464: 11:55:57.820 - Application: "QuizLite" started in app domain: 2
7464: 11:55:57.820 - About to load application: LiteWebSockets from Lite
7464: 11:55:58.446 - Application: "LiteWebSockets" started in app domain: 3
7464: 11:55:58.446 - About to load application: CounterPublisher from CounterPublisher
7464: 11:55:58.446 - Auto restart is enabled for application
7464: 11:55:58.446 - Application will restart 10000ms after the last change detected
7464: 11:55:58.446 - Application will restart if files matching the following are changed: "dll;config"
7464: 11:55:58.446 - Application will NOT restart if files matching the following are changed: "log4net.config"
7464: 11:55:59.042 - Application: "CounterPublisher" started in app domain: 4
7464: 11:55:59.042 - About to load application: Policy from Policy.Application
7464: 11:55:59.472 - Application: "Policy" started in app domain: 5
7464: 11:55:59.472 - Adding TCP listener on :0.0.0.0: 4530 with a listen backlog of: 150
7464: 11:55:59.472 - Nagle disabled
7464: 11:55:59.472 - TCP inactivity timeout: 5000ms
7464: 11:55:59.473 - UDP address specified as:0.0.0.0 adding listener to each available IPv4 address
7464: 11:55:59.473 - Adding UDP listener on :192.168.1.105: 5055 with a listen backlog of: 500
7464: 11:55:59.473 - Adding UDP listener on :127.0.0.1: 5055 with a listen backlog of: 500
7464: 11:55:59.473 - Adding TCP Policy listener on :0.0.0.0: 843 with a listen backlog of: 150 and routing to application: "Policy"
7464: 11:55:59.473 - TCP inactivity timeout: 5000ms
7464: 11:55:59.473 - Adding TCP Policy listener on :0.0.0.0: 943 with a listen backlog of: 150 and routing to application: "Policy"
7464: 11:55:59.473 - TCP inactivity timeout: 5000ms
7464: 11:55:59.473 - Adding WebSocket TCP listener on :0.0.0.0: 9090 with a listen backlog of: 150
7464: 11:55:59.473 - Nagle disabled
7464: 11:55:59.473 - TCP inactivity timeout: 100000ms
7464: 11:55:59.473 - Forcing all applications ids to: "LiteWebSockets"
7464: 11:56:08.679 - Service is running...
1196: 12:28:29.944 - Restarting application: "QuizLite" due to file changes
1196: 12:28:29.944 - Application: "QuizLite" restart request
1196: 12:28:31.031 - Application: "QuizLite" started in app domain: 6
1196: 12:28:31.177 - Application: "QuizLite" stopped in app domain: 2
1196: 12:28:31.177 - Application: "QuizLite" restart complete.
4836: 12:29:10.115 - CManagedHost::OnDomainUnload() - 2
1196: 12:57:56.882 - Restarting application: "QuizLite" due to file changes
1196: 12:57:56.882 - Application: "QuizLite" restart request
1196: 12:57:57.609 - Application: "QuizLite" started in app domain: 7
1196: 12:57:57.718 - Application: "QuizLite" stopped in app domain: 6
1196: 12:57:57.718 - Application: "QuizLite" restart complete.
4836: 12:57:57.722 - CManagedHost::OnDomainUnload() - 6
1196: 14:02:46.221 - Restarting application: "QuizLite" due to file changes
1196: 14:02:46.221 - Application: "QuizLite" restart request
4836: 14:02:47.386 - CManagedHost::OnDomainUnload() - 8
1196: 14:02:47.389 - Failed to restart application: CManagedHost::StartApplication() - Failed to start application in AppDomain: 8 - No se puede cargar el archivo o ensamblado 'QuizLite' ni una de sus dependencias. El sistema no puede encontrar el archivo especificado.
