8936: 15:01:30.087 - ---
8936: 15:01:30.087 - Service: "Photon Socket Server" starting
8936: 15:01:30.087 - Config File: C:\Santiago\Repo\QuizServer\ExitGames-Photon-Server-SDK_v3-0-15-2544-RC7\deploy\bin_Win64\PhotonServer.config
8936: 15:01:30.136 - Will produce at most: 10 crash dumps
8936: 15:01:30.137 - Server Starting...
8936: 15:01:30.137 -    Tick count: 13998188 (wraps in: 49.5483 days)
8936: 15:01:30.137 - Tick count 64: 13998188
8936: 15:01:30.137 - Photon Version: 3.0.9.841
8936: 15:01:30.137 - Config File: C:\Santiago\Repo\QuizServer\ExitGames-Photon-Server-SDK_v3-0-15-2544-RC7\deploy\bin_Win64\PhotonServer.config
8936: 15:01:30.139 - Not using performance counters as they are not currently installed. Run the service with /InstallCounters to install them.
8936: 15:01:30.264 - About to load runtime: PhotonHostRuntime.PhotonDomainManager from PhotonHostRuntime, Culture=neutral, PublicKeyToken=02C301B61B060C4D
8936: 15:01:30.265 - About to load CLR - versions available:
8936: 15:01:30.265 - v2.0.50727
8936: 15:01:30.265 - v4.0.30319
8936: 15:01:30.265 - No preference in configuration file, will load latest.
8936: 15:01:30.265 - About to load version: "v4.0.30319"
8936: 15:01:30.489 - Loaded version: "v4.0.30319"
8936: 15:01:38.091 - Photon host runtime loaded
8936: 15:01:38.100 - License has expired.
8936: 15:01:38.100 - Server shutting down...
8936: 15:01:38.100 - Notifying CLR applications of shutdown...
8936: 15:01:38.100 - Shutting down TCP Outbound Connection Manager...
8936: 15:01:38.100 - Shutting down socket servers...
8936: 15:01:38.100 - Shutting down ENet thread pool...
8936: 15:01:38.100 - Shutting down TCP inactivity timers...
8936: 15:01:38.100 - Shutting down CLR applications...
8936: 15:01:38.100 - Shutting down business logic thread pool...
8936: 15:01:38.100 - Shutting down I/O thread pool...
8936: 15:01:38.100 - Flushing ENET buffer allocator...
8936: 15:01:38.100 - Flushing TCP buffer allocator...
8936: 15:01:38.100 - Flushing stream socket allocator...
8936: 15:01:38.100 - Flushing datagram socket allocator...
8936: 15:01:38.100 - Destroying ENet thread pool
8936: 15:01:38.100 - Destroying TCP inactivity timer
8936: 15:01:38.100 - Destroying Business logic thread pool
8936: 15:01:38.100 - Destroying servers
8936: 15:01:38.100 - Destroying TCP Outbound Connection Manager
8936: 15:01:38.100 - Destroying resolver
8936: 15:01:38.100 - Destroying TCP Proxy Connection Manager
8936: 15:01:38.100 - Destroying ENet host
8936: 15:01:38.100 - Destroying CLR dispatcher
8936: 15:01:38.100 - Destroying CLR applications
8936: 15:01:38.100 - ~CCLRApplicationCollection()
8936: 15:01:38.100 - ~CCLRApplicationCollection() - RemoveAllApplications complete
8936: 15:01:38.100 - ~CCLRApplicationCollection() - done
8936: 15:01:38.134 - Destroying I/O thread pool
8936: 15:01:38.134 - Destroying ENet buffer allocator
8936: 15:01:38.134 - Destroying TCP buffer allocator
8936: 15:01:38.134 - Destroying TCP socket allocator
8936: 15:01:38.134 - Destroying ENet socket allocator
8936: 15:01:38.134 - Destroying performance counters
8936: 15:01:38.134 - Shutdown complete...
5604: 15:01:55.158 - ---
5604: 15:01:55.158 - Service: "Photon Socket Server" starting
5604: 15:01:55.158 - Config File: C:\Santiago\Repo\QuizServer\ExitGames-Photon-Server-SDK_v3-0-15-2544-RC7\deploy\bin_Win64\PhotonServer.config
5604: 15:01:55.162 - Will produce at most: 10 crash dumps
5604: 15:01:55.162 - Server Starting...
5604: 15:01:55.162 -    Tick count: 14023210 (wraps in: 49.548 days)
5604: 15:01:55.162 - Tick count 64: 14023210
5604: 15:01:55.162 - Photon Version: 3.0.9.841
5604: 15:01:55.162 - Config File: C:\Santiago\Repo\QuizServer\ExitGames-Photon-Server-SDK_v3-0-15-2544-RC7\deploy\bin_Win64\PhotonServer.config
5604: 15:01:55.165 - Not using performance counters as they are not currently installed. Run the service with /InstallCounters to install them.
5604: 15:01:55.186 - About to load runtime: PhotonHostRuntime.PhotonDomainManager from PhotonHostRuntime, Culture=neutral, PublicKeyToken=02C301B61B060C4D
5604: 15:01:55.187 - About to load CLR - versions available:
5604: 15:01:55.187 - v2.0.50727
5604: 15:01:55.187 - v4.0.30319
5604: 15:01:55.187 - No preference in configuration file, will load latest.
5604: 15:01:55.187 - About to load version: "v4.0.30319"
5604: 15:01:55.191 - Loaded version: "v4.0.30319"
5604: 15:01:59.685 - Photon host runtime loaded
5604: 15:01:59.693 - License has expired.
5604: 15:01:59.693 - Server shutting down...
5604: 15:01:59.693 - Notifying CLR applications of shutdown...
5604: 15:01:59.693 - Shutting down TCP Outbound Connection Manager...
5604: 15:01:59.693 - Shutting down socket servers...
5604: 15:01:59.693 - Shutting down ENet thread pool...
5604: 15:01:59.693 - Shutting down TCP inactivity timers...
5604: 15:01:59.693 - Shutting down CLR applications...
5604: 15:01:59.693 - Shutting down business logic thread pool...
5604: 15:01:59.693 - Shutting down I/O thread pool...
5604: 15:01:59.693 - Flushing ENET buffer allocator...
5604: 15:01:59.693 - Flushing TCP buffer allocator...
5604: 15:01:59.693 - Flushing stream socket allocator...
5604: 15:01:59.693 - Flushing datagram socket allocator...
5604: 15:01:59.693 - Destroying ENet thread pool
5604: 15:01:59.693 - Destroying TCP inactivity timer
5604: 15:01:59.693 - Destroying Business logic thread pool
5604: 15:01:59.693 - Destroying servers
5604: 15:01:59.693 - Destroying TCP Outbound Connection Manager
5604: 15:01:59.693 - Destroying resolver
5604: 15:01:59.693 - Destroying TCP Proxy Connection Manager
5604: 15:01:59.693 - Destroying ENet host
5604: 15:01:59.693 - Destroying CLR dispatcher
5604: 15:01:59.693 - Destroying CLR applications
5604: 15:01:59.693 - ~CCLRApplicationCollection()
5604: 15:01:59.693 - ~CCLRApplicationCollection() - RemoveAllApplications complete
5604: 15:01:59.693 - ~CCLRApplicationCollection() - done
5604: 15:01:59.708 - Destroying I/O thread pool
5604: 15:01:59.708 - Destroying ENet buffer allocator
5604: 15:01:59.708 - Destroying TCP buffer allocator
5604: 15:01:59.708 - Destroying TCP socket allocator
5604: 15:01:59.708 - Destroying ENet socket allocator
5604: 15:01:59.708 - Destroying performance counters
5604: 15:01:59.708 - Shutdown complete...
5896: 15:02:15.321 - ---
5896: 15:02:15.321 - Service: "Photon Socket Server" starting
5896: 15:02:15.321 - Config File: C:\Santiago\Repo\QuizServer\ExitGames-Photon-Server-SDK_v3-0-15-2544-RC7\deploy\bin_Win64\PhotonServer.config
5896: 15:02:15.326 - Will produce at most: 10 crash dumps
5896: 15:02:15.326 - Server Starting...
5896: 15:02:15.326 -    Tick count: 14043381 (wraps in: 49.5477 days)
5896: 15:02:15.326 - Tick count 64: 14043381
5896: 15:02:15.326 - Photon Version: 3.0.9.841
5896: 15:02:15.327 - Config File: C:\Santiago\Repo\QuizServer\ExitGames-Photon-Server-SDK_v3-0-15-2544-RC7\deploy\bin_Win64\PhotonServer.config
5896: 15:02:15.330 - Not using performance counters as they are not currently installed. Run the service with /InstallCounters to install them.
5896: 15:02:15.355 - About to load runtime: PhotonHostRuntime.PhotonDomainManager from PhotonHostRuntime, Culture=neutral, PublicKeyToken=02C301B61B060C4D
5896: 15:02:15.356 - About to load CLR - versions available:
5896: 15:02:15.356 - v2.0.50727
5896: 15:02:15.356 - v4.0.30319
5896: 15:02:15.356 - No preference in configuration file, will load latest.
5896: 15:02:15.356 - About to load version: "v4.0.30319"
5896: 15:02:15.361 - Loaded version: "v4.0.30319"
5896: 15:02:19.715 - Photon host runtime loaded
6264: 15:02:23.995 - Shutdown request from PhotonHostRuntime: On startup, license monitor must be available / reachable.
6264: 15:02:23.995 - Shutdown requested.
5896: 15:02:23.998 - License is valid.
5896: 15:02:23.998 - Licensed for unlimited concurrent connections.
5896: 15:02:23.998 - Max Reliable Data In Transit (awaiting ACKs) per peer : 16384 bytes
5896: 15:02:23.998 - Per peer bandwidth limit
5896: 15:02:23.998 - Transmit Rate Limit: 128 KB/Sec
5896: 15:02:23.998 - Limit period: 250ms
5896: 15:02:23.998 - Limit per period: 32768 bytes
5896: 15:02:23.998 - Max queued data for transmission per peer: 65536 bytes
5896: 15:02:23.998 - Minimum retransmit timeout: 200
5896: 15:02:23.998 - Minimum ENet timeout: 5000ms
5896: 15:02:23.998 - Maximum ENet timeout: 30000ms
5896: 15:02:23.998 - ENetHost: Using Timer Wheel
5896: 15:02:23.998 - About to load application: Lite from Lite
5896: 15:02:23.998 - Auto restart is enabled for application
5896: 15:02:23.998 - Application will restart 10000ms after the last change detected
5896: 15:02:23.999 - Application will restart if files matching the following are changed: "dll;config"
5896: 15:02:23.999 - Application will NOT restart if files matching the following are changed: "log4net.config"
5896: 15:02:29.006 - Application: "Lite" started in app domain: 2
5896: 15:02:29.006 - About to load application: LiteLobby from LiteLobby
5896: 15:02:29.006 - Auto restart is enabled for application
5896: 15:02:29.006 - Application will restart 10000ms after the last change detected
5896: 15:02:29.006 - Application will restart if files matching the following are changed: "dll;config"
5896: 15:02:29.006 - Application will NOT restart if files matching the following are changed: "log4net.config"
5896: 15:02:34.072 - Application: "LiteLobby" started in app domain: 3
5896: 15:02:34.072 - About to load application: MmoDemo from Photon.MmoDemo.Server
5896: 15:02:34.072 - Auto restart is enabled for application
5896: 15:02:34.072 - Application will restart 10000ms after the last change detected
5896: 15:02:34.072 - Application will restart if files matching the following are changed: "dll;config"
5896: 15:02:34.072 - Application will NOT restart if files matching the following are changed: "log4net.config"
5896: 15:02:39.694 - Application: "MmoDemo" started in app domain: 4
5896: 15:02:39.694 - About to load application: LiteWebSockets from Lite
5896: 15:02:44.621 - Application: "LiteWebSockets" started in app domain: 5
5896: 15:02:44.621 - About to load application: CounterPublisher from CounterPublisher
5896: 15:02:44.621 - Auto restart is enabled for application
5896: 15:02:44.621 - Application will restart 10000ms after the last change detected
5896: 15:02:44.621 - Application will restart if files matching the following are changed: "dll;config"
5896: 15:02:44.621 - Application will NOT restart if files matching the following are changed: "log4net.config"
5896: 15:02:49.294 - Application: "CounterPublisher" started in app domain: 6
5896: 15:02:49.294 - About to load application: Policy from Policy.Application
5896: 15:02:53.695 - Application: "Policy" started in app domain: 7
5896: 15:02:53.695 - Adding TCP listener on :0.0.0.0: 4530 with a listen backlog of: 150
5896: 15:02:53.695 - Nagle disabled
5896: 15:02:53.695 - TCP inactivity timeout: 5000ms
5896: 15:02:53.696 - UDP address specified as:0.0.0.0 adding listener to each available IPv4 address
5896: 15:02:53.739 - Adding UDP listener on :169.254.9.239: 5055 with a listen backlog of: 500
5896: 15:02:53.739 - Adding UDP listener on :127.0.0.1: 5055 with a listen backlog of: 500
5896: 15:02:53.739 - Adding TCP Policy listener on :0.0.0.0: 843 with a listen backlog of: 150 and routing to application: "Policy"
5896: 15:02:53.739 - TCP inactivity timeout: 5000ms
5896: 15:02:53.739 - Adding TCP Policy listener on :0.0.0.0: 943 with a listen backlog of: 150 and routing to application: "Policy"
5896: 15:02:53.739 - TCP inactivity timeout: 5000ms
5896: 15:02:53.739 - Adding WebSocket TCP listener on :0.0.0.0: 9090 with a listen backlog of: 150
5896: 15:02:53.739 - Nagle disabled
5896: 15:02:53.739 - TCP inactivity timeout: 100000ms
5896: 15:02:53.739 - Forcing all applications ids to: "LiteWebSockets"
5896: 15:03:14.230 - Service is running...
5896: 15:03:14.233 - Service is stopped...
5896: 15:03:14.233 - Server shutting down...
5896: 15:03:14.233 - Notifying CLR applications of shutdown...
5896: 15:03:14.249 - Shutting down TCP Outbound Connection Manager...
5896: 15:03:14.249 - Shutting down ENet host...
5896: 15:03:14.249 - Disconnecting all peers...
5896: 15:03:14.249 - Shutting down socket servers...
5896: 15:03:14.249 - Shutting down ENet thread pool...
5896: 15:03:14.250 - Shutting down TCP inactivity timers...
5896: 15:03:14.250 - WaitingForShutdownToComplete: TCP:0.0.0.0:4530
5896: 15:03:14.250 - OnShutdownCompleted: TCP:0.0.0.0:4530
5896: 15:03:14.250 - WaitingForShutdownToComplete: TCPPolicy:0.0.0.0:843
5896: 15:03:14.250 - OnShutdownCompleted: TCPPolicy:0.0.0.0:843
5896: 15:03:14.250 - WaitingForShutdownToComplete: TCPPolicy:0.0.0.0:943
5896: 15:03:14.250 - OnShutdownCompleted: TCPPolicy:0.0.0.0:943
5896: 15:03:14.250 - WaitingForShutdownToComplete: UDP:127.0.0.1:5055
5896: 15:03:14.250 - OnShutdownCompleted: UDP:127.0.0.1:5055
5896: 15:03:14.250 - WaitingForShutdownToComplete: UDP:169.254.9.239:5055
5896: 15:03:14.250 - OnShutdownCompleted: UDP:169.254.9.239:5055
5896: 15:03:14.250 - WaitingForShutdownToComplete: WebSocket:0.0.0.0:9090
5896: 15:03:14.250 - OnShutdownCompleted: WebSocket:0.0.0.0:9090
5896: 15:03:14.250 - Shutting down CLR applications...
5896: 15:03:14.264 - Shutting down business logic thread pool...
5896: 15:03:14.264 - Shutting down I/O thread pool...
5896: 15:03:14.265 - Flushing ENET buffer allocator...
5896: 15:03:14.265 - Flushing TCP buffer allocator...
5896: 15:03:14.266 - Flushing stream socket allocator...
5896: 15:03:14.266 - Flushing datagram socket allocator...
5896: 15:03:14.266 - Destroying ENet thread pool
5896: 15:03:14.266 - Destroying TCP inactivity timer
5896: 15:03:14.266 - Destroying Business logic thread pool
5896: 15:03:14.266 - Destroying servers
5896: 15:03:14.266 - Destroying TCP Outbound Connection Manager
5896: 15:03:14.266 - Destroying resolver
5896: 15:03:14.266 - Destroying TCP Proxy Connection Manager
5896: 15:03:14.266 - Destroying ENet host
5896: 15:03:14.266 - Destroying CLR dispatcher
5896: 15:03:14.266 - Destroying CLR applications
5896: 15:03:14.266 - ~CCLRApplicationCollection()
5896: 15:03:14.266 - ~CCLRApplicationCollection() - RemoveAllApplications complete
5896: 15:03:14.266 - ~CCLRApplicationCollection() - done
5896: 15:03:14.358 - Destroying I/O thread pool
5896: 15:03:14.358 - Destroying ENet buffer allocator
5896: 15:03:14.358 - Destroying TCP buffer allocator
5896: 15:03:14.358 - Destroying TCP socket allocator
5896: 15:03:14.358 - Destroying ENet socket allocator
5896: 15:03:14.358 - Destroying performance counters
5896: 15:03:14.358 - Shutdown complete...
8528: 15:03:30.252 - ---
8528: 15:03:30.252 - Service: "Photon Socket Server" starting
8528: 15:03:30.252 - Config File: C:\Santiago\Repo\QuizServer\ExitGames-Photon-Server-SDK_v3-0-15-2544-RC7\deploy\bin_Win64\PhotonServer.config
8528: 15:03:30.254 - Will produce at most: 10 crash dumps
8528: 15:03:30.255 - Server Starting...
8528: 15:03:30.255 -    Tick count: 14118308 (wraps in: 49.5469 days)
8528: 15:03:30.255 - Tick count 64: 14118308
8528: 15:03:30.255 - Photon Version: 3.0.9.841
8528: 15:03:30.255 - Config File: C:\Santiago\Repo\QuizServer\ExitGames-Photon-Server-SDK_v3-0-15-2544-RC7\deploy\bin_Win64\PhotonServer.config
8528: 15:03:30.257 - Not using performance counters as they are not currently installed. Run the service with /InstallCounters to install them.
8528: 15:03:30.275 - About to load runtime: PhotonHostRuntime.PhotonDomainManager from PhotonHostRuntime, Culture=neutral, PublicKeyToken=02C301B61B060C4D
8528: 15:03:30.276 - About to load CLR - versions available:
8528: 15:03:30.276 - v2.0.50727
8528: 15:03:30.276 - v4.0.30319
8528: 15:03:30.276 - No preference in configuration file, will load latest.
8528: 15:03:30.276 - About to load version: "v4.0.30319"
8528: 15:03:30.281 - Loaded version: "v4.0.30319"
8528: 15:03:36.276 - Photon host runtime loaded
8528: 15:03:40.248 - License is valid.
8528: 15:03:40.248 - Licensed for unlimited concurrent connections.
8528: 15:03:40.248 - Max Reliable Data In Transit (awaiting ACKs) per peer : 16384 bytes
8528: 15:03:40.248 - Per peer bandwidth limit
8528: 15:03:40.248 - Transmit Rate Limit: 128 KB/Sec
8528: 15:03:40.248 - Limit period: 250ms
8528: 15:03:40.248 - Limit per period: 32768 bytes
8528: 15:03:40.248 - Max queued data for transmission per peer: 65536 bytes
8528: 15:03:40.248 - Minimum retransmit timeout: 200
8528: 15:03:40.248 - Minimum ENet timeout: 5000ms
8528: 15:03:40.248 - Maximum ENet timeout: 30000ms
8528: 15:03:40.248 - ENetHost: Using Timer Wheel
8528: 15:03:40.248 - About to load application: Lite from Lite
8528: 15:03:40.248 - Auto restart is enabled for application
8528: 15:03:40.248 - Application will restart 10000ms after the last change detected
8528: 15:03:40.248 - Application will restart if files matching the following are changed: "dll;config"
8528: 15:03:40.248 - Application will NOT restart if files matching the following are changed: "log4net.config"
8540: 15:03:40.250 - Shutdown request from PhotonHostRuntime: On startup, license monitor must be available / reachable.
8540: 15:03:40.250 - Shutdown requested.
8528: 15:03:44.772 - Application: "Lite" started in app domain: 2
8528: 15:03:44.772 - About to load application: LiteLobby from LiteLobby
8528: 15:03:44.772 - Auto restart is enabled for application
8528: 15:03:44.772 - Application will restart 10000ms after the last change detected
8528: 15:03:44.772 - Application will restart if files matching the following are changed: "dll;config"
8528: 15:03:44.772 - Application will NOT restart if files matching the following are changed: "log4net.config"
8528: 15:03:48.858 - Application: "LiteLobby" started in app domain: 3
8528: 15:03:48.858 - About to load application: MmoDemo from Photon.MmoDemo.Server
8528: 15:03:48.858 - Auto restart is enabled for application
8528: 15:03:48.858 - Application will restart 10000ms after the last change detected
8528: 15:03:48.858 - Application will restart if files matching the following are changed: "dll;config"
8528: 15:03:48.858 - Application will NOT restart if files matching the following are changed: "log4net.config"
8528: 15:03:52.915 - Application: "MmoDemo" started in app domain: 4
8528: 15:03:52.915 - About to load application: LiteWebSockets from Lite
8528: 15:03:56.955 - Application: "LiteWebSockets" started in app domain: 5
8528: 15:03:56.955 - About to load application: CounterPublisher from CounterPublisher
8528: 15:03:56.955 - Auto restart is enabled for application
8528: 15:03:56.955 - Application will restart 10000ms after the last change detected
8528: 15:03:56.955 - Application will restart if files matching the following are changed: "dll;config"
8528: 15:03:56.955 - Application will NOT restart if files matching the following are changed: "log4net.config"
8528: 15:04:01.038 - Application: "CounterPublisher" started in app domain: 6
8528: 15:04:01.038 - About to load application: Policy from Policy.Application
8528: 15:04:05.118 - Application: "Policy" started in app domain: 7
8528: 15:04:05.118 - Adding TCP listener on :0.0.0.0: 4530 with a listen backlog of: 150
8528: 15:04:05.118 - Nagle disabled
8528: 15:04:05.118 - TCP inactivity timeout: 5000ms
8528: 15:04:05.118 - UDP address specified as:0.0.0.0 adding listener to each available IPv4 address
8528: 15:04:05.121 - Adding UDP listener on :169.254.9.239: 5055 with a listen backlog of: 500
8528: 15:04:05.121 - Adding UDP listener on :127.0.0.1: 5055 with a listen backlog of: 500
8528: 15:04:05.121 - Adding TCP Policy listener on :0.0.0.0: 843 with a listen backlog of: 150 and routing to application: "Policy"
8528: 15:04:05.121 - TCP inactivity timeout: 5000ms
8528: 15:04:05.121 - Adding TCP Policy listener on :0.0.0.0: 943 with a listen backlog of: 150 and routing to application: "Policy"
8528: 15:04:05.121 - TCP inactivity timeout: 5000ms
8528: 15:04:05.121 - Adding WebSocket TCP listener on :0.0.0.0: 9090 with a listen backlog of: 150
8528: 15:04:05.121 - Nagle disabled
8528: 15:04:05.121 - TCP inactivity timeout: 100000ms
8528: 15:04:05.121 - Forcing all applications ids to: "LiteWebSockets"
8528: 15:04:15.992 - Service is running...
8528: 15:04:15.995 - Service is stopped...
8528: 15:04:15.995 - Server shutting down...
8528: 15:04:15.995 - Notifying CLR applications of shutdown...
8528: 15:04:16.008 - Shutting down TCP Outbound Connection Manager...
8528: 15:04:16.008 - Shutting down ENet host...
8528: 15:04:16.009 - Disconnecting all peers...
8528: 15:04:16.009 - Shutting down socket servers...
8528: 15:04:16.009 - Shutting down ENet thread pool...
8528: 15:04:16.009 - Shutting down TCP inactivity timers...
8528: 15:04:16.009 - WaitingForShutdownToComplete: TCP:0.0.0.0:4530
8528: 15:04:16.009 - OnShutdownCompleted: TCP:0.0.0.0:4530
8528: 15:04:16.009 - WaitingForShutdownToComplete: TCPPolicy:0.0.0.0:843
8528: 15:04:16.009 - OnShutdownCompleted: TCPPolicy:0.0.0.0:843
8528: 15:04:16.009 - WaitingForShutdownToComplete: TCPPolicy:0.0.0.0:943
8528: 15:04:16.009 - OnShutdownCompleted: TCPPolicy:0.0.0.0:943
8528: 15:04:16.009 - WaitingForShutdownToComplete: UDP:127.0.0.1:5055
8528: 15:04:16.009 - OnShutdownCompleted: UDP:127.0.0.1:5055
8528: 15:04:16.009 - WaitingForShutdownToComplete: UDP:169.254.9.239:5055
8528: 15:04:16.009 - OnShutdownCompleted: UDP:169.254.9.239:5055
8528: 15:04:16.009 - WaitingForShutdownToComplete: WebSocket:0.0.0.0:9090
8528: 15:04:16.009 - OnShutdownCompleted: WebSocket:0.0.0.0:9090
8528: 15:04:16.009 - Shutting down CLR applications...
8528: 15:04:16.024 - Shutting down business logic thread pool...
8528: 15:04:16.028 - Shutting down I/O thread pool...
8528: 15:04:16.030 - Flushing ENET buffer allocator...
8528: 15:04:16.031 - Flushing TCP buffer allocator...
8528: 15:04:16.031 - Flushing stream socket allocator...
8528: 15:04:16.031 - Flushing datagram socket allocator...
8528: 15:04:16.032 - Destroying ENet thread pool
8528: 15:04:16.032 - Destroying TCP inactivity timer
8528: 15:04:16.032 - Destroying Business logic thread pool
8528: 15:04:16.032 - Destroying servers
8528: 15:04:16.032 - Destroying TCP Outbound Connection Manager
8528: 15:04:16.032 - Destroying resolver
8528: 15:04:16.032 - Destroying TCP Proxy Connection Manager
8528: 15:04:16.032 - Destroying ENet host
8528: 15:04:16.032 - Destroying CLR dispatcher
8528: 15:04:16.032 - Destroying CLR applications
8528: 15:04:16.032 - ~CCLRApplicationCollection()
8528: 15:04:16.032 - ~CCLRApplicationCollection() - RemoveAllApplications complete
8528: 15:04:16.032 - ~CCLRApplicationCollection() - done
8528: 15:04:16.118 - Destroying I/O thread pool
8528: 15:04:16.118 - Destroying ENet buffer allocator
8528: 15:04:16.118 - Destroying TCP buffer allocator
8528: 15:04:16.118 - Destroying TCP socket allocator
8528: 15:04:16.118 - Destroying ENet socket allocator
8528: 15:04:16.118 - Destroying performance counters
8528: 15:04:16.118 - Shutdown complete...
1900: 15:06:04.081 - ---
1900: 15:06:04.081 - Service: "Photon Socket Server" starting
1900: 15:06:04.081 - Config File: C:\Santiago\Repo\QuizServer\ExitGames-Photon-Server-SDK_v3-0-15-2544-RC7\deploy\bin_Win64\PhotonServer.config
1900: 15:06:04.084 - Will produce at most: 10 crash dumps
1900: 15:06:04.084 - Server Starting...
1900: 15:06:04.084 -    Tick count: 14272141 (wraps in: 49.5451 days)
1900: 15:06:04.084 - Tick count 64: 14272141
1900: 15:06:04.084 - Photon Version: 3.0.9.841
1900: 15:06:04.084 - Config File: C:\Santiago\Repo\QuizServer\ExitGames-Photon-Server-SDK_v3-0-15-2544-RC7\deploy\bin_Win64\PhotonServer.config
1900: 15:06:04.086 - Not using performance counters as they are not currently installed. Run the service with /InstallCounters to install them.
1900: 15:06:04.104 - About to load runtime: PhotonHostRuntime.PhotonDomainManager from PhotonHostRuntime, Culture=neutral, PublicKeyToken=02C301B61B060C4D
1900: 15:06:04.104 - About to load CLR - versions available:
1900: 15:06:04.104 - v2.0.50727
1900: 15:06:04.104 - v4.0.30319
1900: 15:06:04.104 - No preference in configuration file, will load latest.
1900: 15:06:04.104 - About to load version: "v4.0.30319"
1900: 15:06:04.109 - Loaded version: "v4.0.30319"
1900: 15:06:09.028 - Photon host runtime loaded
8276: 15:06:42.477 - Shutdown request from PhotonHostRuntime: On startup, license monitor must be available / reachable.
8276: 15:06:42.477 - Shutdown requested.
1900: 15:06:42.478 - License is valid.
1900: 15:06:42.479 - Licensed for unlimited concurrent connections.
1900: 15:06:42.479 - Max Reliable Data In Transit (awaiting ACKs) per peer : 16384 bytes
1900: 15:06:42.479 - Per peer bandwidth limit
1900: 15:06:42.479 - Transmit Rate Limit: 128 KB/Sec
1900: 15:06:42.479 - Limit period: 250ms
1900: 15:06:42.479 - Limit per period: 32768 bytes
1900: 15:06:42.479 - Max queued data for transmission per peer: 65536 bytes
1900: 15:06:42.479 - Minimum retransmit timeout: 200
1900: 15:06:42.479 - Minimum ENet timeout: 5000ms
1900: 15:06:42.479 - Maximum ENet timeout: 30000ms
1900: 15:06:42.479 - ENetHost: Using Timer Wheel
1900: 15:06:42.479 - About to load application: Lite from Lite
1900: 15:06:42.479 - Auto restart is enabled for application
1900: 15:06:42.479 - Application will restart 10000ms after the last change detected
1900: 15:06:42.479 - Application will restart if files matching the following are changed: "dll;config"
1900: 15:06:42.479 - Application will NOT restart if files matching the following are changed: "log4net.config"
1900: 15:06:49.246 - Application: "Lite" started in app domain: 2
1900: 15:06:49.246 - About to load application: LiteLobby from LiteLobby
1900: 15:06:49.246 - Auto restart is enabled for application
1900: 15:06:49.246 - Application will restart 10000ms after the last change detected
1900: 15:06:49.246 - Application will restart if files matching the following are changed: "dll;config"
1900: 15:06:49.246 - Application will NOT restart if files matching the following are changed: "log4net.config"
1900: 15:06:53.955 - Application: "LiteLobby" started in app domain: 3
1900: 15:06:53.955 - About to load application: MmoDemo from Photon.MmoDemo.Server
1900: 15:06:53.955 - Auto restart is enabled for application
1900: 15:06:53.955 - Application will restart 10000ms after the last change detected
1900: 15:06:53.955 - Application will restart if files matching the following are changed: "dll;config"
1900: 15:06:53.955 - Application will NOT restart if files matching the following are changed: "log4net.config"
1900: 15:06:58.736 - Application: "MmoDemo" started in app domain: 4
1900: 15:06:58.737 - About to load application: LiteWebSockets from Lite
1900: 15:07:02.969 - Application: "LiteWebSockets" started in app domain: 5
1900: 15:07:02.969 - About to load application: CounterPublisher from CounterPublisher
1900: 15:07:02.969 - Auto restart is enabled for application
1900: 15:07:02.969 - Application will restart 10000ms after the last change detected
1900: 15:07:02.969 - Application will restart if files matching the following are changed: "dll;config"
1900: 15:07:02.969 - Application will NOT restart if files matching the following are changed: "log4net.config"
1900: 15:07:07.220 - Application: "CounterPublisher" started in app domain: 6
1900: 15:07:07.220 - About to load application: Policy from Policy.Application
1900: 15:07:11.359 - Application: "Policy" started in app domain: 7
1900: 15:07:11.359 - Adding TCP listener on :0.0.0.0: 4530 with a listen backlog of: 150
1900: 15:07:11.359 - Nagle disabled
1900: 15:07:11.359 - TCP inactivity timeout: 5000ms
1900: 15:07:11.359 - UDP address specified as:0.0.0.0 adding listener to each available IPv4 address
1900: 15:07:11.362 - Adding UDP listener on :169.254.9.239: 5055 with a listen backlog of: 500
1900: 15:07:11.362 - Adding UDP listener on :127.0.0.1: 5055 with a listen backlog of: 500
1900: 15:07:11.362 - Adding TCP Policy listener on :0.0.0.0: 843 with a listen backlog of: 150 and routing to application: "Policy"
1900: 15:07:11.362 - TCP inactivity timeout: 5000ms
1900: 15:07:11.362 - Adding TCP Policy listener on :0.0.0.0: 943 with a listen backlog of: 150 and routing to application: "Policy"
1900: 15:07:11.362 - TCP inactivity timeout: 5000ms
1900: 15:07:11.362 - Adding WebSocket TCP listener on :0.0.0.0: 9090 with a listen backlog of: 150
1900: 15:07:11.362 - Nagle disabled
1900: 15:07:11.362 - TCP inactivity timeout: 100000ms
1900: 15:07:11.362 - Forcing all applications ids to: "LiteWebSockets"
1900: 15:07:22.875 - Service is running...
1900: 15:07:22.878 - Service is stopped...
1900: 15:07:22.878 - Server shutting down...
1900: 15:07:22.878 - Notifying CLR applications of shutdown...
1900: 15:07:22.891 - Shutting down TCP Outbound Connection Manager...
1900: 15:07:22.891 - Shutting down ENet host...
1900: 15:07:22.891 - Disconnecting all peers...
1900: 15:07:22.891 - Shutting down socket servers...
1900: 15:07:22.891 - Shutting down ENet thread pool...
1900: 15:07:22.891 - Shutting down TCP inactivity timers...
1900: 15:07:22.891 - WaitingForShutdownToComplete: TCP:0.0.0.0:4530
1900: 15:07:22.891 - OnShutdownCompleted: TCP:0.0.0.0:4530
1900: 15:07:22.891 - WaitingForShutdownToComplete: TCPPolicy:0.0.0.0:843
1900: 15:07:22.891 - OnShutdownCompleted: TCPPolicy:0.0.0.0:843
1900: 15:07:22.891 - WaitingForShutdownToComplete: TCPPolicy:0.0.0.0:943
1900: 15:07:22.891 - OnShutdownCompleted: TCPPolicy:0.0.0.0:943
1900: 15:07:22.891 - WaitingForShutdownToComplete: UDP:127.0.0.1:5055
1900: 15:07:22.891 - OnShutdownCompleted: UDP:127.0.0.1:5055
1900: 15:07:22.891 - WaitingForShutdownToComplete: UDP:169.254.9.239:5055
1900: 15:07:22.891 - OnShutdownCompleted: UDP:169.254.9.239:5055
1900: 15:07:22.891 - WaitingForShutdownToComplete: WebSocket:0.0.0.0:9090
1900: 15:07:22.891 - OnShutdownCompleted: WebSocket:0.0.0.0:9090
1900: 15:07:22.891 - Shutting down CLR applications...
1900: 15:07:22.906 - Shutting down business logic thread pool...
1900: 15:07:22.906 - Shutting down I/O thread pool...
1900: 15:07:22.906 - Flushing ENET buffer allocator...
1900: 15:07:22.907 - Flushing TCP buffer allocator...
1900: 15:07:22.907 - Flushing stream socket allocator...
1900: 15:07:22.908 - Flushing datagram socket allocator...
1900: 15:07:22.908 - Destroying ENet thread pool
1900: 15:07:22.908 - Destroying TCP inactivity timer
1900: 15:07:22.908 - Destroying Business logic thread pool
1900: 15:07:22.908 - Destroying servers
1900: 15:07:22.908 - Destroying TCP Outbound Connection Manager
1900: 15:07:22.908 - Destroying resolver
1900: 15:07:22.908 - Destroying TCP Proxy Connection Manager
1900: 15:07:22.908 - Destroying ENet host
1900: 15:07:22.908 - Destroying CLR dispatcher
1900: 15:07:22.908 - Destroying CLR applications
1900: 15:07:22.908 - ~CCLRApplicationCollection()
1900: 15:07:22.908 - ~CCLRApplicationCollection() - RemoveAllApplications complete
1900: 15:07:22.908 - ~CCLRApplicationCollection() - done
1900: 15:07:22.996 - Destroying I/O thread pool
1900: 15:07:22.996 - Destroying ENet buffer allocator
1900: 15:07:22.996 - Destroying TCP buffer allocator
1900: 15:07:22.996 - Destroying TCP socket allocator
1900: 15:07:22.996 - Destroying ENet socket allocator
1900: 15:07:22.996 - Destroying performance counters
1900: 15:07:22.996 - Shutdown complete...
