2012-01-12 11:35:09,162 [1] INFO  Photon.StarDust.Client.Program - Starting 25 games with 4 players
2012-01-12 11:35:10,232 [6] ERROR Photon.StarDust.Client.ClientConnection - 15688314: Connect() failed: System.Net.Sockets.SocketException (0x80004005): No connection could be made because the target machine actively refused it 127.0.0.1:4530
   at System.Net.Sockets.Socket.DoConnect(EndPoint endPointSnapshot, SocketAddress socketAddress)
   at System.Net.Sockets.Socket.Connect(EndPoint remoteEP)
   at ExitGames.Client.Photon.TConnect.StartConnection() 
2012-01-12 11:35:10,233 [6] WARN  Photon.StarDust.Client.ConnectionStates.Disconnected - 15688314: OnPeerStatusCallback - unexpected return code ExceptionOnConnect
2012-01-12 11:35:10,235 [6] ERROR ExitGames.Threading.FailSafeBatchExecutor - System.InvalidOperationException: connect failed
   at Photon.StarDust.Client.ClientConnection.Start()
   at Photon.StarDust.Client.Program.StartGame()
   at (Object )
   at ExitGames.Threading.FailSafeBatchExecutor.Execute(Action action)
2012-01-12 11:35:11,241 [6] ERROR Photon.StarDust.Client.ClientConnection - 14333193: Connect() failed: System.Net.Sockets.SocketException (0x80004005): No connection could be made because the target machine actively refused it 127.0.0.1:4530
   at System.Net.Sockets.Socket.DoConnect(EndPoint endPointSnapshot, SocketAddress socketAddress)
   at System.Net.Sockets.Socket.Connect(EndPoint remoteEP)
   at ExitGames.Client.Photon.TConnect.StartConnection() 
2012-01-12 11:35:11,242 [6] WARN  Photon.StarDust.Client.ConnectionStates.Disconnected - 14333193: OnPeerStatusCallback - unexpected return code ExceptionOnConnect
2012-01-12 11:35:11,242 [6] ERROR ExitGames.Threading.FailSafeBatchExecutor - System.InvalidOperationException: connect failed
   at Photon.StarDust.Client.ClientConnection.Start()
   at Photon.StarDust.Client.Program.StartGame()
   at (Object )
   at ExitGames.Threading.FailSafeBatchExecutor.Execute(Action action)
